{"meta": {"format": 3, "version": "7.13.4", "timestamp": "2026-04-10T12:02:35.444503", "branch_coverage": true, "show_contexts": false}, "files": {"app/api/__init__.py": {"executed_lines": [], "summary": {"covered_lines": 0, "num_statements": 0, "percent_covered": 100.0, "percent_covered_display": "100", "missing_lines": 0, "excluded_lines": 0, "percent_statements_covered": 100.0, "percent_statements_covered_display": "100", "num_branches": 0, "num_partial_branches": 0, "covered_branches": 0, "missing_branches": 0, "percent_branches_covered": 100.0, "percent_branches_covered_display": "100"}, "missing_lines": [], "excluded_lines": [], "executed_branches": [], "missing_branches": [], "functions": {"": {"executed_lines": [], "summary": {"covered_lines": 0, "num_statements": 0, "percent_covered": 100.0, "percent_covered_display": "100", "missing_lines": 0, "excluded_lines": 0, "percent_statements_covered": 100.0, "percent_statements_covered_display": "100", "num_branches": 0, "num_partial_branches": 0, "covered_branches": 0, "missing_branches": 0, "percent_branches_covered": 100.0, "percent_branches_covered_display": "100"}, "missing_lines": [], "excluded_lines": [], "start_line": 1, "executed_branches": [], "missing_branches": []}}, "classes": {"": {"executed_lines": [], "summary": {"covered_lines": 0, "num_statements": 0, "percent_covered": 100.0, "percent_covered_display": "100", "missing_lines": 0, "excluded_lines": 0, "percent_statements_covered": 100.0, "percent_statements_covered_display": "100", "num_branches": 0, "num_partial_branches": 0, "covered_branches": 0, "missing_branches": 0, "percent_branches_covered": 100.0, "percent_branches_covered_display": "100"}, "missing_lines": [], "excluded_lines": [], "start_line": 1, "executed_branches": [], "missing_branches": []}}}, "app/api/alignment.py": {"executed_lines": [1, 2, 3, 5, 6, 7, 8, 10, 11, 12, 13, 14, 15, 16, 18, 21, 22, 29, 34, 37, 38, 40, 41, 42, 46, 47, 48, 51, 52, 55, 62, 65, 67, 68, 69, 73, 75, 79, 80, 81, 86, 89, 90, 91, 93, 96, 97, 103, 106, 112], "summary": {"covered_lines": 50, "num_statements": 50, "percent_covered": 94.28571428571429, "percent_covered_display": "94", "missing_lines": 0, "excluded_lines": 0, "percent_statements_covered": 100.0, "percent_statements_covered_display": "100", "num_branches": 20, "num_partial_branches": 4, "covered_branches": 16, "missing_branches": 4, "percent_branches_covered": 80.0, "percent_branches_covered_display": "80"}, "missing_lines": [], "excluded_lines": [], "executed_branches": [[40, 41], [40, 51], [41, 42], [46, 47], [51, 52], [51, 55], [67, 68], [67, 89], [68, 69], [73, 67], [73, 75], [79, 80], [80, 67], [80, 81], [90, 91], [90, 93]], "missing_branches": [[41, 40], [46, 40], [68, 67], [79, 67]], "functions": {"check_alignment": {"executed_lines": [29, 34, 37, 38, 40, 41, 42, 46, 47, 48, 51, 52, 55, 62, 65, 67, 68, 69, 73, 75, 79, 80, 81, 86, 89, 90, 91, 93, 96, 97, 103, 106, 112], "summary": {"covered_lines": 33, "num_statements": 33, "percent_covered": 92.45283018867924, "percent_covered_display": "92", "missing_lines": 0, "excluded_lines": 0, "percent_statements_covered": 100.0, "percent_statements_covered_display": "100", "num_branches": 20, "num_partial_branches": 4, "covered_branches": 16, "missing_branches": 4, "percent_branches_covered": 80.0, "percent_branches_covered_display": "80"}, "missing_lines": [], "excluded_lines": [], "start_line": 22, "executed_branches": [[40, 41], [40, 51], [41, 42], [46, 47], [51, 52], [51, 55], [67, 68], [67, 89], [68, 69], [73, 67], [73, 75], [79, 80], [80, 67], [80, 81], [90, 91], [90, 93]], "missing_branches": [[41, 40], [46, 40], [68, 67], [79, 67]]}, "": {"executed_lines": [1, 2, 3, 5, 6, 7, 8, 10, 11, 12, 13, 14, 15, 16, 18, 21, 22], "summary": {"covered_lines": 17, "num_statements": 17, "percent_covered": 100.0, "percent_covered_display": "100", "missing_lines": 0, "excluded_lines": 0, "percent_statements_covered": 100.0, "percent_statements_covered_display": "100", "num_branches": 0, "num_partial_branches": 0, "covered_branches": 0, "missing_branches": 0, "percent_branches_covered": 100.0, "percent_branches_covered_display": "100"}, "missing_lines": [], "excluded_lines": [], "start_line": 1, "executed_branches": [], "missing_branches": []}}, "classes": {"": {"executed_lines": [1, 2, 3, 5, 6, 7, 8, 10, 11, 12, 13, 14, 15, 16, 18, 21, 22, 29, 34, 37, 38, 40, 41, 42, 46, 47, 48, 51, 52, 55, 62, 65, 67, 68, 69, 73, 75, 79, 80, 81, 86, 89, 90, 91, 93, 96, 97, 103, 106, 112], "summary": {"covered_lines": 50, "num_statements": 50, "percent_covered": 94.28571428571429, "percent_covered_display": "94", "missing_lines": 0, "excluded_lines": 0, "percent_statements_covered": 100.0, "percent_statements_covered_display": "100", "num_branches": 20, "num_partial_branches": 4, "covered_branches": 16, "missing_branches": 4, "percent_branches_covered": 80.0, "percent_branches_covered_display": "80"}, "missing_lines": [], "excluded_lines": [], "start_line": 1, "executed_branches": [[40, 41], [40, 51], [41, 42], [46, 47], [51, 52], [51, 55], [67, 68], [67, 89], [68, 69], [73, 67], [73, 75], [79, 80], [80, 67], [80, 81], [90, 91], [90, 93]], "missing_branches": [[41, 40], [46, 40], [68, 67], [79, 67]]}}}, "app/api/assistant.py": {"executed_lines": [1, 2, 3, 4, 5, 6, 8, 9, 10, 11, 12, 13, 14, 15, 21, 22, 24, 27, 28, 34, 39, 40, 41, 43, 52, 53, 59, 64, 66, 67, 69, 88, 89, 97, 102, 104, 105, 108, 115, 116, 119, 120, 127, 128, 137, 138, 139, 141, 143, 144, 145, 147, 148, 151, 162, 163, 164, 165, 170, 173, 182, 183, 184, 186, 196, 197, 198], "summary": {"covered_lines": 67, "num_statements": 67, "percent_covered": 98.7012987012987, "percent_covered_display": "99", "missing_lines": 0, "excluded_lines": 0, "percent_statements_covered": 100.0, "percent_statements_covered_display": "100", "num_branches": 10, "num_partial_branches": 1, "covered_branches": 9, "missing_branches": 1, "percent_branches_covered": 90.0, "percent_branches_covered_display": "90"}, "missing_lines": [], "excluded_lines": [], "executed_branches": [[66, 67], [66, 69], [104, 105], [104, 108], [141, 143], [141, 170], [143, 144], [143, 173], [147, 148]], "missing_branches": [[147, 143]], "functions": {"create_session": {"executed_lines": [34, 39, 40, 41, 43], "summary": {"covered_lines": 5, "num_statements": 5, "percent_covered": 100.0, "percent_covered_display": "100", "missing_lines": 0, "excluded_lines": 0, "percent_statements_covered": 100.0, "percent_statements_covered_display": "100", "num_branches": 0, "num_partial_branches": 0, "covered_branches": 0, "missing_branches": 0, "percent_branches_covered": 100.0, "percent_branches_covered_display": "100"}, "missing_lines": [], "excluded_lines": [], "start_line": 28, "executed_branches": [], "missing_branches": []}, "get_session": {"executed_lines": [59, 64, 66, 67, 69], "summary": {"covered_lines": 5, "num_statements": 5, "percent_covered": 100.0, "percent_covered_display": "100", "missing_lines": 0, "excluded_lines": 0, "percent_statements_covered": 100.0, "percent_statements_covered_display": "100", "num_branches": 2, "num_partial_branches": 0, "covered_branches": 2, "missing_branches": 0, "percent_branches_covered": 100.0, "percent_branches_covered_display": "100"}, "missing_lines": [], "excluded_lines": [], "start_line": 53, "executed_branches": [[66, 67], [66, 69]], "missing_branches": []}, "send_message": {"executed_lines": [97, 102, 104, 105, 108, 115, 116, 119, 120, 127, 128, 137, 138, 139, 141, 143, 144, 145, 147, 148, 151, 162, 163, 164, 165, 170, 173, 182, 183, 184, 186, 196, 197, 198], "summary": {"covered_lines": 34, "num_statements": 34, "percent_covered": 97.61904761904762, "percent_covered_display": "98", "missing_lines": 0, "excluded_lines": 0, "percent_statements_covered": 100.0, "percent_statements_covered_display": "100", "num_branches": 8, "num_partial_branches": 1, "covered_branches": 7, "missing_branches": 1, "percent_branches_covered": 87.5, "percent_branches_covered_display": "88"}, "missing_lines": [], "excluded_lines": [], "start_line": 89, "executed_branches": [[104, 105], [104, 108], [141, 143], [141, 170], [143, 144], [143, 173], [147, 148]], "missing_branches": [[147, 143]]}, "": {"executed_lines": [1, 2, 3, 4, 5, 6, 8, 9, 10, 11, 12, 13, 14, 15, 21, 22, 24, 27, 28, 52, 53, 88, 89], "summary": {"covered_lines": 23, "num_statements": 23, "percent_covered": 100.0, "percent_covered_display": "100", "missing_lines": 0, "excluded_lines": 0, "percent_statements_covered": 100.0, "percent_statements_covered_display": "100", "num_branches": 0, "num_partial_branches": 0, "covered_branches": 0, "missing_branches": 0, "percent_branches_covered": 100.0, "percent_branches_covered_display": "100"}, "missing_lines": [], "excluded_lines": [], "start_line": 1, "executed_branches": [], "missing_branches": []}}, "classes": {"": {"executed_lines": [1, 2, 3, 4, 5, 6, 8, 9, 10, 11, 12, 13, 14, 15, 21, 22, 24, 27, 28, 34, 39, 40, 41, 43, 52, 53, 59, 64, 66, 67, 69, 88, 89, 97, 102, 104, 105, 108, 115, 116, 119, 120, 127, 128, 137, 138, 139, 141, 143, 144, 145, 147, 148, 151, 162, 163, 164, 165, 170, 173, 182, 183, 184, 186, 196, 197, 198], "summary": {"covered_lines": 67, "num_statements": 67, "percent_covered": 98.7012987012987, "percent_covered_display": "99", "missing_lines": 0, "excluded_lines": 0, "percent_statements_covered": 100.0, "percent_statements_covered_display": "100", "num_branches": 10, "num_partial_branches": 1, "covered_branches": 9, "missing_branches": 1, "percent_branches_covered": 90.0, "percent_branches_covered_display": "90"}, "missing_lines": [], "excluded_lines": [], "start_line": 1, "executed_branches": [[66, 67], [66, 69], [104, 105], [104, 108], [141, 143], [141, 170], [143, 144], [143, 173], [147, 148]], "missing_branches": [[147, 143]]}}}, "app/api/auth.py": {"executed_lines": [1, 3, 4, 6, 7, 8, 9, 23, 24, 26, 29, 30, 35, 36, 43, 48, 49, 55, 56, 61, 62, 69, 74, 75, 81, 82, 87, 88, 91, 92, 97, 98, 106, 111, 112, 118, 119, 124, 125, 127, 131, 132, 138, 139, 144, 145, 146, 147, 148, 154, 155, 161, 162, 163, 165, 167, 174, 175, 181, 182, 183, 184, 185, 191, 192, 198, 199, 202, 203, 204, 210, 211, 217, 218, 219, 220, 221, 227, 228, 232, 233, 238, 239, 240, 241, 242, 243, 244, 245, 247, 250, 253, 255, 257, 258, 259, 262, 268, 271, 272, 275, 282, 284, 286], "summary": {"covered_lines": 104, "num_statements": 107, "percent_covered": 95.57522123893806, "percent_covered_display": "96", "missing_lines": 3, "excluded_lines": 0, "percent_statements_covered": 97.19626168224299, "percent_statements_covered_display": "97", "num_branches": 6, "num_partial_branches": 2, "covered_branches": 4, "missing_branches": 2, "percent_branches_covered": 66.66666666666667, "percent_branches_covered_display": "67"}, "missing_lines": [164, 291, 292], "excluded_lines": [], "executed_branches": [[163, 165], [232, 233], [232, 238], [255, 257]], "missing_branches": [[163, 164], [255, 271]], "functions": {"auth_google": {"executed_lines": [35, 36, 43, 48, 49], "summary": {"covered_lines": 5, "num_statements": 5, "percent_covered": 100.0, "percent_covered_display": "100", "missing_lines": 0, "excluded_lines": 0, "percent_statements_covered": 100.0, "percent_statements_covered_display": "100", "num_branches": 0, "num_partial_branches": 0, "covered_branches": 0, "missing_branches": 0, "percent_branches_covered": 100.0, "percent_branches_covered_display": "100"}, "missing_lines": [], "excluded_lines": [], "start_line": 30, "executed_branches": [], "missing_branches": []}, "auth_apple": {"executed_lines": [61, 62, 69, 74, 75], "summary": {"covered_lines": 5, "num_statements": 5, "percent_covered": 100.0, "percent_covered_display": "100", "missing_lines": 0, "excluded_lines": 0, "percent_statements_covered": 100.0, "percent_statements_covered_display": "100", "num_branches": 0, "num_partial_branches": 0, "covered_branches": 0, "missing_branches": 0, "percent_branches_covered": 100.0, "percent_branches_covered_display": "100"}, "missing_lines": [], "excluded_lines": [], "start_line": 56, "executed_branches": [], "missing_branches": []}, "request_magic_link": {"executed_lines": [87, 88], "summary": {"covered_lines": 2, "num_statements": 2, "percent_covered": 100.0, "percent_covered_display": "100", "missing_lines": 0, "excluded_lines": 0, "percent_statements_covered": 100.0, "percent_statements_covered_display": "100", "num_branches": 0, "num_partial_branches": 0, "covered_branches": 0, "missing_branches": 0, "percent_branches_covered": 100.0, "percent_branches_covered_display": "100"}, "missing_lines": [], "excluded_lines": [], "start_line": 82, "executed_branches": [], "missing_branches": []}, "verify_magic_link": {"executed_lines": [97, 98, 106, 111, 112], "summary": {"covered_lines": 5, "num_statements": 5, "percent_covered": 100.0, "percent_covered_display": "100", "missing_lines": 0, "excluded_lines": 0, "percent_statements_covered": 100.0, "percent_statements_covered_display": "100", "num_branches": 0, "num_partial_branches": 0, "covered_branches": 0, "missing_branches": 0, "percent_branches_covered": 100.0, "percent_branches_covered_display": "100"}, "missing_lines": [], "excluded_lines": [], "start_line": 92, "executed_branches": [], "missing_branches": []}, "refresh_token": {"executed_lines": [124, 125, 127, 131, 132], "summary": {"covered_lines": 5, "num_statements": 5, "percent_covered": 100.0, "percent_covered_display": "100", "missing_lines": 0, "excluded_lines": 0, "percent_statements_covered": 100.0, "percent_statements_covered_display": "100", "num_branches": 0, "num_partial_branches": 0, "covered_branches": 0, "missing_branches": 0, "percent_branches_covered": 100.0, "percent_branches_covered_display": "100"}, "missing_lines": [], "excluded_lines": [], "start_line": 119, "executed_branches": [], "missing_branches": []}, "logout": {"executed_lines": [144, 145, 146, 147, 148], "summary": {"covered_lines": 5, "num_statements": 5, "percent_covered": 100.0, "percent_covered_display": "100", "missing_lines": 0, "excluded_lines": 0, "percent_statements_covered": 100.0, "percent_statements_covered_display": "100", "num_branches": 0, "num_partial_branches": 0, "covered_branches": 0, "missing_branches": 0, "percent_branches_covered": 100.0, "percent_branches_covered_display": "100"}, "missing_lines": [], "excluded_lines": [], "start_line": 139, "executed_branches": [], "missing_branches": []}, "get_onboarding_status": {"executed_lines": [161, 162, 163, 165, 167], "summary": {"covered_lines": 5, "num_statements": 6, "percent_covered": 75.0, "percent_covered_display": "75", "missing_lines": 1, "excluded_lines": 0, "percent_statements_covered": 83.33333333333333, "percent_statements_covered_display": "83", "num_branches": 2, "num_partial_branches": 1, "covered_branches": 1, "missing_branches": 1, "percent_branches_covered": 50.0, "percent_branches_covered_display": "50"}, "missing_lines": [164], "excluded_lines": [], "start_line": 155, "executed_branches": [[163, 165]], "missing_branches": [[163, 164]]}, "set_display_name": {"executed_lines": [181, 182, 183, 184, 185], "summary": {"covered_lines": 5, "num_statements": 5, "percent_covered": 100.0, "percent_covered_display": "100", "missing_lines": 0, "excluded_lines": 0, "percent_statements_covered": 100.0, "percent_statements_covered_display": "100", "num_branches": 0, "num_partial_branches": 0, "covered_branches": 0, "missing_branches": 0, "percent_branches_covered": 100.0, "percent_branches_covered_display": "100"}, "missing_lines": [], "excluded_lines": [], "start_line": 175, "executed_branches": [], "missing_branches": []}, "update_primary_email": {"executed_lines": [198, 199, 202, 203, 204], "summary": {"covered_lines": 5, "num_statements": 5, "percent_covered": 100.0, "percent_covered_display": "100", "missing_lines": 0, "excluded_lines": 0, "percent_statements_covered": 100.0, "percent_statements_covered_display": "100", "num_branches": 0, "num_partial_branches": 0, "covered_branches": 0, "missing_branches": 0, "percent_branches_covered": 100.0, "percent_branches_covered_display": "100"}, "missing_lines": [], "excluded_lines": [], "start_line": 192, "executed_branches": [], "missing_branches": []}, "verify_onboarding_email": {"executed_lines": [217, 218, 219, 220, 221], "summary": {"covered_lines": 5, "num_statements": 5, "percent_covered": 100.0, "percent_covered_display": "100", "missing_lines": 0, "excluded_lines": 0, "percent_statements_covered": 100.0, "percent_statements_covered_display": "100", "num_branches": 0, "num_partial_branches": 0, "covered_branches": 0, "missing_branches": 0, "percent_branches_covered": 100.0, "percent_branches_covered_display": "100"}, "missing_lines": [], "excluded_lines": [], "start_line": 211, "executed_branches": [], "missing_branches": []}, "dev_login": {"executed_lines": [232, 233, 238, 239, 240, 241, 242, 243, 244, 245, 247, 250, 253, 255, 257, 258, 259, 262, 268, 271, 272, 275, 282, 284, 286], "summary": {"covered_lines": 25, "num_statements": 27, "percent_covered": 90.3225806451613, "percent_covered_display": "90", "missing_lines": 2, "excluded_lines": 0, "percent_statements_covered": 92.5925925925926, "percent_statements_covered_display": "93", "num_branches": 4, "num_partial_branches": 1, "covered_branches": 3, "missing_branches": 1, "percent_branches_covered": 75.0, "percent_branches_covered_display": "75"}, "missing_lines": [291, 292], "excluded_lines": [], "start_line": 228, "executed_branches": [[232, 233], [232, 238], [255, 257]], "missing_branches": [[255, 271]]}, "": {"executed_lines": [1, 3, 4, 6, 7, 8, 9, 23, 24, 26, 29, 30, 55, 56, 81, 82, 91, 92, 118, 119, 138, 139, 154, 155, 174, 175, 191, 192, 210, 211, 227, 228], "summary": {"covered_lines": 32, "num_statements": 32, "percent_covered": 100.0, "percent_covered_display": "100", "missing_lines": 0, "excluded_lines": 0, "percent_statements_covered": 100.0, "percent_statements_covered_display": "100", "num_branches": 0, "num_partial_branches": 0, "covered_branches": 0, "missing_branches": 0, "percent_branches_covered": 100.0, "percent_branches_covered_display": "100"}, "missing_lines": [], "excluded_lines": [], "start_line": 1, "executed_branches": [], "missing_branches": []}}, "classes": {"": {"executed_lines": [1, 3, 4, 6, 7, 8, 9, 23, 24, 26, 29, 30, 35, 36, 43, 48, 49, 55, 56, 61, 62, 69, 74, 75, 81, 82, 87, 88, 91, 92, 97, 98, 106, 111, 112, 118, 119, 124, 125, 127, 131, 132, 138, 139, 144, 145, 146, 147, 148, 154, 155, 161, 162, 163, 165, 167, 174, 175, 181, 182, 183, 184, 185, 191, 192, 198, 199, 202, 203, 204, 210, 211, 217, 218, 219, 220, 221, 227, 228, 232, 233, 238, 239, 240, 241, 242, 243, 244, 245, 247, 250, 253, 255, 257, 258, 259, 262, 268, 271, 272, 275, 282, 284, 286], "summary": {"covered_lines": 104, "num_statements": 107, "percent_covered": 95.57522123893806, "percent_covered_display": "96", "missing_lines": 3, "excluded_lines": 0, "percent_statements_covered": 97.19626168224299, "percent_statements_covered_display": "97", "num_branches": 6, "num_partial_branches": 2, "covered_branches": 4, "missing_branches": 2, "percent_branches_covered": 66.66666666666667, "percent_branches_covered_display": "67"}, "missing_lines": [164, 291, 292], "excluded_lines": [], "start_line": 1, "executed_branches": [[163, 165], [232, 233], [232, 238], [255, 257]], "missing_branches": [[163, 164], [255, 271]]}}}, "app/api/dependencies.py": {"executed_lines": [4, 6, 7, 8, 9, 11, 12, 13, 14, 15, 23, 31, 34, 40, 46, 47, 50, 53, 59, 62, 63, 64, 70, 79, 80, 83, 84, 87, 88, 103, 112, 113, 115, 116, 118, 120, 125, 126, 127, 129, 135, 136, 142, 143, 146, 151, 158, 160, 161, 162, 163, 164, 165, 166, 167, 169, 170, 173, 174, 177, 182, 188, 189, 190, 198, 203, 209, 210, 214, 215, 216, 217, 218, 222, 225, 230, 233, 234, 235, 241], "summary": {"covered_lines": 80, "num_statements": 80, "percent_covered": 100.0, "percent_covered_display": "100", "missing_lines": 0, "excluded_lines": 0, "percent_statements_covered": 100.0, "percent_statements_covered_display": "100", "num_branches": 24, "num_partial_branches": 0, "covered_branches": 24, "missing_branches": 0, "percent_branches_covered": 100.0, "percent_branches_covered_display": "100"}, "missing_lines": [], "excluded_lines": [], "executed_branches": [[50, 53], [50, 59], [62, 63], [62, 70], [112, 113], [112, 115], [115, 116], [115, 118], [118, 120], [118, 125], [160, 161], [160, 162], [162, 163], [162, 164], [164, 165], [164, 166], [166, 167], [166, 169], [209, 210], [209, 214], [222, 225], [222, 230], [233, 234], [233, 241]], "missing_branches": [], "functions": {"create_dependency_rule": {"executed_lines": [46, 47, 50, 53, 59, 62, 63, 64, 70, 79, 80, 83, 84], "summary": {"covered_lines": 13, "num_statements": 13, "percent_covered": 100.0, "percent_covered_display": "100", "missing_lines": 0, "excluded_lines": 0, "percent_statements_covered": 100.0, "percent_statements_covered_display": "100", "num_branches": 4, "num_partial_branches": 0, "covered_branches": 4, "missing_branches": 0, "percent_branches_covered": 100.0, "percent_branches_covered_display": "100"}, "missing_lines": [], "excluded_lines": [], "start_line": 40, "executed_branches": [[50, 53], [50, 59], [62, 63], [62, 70]], "missing_branches": []}, "list_dependency_rules": {"executed_lines": [103, 112, 113, 115, 116, 118, 120, 125, 126, 127, 129], "summary": {"covered_lines": 11, "num_statements": 11, "percent_covered": 100.0, "percent_covered_display": "100", "missing_lines": 0, "excluded_lines": 0, "percent_statements_covered": 100.0, "percent_statements_covered_display": "100", "num_branches": 6, "num_partial_branches": 0, "covered_branches": 6, "missing_branches": 0, "percent_branches_covered": 100.0, "percent_branches_covered_display": "100"}, "missing_lines": [], "excluded_lines": [], "start_line": 88, "executed_branches": [[112, 113], [112, 115], [115, 116], [115, 118], [118, 120], [118, 125]], "missing_branches": []}, "get_dependency_rule": {"executed_lines": [142, 143], "summary": {"covered_lines": 2, "num_statements": 2, "percent_covered": 100.0, "percent_covered_display": "100", "missing_lines": 0, "excluded_lines": 0, "percent_statements_covered": 100.0, "percent_statements_covered_display": "100", "num_branches": 0, "num_partial_branches": 0, "covered_branches": 0, "missing_branches": 0, "percent_branches_covered": 100.0, "percent_branches_covered_display": "100"}, "missing_lines": [], "excluded_lines": [], "start_line": 136, "executed_branches": [], "missing_branches": []}, "update_dependency_rule": {"executed_lines": [158, 160, 161, 162, 163, 164, 165, 166, 167, 169, 170, 173, 174], "summary": {"covered_lines": 13, "num_statements": 13, "percent_covered": 100.0, "percent_covered_display": "100", "missing_lines": 0, "excluded_lines": 0, "percent_statements_covered": 100.0, "percent_statements_covered_display": "100", "num_branches": 8, "num_partial_branches": 0, "covered_branches": 8, "missing_branches": 0, "percent_branches_covered": 100.0, "percent_branches_covered_display": "100"}, "missing_lines": [], "excluded_lines": [], "start_line": 151, "executed_branches": [[160, 161], [160, 162], [162, 163], [162, 164], [164, 165], [164, 166], [166, 167], [166, 169]], "missing_branches": []}, "delete_dependency_rule": {"executed_lines": [188, 189, 190], "summary": {"covered_lines": 3, "num_statements": 3, "percent_covered": 100.0, "percent_covered_display": "100", "missing_lines": 0, "excluded_lines": 0, "percent_statements_covered": 100.0, "percent_statements_covered_display": "100", "num_branches": 0, "num_partial_branches": 0, "covered_branches": 0, "missing_branches": 0, "percent_branches_covered": 100.0, "percent_branches_covered_display": "100"}, "missing_lines": [], "excluded_lines": [], "start_line": 182, "executed_branches": [], "missing_branches": []}, "validate_dependency": {"executed_lines": [209, 210, 214, 215, 216, 217, 218, 222, 225, 230, 233, 234, 235, 241], "summary": {"covered_lines": 14, "num_statements": 14, "percent_covered": 100.0, "percent_covered_display": "100", "missing_lines": 0, "excluded_lines": 0, "percent_statements_covered": 100.0, "percent_statements_covered_display": "100", "num_branches": 6, "num_partial_branches": 0, "covered_branches": 6, "missing_branches": 0, "percent_branches_covered": 100.0, "percent_branches_covered_display": "100"}, "missing_lines": [], "excluded_lines": [], "start_line": 203, "executed_branches": [[209, 210], [209, 214], [222, 225], [222, 230], [233, 234], [233, 241]], "missing_branches": []}, "": {"executed_lines": [4, 6, 7, 8, 9, 11, 12, 13, 14, 15, 23, 31, 34, 40, 87, 88, 135, 136, 146, 151, 177, 182, 198, 203], "summary": {"covered_lines": 24, "num_statements": 24, "percent_covered": 100.0, "percent_covered_display": "100", "missing_lines": 0, "excluded_lines": 0, "percent_statements_covered": 100.0, "percent_statements_covered_display": "100", "num_branches": 0, "num_partial_branches": 0, "covered_branches": 0, "missing_branches": 0, "percent_branches_covered": 100.0, "percent_branches_covered_display": "100"}, "missing_lines": [], "excluded_lines": [], "start_line": 1, "executed_branches": [], "missing_branches": []}}, "classes": {"": {"executed_lines": [4, 6, 7, 8, 9, 11, 12, 13, 14, 15, 23, 31, 34, 40, 46, 47, 50, 53, 59, 62, 63, 64, 70, 79, 80, 83, 84, 87, 88, 103, 112, 113, 115, 116, 118, 120, 125, 126, 127, 129, 135, 136, 142, 143, 146, 151, 158, 160, 161, 162, 163, 164, 165, 166, 167, 169, 170, 173, 174, 177, 182, 188, 189, 190, 198, 203, 209, 210, 214, 215, 216, 217, 218, 222, 225, 230, 233, 234, 235, 241], "summary": {"covered_lines": 80, "num_statements": 80, "percent_covered": 100.0, "percent_covered_display": "100", "missing_lines": 0, "excluded_lines": 0, "percent_statements_covered": 100.0, "percent_statements_covered_display": "100", "num_branches": 24, "num_partial_branches": 0, "covered_branches": 24, "missing_branches": 0, "percent_branches_covered": 100.0, "percent_branches_covered_display": "100"}, "missing_lines": [], "excluded_lines": [], "start_line": 1, "executed_branches": [[50, 53], [50, 59], [62, 63], [62, 70], [112, 113], [112, 115], [115, 116], [115, 118], [118, 120], [118, 125], [160, 161], [160, 162], [162, 163], [162, 164], [164, 165], [164, 166], [166, 167], [166, 169], [209, 210], [209, 214], [222, 225], [222, 230], [233, 234], [233, 241]], "missing_branches": []}}}, "app/api/discovery.py": {"executed_lines": [1, 2, 3, 4, 5, 7, 8, 9, 10, 20, 23, 29, 31, 34, 35, 40, 41, 42, 45, 48, 49, 52, 57, 58, 59, 60, 63, 72, 73, 76, 77, 81, 82, 84, 85, 86, 88, 89, 90, 91, 92, 95, 96, 102, 108, 111, 112, 113, 114, 116, 119, 120, 127, 133, 134, 136, 143, 144, 145, 148, 153, 154, 155, 156, 159, 160, 167, 174, 175, 176, 178, 179, 180, 181, 183, 184, 187, 192, 193, 194, 195, 198, 199, 205, 211, 212, 213, 215, 216, 217, 220, 221, 228, 231, 238, 248, 249, 253, 259, 262, 263, 264, 265, 267], "summary": {"covered_lines": 104, "num_statements": 105, "percent_covered": 97.6, "percent_covered_display": "98", "missing_lines": 1, "excluded_lines": 0, "percent_statements_covered": 99.04761904761905, "percent_statements_covered_display": "99", "num_branches": 20, "num_partial_branches": 2, "covered_branches": 18, "missing_branches": 2, "percent_branches_covered": 90.0, "percent_branches_covered_display": "90"}, "missing_lines": [30], "excluded_lines": [], "executed_branches": [[29, 31], [59, 60], [59, 63], [82, 84], [82, 86], [112, 113], [112, 116], [133, 134], [133, 136], [175, 176], [175, 178], [178, 179], [180, 181], [180, 183], [212, 213], [212, 215], [263, 264], [263, 267]], "missing_branches": [[29, 30], [178, 180]], "functions": {"strip_uuid_dashes": {"executed_lines": [29, 31], "summary": {"covered_lines": 2, "num_statements": 3, "percent_covered": 60.0, "percent_covered_display": "60", "missing_lines": 1, "excluded_lines": 0, "percent_statements_covered": 66.66666666666667, "percent_statements_covered_display": "67", "num_branches": 2, "num_partial_branches": 1, "covered_branches": 1, "missing_branches": 1, "percent_branches_covered": 50.0, "percent_branches_covered_display": "50"}, "missing_lines": [30], "excluded_lines": [], "start_line": 23, "executed_branches": [[29, 31]], "missing_branches": [[29, 30]]}, "get_discovery_prompts": {"executed_lines": [40, 41, 42, 45, 48, 49, 52, 57, 58, 59, 60, 63, 72, 73, 76, 77, 81, 82, 84, 85, 86, 88, 89, 90, 91, 92], "summary": {"covered_lines": 26, "num_statements": 26, "percent_covered": 100.0, "percent_covered_display": "100", "missing_lines": 0, "excluded_lines": 0, "percent_statements_covered": 100.0, "percent_statements_covered_display": "100", "num_branches": 4, "num_partial_branches": 0, "covered_branches": 4, "missing_branches": 0, "percent_branches_covered": 100.0, "percent_branches_covered_display": "100"}, "missing_lines": [], "excluded_lines": [], "start_line": 35, "executed_branches": [[59, 60], [59, 63], [82, 84], [82, 86]], "missing_branches": []}, "get_user_selections": {"executed_lines": [102, 108, 111, 112, 113, 114, 116], "summary": {"covered_lines": 7, "num_statements": 7, "percent_covered": 100.0, "percent_covered_display": "100", "missing_lines": 0, "excluded_lines": 0, "percent_statements_covered": 100.0, "percent_statements_covered_display": "100", "num_branches": 2, "num_partial_branches": 0, "covered_branches": 2, "missing_branches": 0, "percent_branches_covered": 100.0, "percent_branches_covered_display": "100"}, "missing_lines": [], "excluded_lines": [], "start_line": 96, "executed_branches": [[112, 113], [112, 116]], "missing_branches": []}, "create_selection": {"executed_lines": [127, 133, 134, 136, 143, 144, 145, 148, 153, 154, 155, 156], "summary": {"covered_lines": 12, "num_statements": 12, "percent_covered": 100.0, "percent_covered_display": "100", "missing_lines": 0, "excluded_lines": 0, "percent_statements_covered": 100.0, "percent_statements_covered_display": "100", "num_branches": 2, "num_partial_branches": 0, "covered_branches": 2, "missing_branches": 0, "percent_branches_covered": 100.0, "percent_branches_covered_display": "100"}, "missing_lines": [], "excluded_lines": [], "start_line": 120, "executed_branches": [[133, 134], [133, 136]], "missing_branches": []}, "update_selection": {"executed_lines": [167, 174, 175, 176, 178, 179, 180, 181, 183, 184, 187, 192, 193, 194, 195], "summary": {"covered_lines": 15, "num_statements": 15, "percent_covered": 95.23809523809524, "percent_covered_display": "95", "missing_lines": 0, "excluded_lines": 0, "percent_statements_covered": 100.0, "percent_statements_covered_display": "100", "num_branches": 6, "num_partial_branches": 1, "covered_branches": 5, "missing_branches": 1, "percent_branches_covered": 83.33333333333333, "percent_branches_covered_display": "83"}, "missing_lines": [], "excluded_lines": [], "start_line": 160, "executed_branches": [[175, 176], [175, 178], [178, 179], [180, 181], [180, 183]], "missing_branches": [[178, 180]]}, "delete_selection": {"executed_lines": [205, 211, 212, 213, 215, 216, 217], "summary": {"covered_lines": 7, "num_statements": 7, "percent_covered": 100.0, "percent_covered_display": "100", "missing_lines": 0, "excluded_lines": 0, "percent_statements_covered": 100.0, "percent_statements_covered_display": "100", "num_branches": 2, "num_partial_branches": 0, "covered_branches": 2, "missing_branches": 0, "percent_branches_covered": 100.0, "percent_branches_covered_display": "100"}, "missing_lines": [], "excluded_lines": [], "start_line": 199, "executed_branches": [[212, 213], [212, 215]], "missing_branches": []}, "bulk_update_selections": {"executed_lines": [228, 231, 238, 248, 249, 253, 259, 262, 263, 264, 265, 267], "summary": {"covered_lines": 12, "num_statements": 12, "percent_covered": 100.0, "percent_covered_display": "100", "missing_lines": 0, "excluded_lines": 0, "percent_statements_covered": 100.0, "percent_statements_covered_display": "100", "num_branches": 2, "num_partial_branches": 0, "covered_branches": 2, "missing_branches": 0, "percent_branches_covered": 100.0, "percent_branches_covered_display": "100"}, "missing_lines": [], "excluded_lines": [], "start_line": 221, "executed_branches": [[263, 264], [263, 267]], "missing_branches": []}, "": {"executed_lines": [1, 2, 3, 4, 5, 7, 8, 9, 10, 20, 23, 34, 35, 95, 96, 119, 120, 159, 160, 198, 199, 220, 221], "summary": {"covered_lines": 23, "num_statements": 23, "percent_covered": 100.0, "percent_covered_display": "100", "missing_lines": 0, "excluded_lines": 0, "percent_statements_covered": 100.0, "percent_statements_covered_display": "100", "num_branches": 0, "num_partial_branches": 0, "covered_branches": 0, "missing_branches": 0, "percent_branches_covered": 100.0, "percent_branches_covered_display": "100"}, "missing_lines": [], "excluded_lines": [], "start_line": 1, "executed_branches": [], "missing_branches": []}}, "classes": {"": {"executed_lines": [1, 2, 3, 4, 5, 7, 8, 9, 10, 20, 23, 29, 31, 34, 35, 40, 41, 42, 45, 48, 49, 52, 57, 58, 59, 60, 63, 72, 73, 76, 77, 81, 82, 84, 85, 86, 88, 89, 90, 91, 92, 95, 96, 102, 108, 111, 112, 113, 114, 116, 119, 120, 127, 133, 134, 136, 143, 144, 145, 148, 153, 154, 155, 156, 159, 160, 167, 174, 175, 176, 178, 179, 180, 181, 183, 184, 187, 192, 193, 194, 195, 198, 199, 205, 211, 212, 213, 215, 216, 217, 220, 221, 228, 231, 238, 248, 249, 253, 259, 262, 263, 264, 265, 267], "summary": {"covered_lines": 104, "num_statements": 105, "percent_covered": 97.6, "percent_covered_display": "98", "missing_lines": 1, "excluded_lines": 0, "percent_statements_covered": 99.04761904761905, "percent_statements_covered_display": "99", "num_branches": 20, "num_partial_branches": 2, "covered_branches": 18, "missing_branches": 2, "percent_branches_covered": 90.0, "percent_branches_covered_display": "90"}, "missing_lines": [30], "excluded_lines": [], "start_line": 1, "executed_branches": [[29, 31], [59, 60], [59, 63], [82, 84], [82, 86], [112, 113], [112, 116], [133, 134], [133, 136], [175, 176], [175, 178], [178, 179], [180, 181], [180, 183], [212, 213], [212, 215], [263, 264], [263, 267]], "missing_branches": [[29, 30], [178, 180]]}}}, "app/api/embeddings.py": {"executed_lines": [], "summary": {"covered_lines": 0, "num_statements": 0, "percent_covered": 100.0, "percent_covered_display": "100", "missing_lines": 0, "excluded_lines": 0, "percent_statements_covered": 100.0, "percent_statements_covered_display": "100", "num_branches": 0, "num_partial_branches": 0, "covered_branches": 0, "missing_branches": 0, "percent_branches_covered": 100.0, "percent_branches_covered_display": "100"}, "missing_lines": [], "excluded_lines": [], "executed_branches": [], "missing_branches": [], "functions": {"": {"executed_lines": [], "summary": {"covered_lines": 0, "num_statements": 0, "percent_covered": 100.0, "percent_covered_display": "100", "missing_lines": 0, "excluded_lines": 0, "percent_statements_covered": 100.0, "percent_statements_covered_display": "100", "num_branches": 0, "num_partial_branches": 0, "covered_branches": 0, "missing_branches": 0, "percent_branches_covered": 100.0, "percent_branches_covered_display": "100"}, "missing_lines": [], "excluded_lines": [], "start_line": 1, "executed_branches": [], "missing_branches": []}}, "classes": {"": {"executed_lines": [], "summary": {"covered_lines": 0, "num_statements": 0, "percent_covered": 100.0, "percent_covered_display": "100", "missing_lines": 0, "excluded_lines": 0, "percent_statements_covered": 100.0, "percent_statements_covered_display": "100", "num_branches": 0, "num_partial_branches": 0, "covered_branches": 0, "missing_branches": 0, "percent_branches_covered": 100.0, "percent_branches_covered_display": "100"}, "missing_lines": [], "excluded_lines": [], "start_line": 1, "executed_branches": [], "missing_branches": []}}}, "app/api/goals.py": {"executed_lines": [6, 8, 9, 11, 12, 13, 14, 15, 25, 41, 44, 50, 57, 58, 61, 69, 70, 73, 74, 76, 77, 78, 81, 82, 100, 109, 111, 117, 118, 124, 125, 128, 133, 139, 140, 143, 144, 151, 153, 154, 155, 157, 158, 159, 160, 161, 162, 163, 164, 165, 167, 168, 169, 170, 173, 178, 185, 186, 187, 188, 189, 190, 193, 198, 204, 205, 206, 209, 214, 221, 224, 225, 226, 229, 231, 232, 233, 236, 241, 248, 250, 251, 256, 258, 259, 260, 263, 268, 275, 276, 277, 279, 280, 283, 288, 294, 295, 296], "summary": {"covered_lines": 98, "num_statements": 98, "percent_covered": 100.0, "percent_covered_display": "100", "missing_lines": 0, "excluded_lines": 0, "percent_statements_covered": 100.0, "percent_statements_covered_display": "100", "num_branches": 18, "num_partial_branches": 0, "covered_branches": 18, "missing_branches": 0, "percent_branches_covered": 100.0, "percent_branches_covered_display": "100"}, "missing_lines": [], "excluded_lines": [], "executed_branches": [[57, 58], [57, 61], [73, 74], [73, 76], [153, 154], [153, 157], [157, 158], [157, 159], [159, 160], [159, 161], [161, 162], [161, 163], [163, 164], [163, 167], [224, 225], [224, 226], [250, 251], [250, 256]], "missing_branches": [], "functions": {"create_goal": {"executed_lines": [57, 58, 61, 69, 70, 73, 74, 76, 77, 78], "summary": {"covered_lines": 10, "num_statements": 10, "percent_covered": 100.0, "percent_covered_display": "100", "missing_lines": 0, "excluded_lines": 0, "percent_statements_covered": 100.0, "percent_statements_covered_display": "100", "num_branches": 4, "num_partial_branches": 0, "covered_branches": 4, "missing_branches": 0, "percent_branches_covered": 100.0, "percent_branches_covered_display": "100"}, "missing_lines": [], "excluded_lines": [], "start_line": 50, "executed_branches": [[57, 58], [57, 61], [73, 74], [73, 76]], "missing_branches": []}, "list_goals": {"executed_lines": [100, 109, 111], "summary": {"covered_lines": 3, "num_statements": 3, "percent_covered": 100.0, "percent_covered_display": "100", "missing_lines": 0, "excluded_lines": 0, "percent_statements_covered": 100.0, "percent_statements_covered_display": "100", "num_branches": 0, "num_partial_branches": 0, "covered_branches": 0, "missing_branches": 0, "percent_branches_covered": 100.0, "percent_branches_covered_display": "100"}, "missing_lines": [], "excluded_lines": [], "start_line": 82, "executed_branches": [], "missing_branches": []}, "get_goal": {"executed_lines": [124, 125], "summary": {"covered_lines": 2, "num_statements": 2, "percent_covered": 100.0, "percent_covered_display": "100", "missing_lines": 0, "excluded_lines": 0, "percent_statements_covered": 100.0, "percent_statements_covered_display": "100", "num_branches": 0, "num_partial_branches": 0, "covered_branches": 0, "missing_branches": 0, "percent_branches_covered": 100.0, "percent_branches_covered_display": "100"}, "missing_lines": [], "excluded_lines": [], "start_line": 118, "executed_branches": [], "missing_branches": []}, "get_goal_tree": {"executed_lines": [139, 140], "summary": {"covered_lines": 2, "num_statements": 2, "percent_covered": 100.0, "percent_covered_display": "100", "missing_lines": 0, "excluded_lines": 0, "percent_statements_covered": 100.0, "percent_statements_covered_display": "100", "num_branches": 0, "num_partial_branches": 0, "covered_branches": 0, "missing_branches": 0, "percent_branches_covered": 100.0, "percent_branches_covered_display": "100"}, "missing_lines": [], "excluded_lines": [], "start_line": 133, "executed_branches": [], "missing_branches": []}, "update_goal": {"executed_lines": [151, 153, 154, 155, 157, 158, 159, 160, 161, 162, 163, 164, 165, 167, 168, 169, 170], "summary": {"covered_lines": 17, "num_statements": 17, "percent_covered": 100.0, "percent_covered_display": "100", "missing_lines": 0, "excluded_lines": 0, "percent_statements_covered": 100.0, "percent_statements_covered_display": "100", "num_branches": 10, "num_partial_branches": 0, "covered_branches": 10, "missing_branches": 0, "percent_branches_covered": 100.0, "percent_branches_covered_display": "100"}, "missing_lines": [], "excluded_lines": [], "start_line": 144, "executed_branches": [[153, 154], [153, 157], [157, 158], [157, 159], [159, 160], [159, 161], [161, 162], [161, 163], [163, 164], [163, 167]], "missing_branches": []}, "update_goal_status": {"executed_lines": [185, 186, 187, 188, 189, 190], "summary": {"covered_lines": 6, "num_statements": 6, "percent_covered": 100.0, "percent_covered_display": "100", "missing_lines": 0, "excluded_lines": 0, "percent_statements_covered": 100.0, "percent_statements_covered_display": "100", "num_branches": 0, "num_partial_branches": 0, "covered_branches": 0, "missing_branches": 0, "percent_branches_covered": 100.0, "percent_branches_covered_display": "100"}, "missing_lines": [], "excluded_lines": [], "start_line": 178, "executed_branches": [], "missing_branches": []}, "delete_goal": {"executed_lines": [204, 205, 206], "summary": {"covered_lines": 3, "num_statements": 3, "percent_covered": 100.0, "percent_covered_display": "100", "missing_lines": 0, "excluded_lines": 0, "percent_statements_covered": 100.0, "percent_statements_covered_display": "100", "num_branches": 0, "num_partial_branches": 0, "covered_branches": 0, "missing_branches": 0, "percent_branches_covered": 100.0, "percent_branches_covered_display": "100"}, "missing_lines": [], "excluded_lines": [], "start_line": 198, "executed_branches": [], "missing_branches": []}, "set_goal_priorities": {"executed_lines": [221, 224, 225, 226, 229, 231, 232, 233], "summary": {"covered_lines": 8, "num_statements": 8, "percent_covered": 100.0, "percent_covered_display": "100", "missing_lines": 0, "excluded_lines": 0, "percent_statements_covered": 100.0, "percent_statements_covered_display": "100", "num_branches": 2, "num_partial_branches": 0, "covered_branches": 2, "missing_branches": 0, "percent_branches_covered": 100.0, "percent_branches_covered_display": "100"}, "missing_lines": [], "excluded_lines": [], "start_line": 214, "executed_branches": [[224, 225], [224, 226]], "missing_branches": []}, "add_goal_priority": {"executed_lines": [248, 250, 251, 256, 258, 259, 260], "summary": {"covered_lines": 7, "num_statements": 7, "percent_covered": 100.0, "percent_covered_display": "100", "missing_lines": 0, "excluded_lines": 0, "percent_statements_covered": 100.0, "percent_statements_covered_display": "100", "num_branches": 2, "num_partial_branches": 0, "covered_branches": 2, "missing_branches": 0, "percent_branches_covered": 100.0, "percent_branches_covered_display": "100"}, "missing_lines": [], "excluded_lines": [], "start_line": 241, "executed_branches": [[250, 251], [250, 256]], "missing_branches": []}, "remove_goal_priority": {"executed_lines": [275, 276, 277, 279, 280], "summary": {"covered_lines": 5, "num_statements": 5, "percent_covered": 100.0, "percent_covered_display": "100", "missing_lines": 0, "excluded_lines": 0, "percent_statements_covered": 100.0, "percent_statements_covered_display": "100", "num_branches": 0, "num_partial_branches": 0, "covered_branches": 0, "missing_branches": 0, "percent_branches_covered": 100.0, "percent_branches_covered_display": "100"}, "missing_lines": [], "excluded_lines": [], "start_line": 268, "executed_branches": [], "missing_branches": []}, "reschedule_goals": {"executed_lines": [294, 295, 296], "summary": {"covered_lines": 3, "num_statements": 3, "percent_covered": 100.0, "percent_covered_display": "100", "missing_lines": 0, "excluded_lines": 0, "percent_statements_covered": 100.0, "percent_statements_covered_display": "100", "num_branches": 0, "num_partial_branches": 0, "covered_branches": 0, "missing_branches": 0, "percent_branches_covered": 100.0, "percent_branches_covered_display": "100"}, "missing_lines": [], "excluded_lines": [], "start_line": 288, "executed_branches": [], "missing_branches": []}, "": {"executed_lines": [6, 8, 9, 11, 12, 13, 14, 15, 25, 41, 44, 50, 81, 82, 117, 118, 128, 133, 143, 144, 173, 178, 193, 198, 209, 214, 236, 241, 263, 268, 283, 288], "summary": {"covered_lines": 32, "num_statements": 32, "percent_covered": 100.0, "percent_covered_display": "100", "missing_lines": 0, "excluded_lines": 0, "percent_statements_covered": 100.0, "percent_statements_covered_display": "100", "num_branches": 0, "num_partial_branches": 0, "covered_branches": 0, "missing_branches": 0, "percent_branches_covered": 100.0, "percent_branches_covered_display": "100"}, "missing_lines": [], "excluded_lines": [], "start_line": 1, "executed_branches": [], "missing_branches": []}}, "classes": {"": {"executed_lines": [6, 8, 9, 11, 12, 13, 14, 15, 25, 41, 44, 50, 57, 58, 61, 69, 70, 73, 74, 76, 77, 78, 81, 82, 100, 109, 111, 117, 118, 124, 125, 128, 133, 139, 140, 143, 144, 151, 153, 154, 155, 157, 158, 159, 160, 161, 162, 163, 164, 165, 167, 168, 169, 170, 173, 178, 185, 186, 187, 188, 189, 190, 193, 198, 204, 205, 206, 209, 214, 221, 224, 225, 226, 229, 231, 232, 233, 236, 241, 248, 250, 251, 256, 258, 259, 260, 263, 268, 275, 276, 277, 279, 280, 283, 288, 294, 295, 296], "summary": {"covered_lines": 98, "num_statements": 98, "percent_covered": 100.0, "percent_covered_display": "100", "missing_lines": 0, "excluded_lines": 0, "percent_statements_covered": 100.0, "percent_statements_covered_display": "100", "num_branches": 18, "num_partial_branches": 0, "covered_branches": 18, "missing_branches": 0, "percent_branches_covered": 100.0, "percent_branches_covered_display": "100"}, "missing_lines": [], "excluded_lines": [], "start_line": 1, "executed_branches": [[57, 58], [57, 61], [73, 74], [73, 76], [153, 154], [153, 157], [157, 158], [157, 159], [159, 160], [159, 161], [161, 162], [161, 163], [163, 164], [163, 167], [224, 225], [224, 226], [250, 251], [250, 256]], "missing_branches": []}}}, "app/api/health.py": {"executed_lines": [1, 3, 6, 7, 9], "summary": {"covered_lines": 5, "num_statements": 5, "percent_covered": 100.0, "percent_covered_display": "100", "missing_lines": 0, "excluded_lines": 0, "percent_statements_covered": 100.0, "percent_statements_covered_display": "100", "num_branches": 0, "num_partial_branches": 0, "covered_branches": 0, "missing_branches": 0, "percent_branches_covered": 100.0, "percent_branches_covered_display": "100"}, "missing_lines": [], "excluded_lines": [], "executed_branches": [], "missing_branches": [], "functions": {"health_check": {"executed_lines": [9], "summary": {"covered_lines": 1, "num_statements": 1, "percent_covered": 100.0, "percent_covered_display": "100", "missing_lines": 0, "excluded_lines": 0, "percent_statements_covered": 100.0, "percent_statements_covered_display": "100", "num_branches": 0, "num_partial_branches": 0, "covered_branches": 0, "missing_branches": 0, "percent_branches_covered": 100.0, "percent_branches_covered_display": "100"}, "missing_lines": [], "excluded_lines": [], "start_line": 7, "executed_branches": [], "missing_branches": []}, "": {"executed_lines": [1, 3, 6, 7], "summary": {"covered_lines": 4, "num_statements": 4, "percent_covered": 100.0, "percent_covered_display": "100", "missing_lines": 0, "excluded_lines": 0, "percent_statements_covered": 100.0, "percent_statements_covered_display": "100", "num_branches": 0, "num_partial_branches": 0, "covered_branches": 0, "missing_branches": 0, "percent_branches_covered": 100.0, "percent_branches_covered_display": "100"}, "missing_lines": [], "excluded_lines": [], "start_line": 1, "executed_branches": [], "missing_branches": []}}, "classes": {"": {"executed_lines": [1, 3, 6, 7, 9], "summary": {"covered_lines": 5, "num_statements": 5, "percent_covered": 100.0, "percent_covered_display": "100", "missing_lines": 0, "excluded_lines": 0, "percent_statements_covered": 100.0, "percent_statements_covered_display": "100", "num_branches": 0, "num_partial_branches": 0, "covered_branches": 0, "missing_branches": 0, "percent_branches_covered": 100.0, "percent_branches_covered_display": "100"}, "missing_lines": [], "excluded_lines": [], "start_line": 1, "executed_branches": [], "missing_branches": []}}}, "app/api/helpers/__init__.py": {"executed_lines": [], "summary": {"covered_lines": 0, "num_statements": 0, "percent_covered": 100.0, "percent_covered_display": "100", "missing_lines": 0, "excluded_lines": 0, "percent_statements_covered": 100.0, "percent_statements_covered_display": "100", "num_branches": 0, "num_partial_branches": 0, "covered_branches": 0, "missing_branches": 0, "percent_branches_covered": 100.0, "percent_branches_covered_display": "100"}, "missing_lines": [], "excluded_lines": [], "executed_branches": [], "missing_branches": [], "functions": {"": {"executed_lines": [], "summary": {"covered_lines": 0, "num_statements": 0, "percent_covered": 100.0, "percent_covered_display": "100", "missing_lines": 0, "excluded_lines": 0, "percent_statements_covered": 100.0, "percent_statements_covered_display": "100", "num_branches": 0, "num_partial_branches": 0, "covered_branches": 0, "missing_branches": 0, "percent_branches_covered": 100.0, "percent_branches_covered_display": "100"}, "missing_lines": [], "excluded_lines": [], "start_line": 1, "executed_branches": [], "missing_branches": []}}, "classes": {"": {"executed_lines": [], "summary": {"covered_lines": 0, "num_statements": 0, "percent_covered": 100.0, "percent_covered_display": "100", "missing_lines": 0, "excluded_lines": 0, "percent_statements_covered": 100.0, "percent_statements_covered_display": "100", "num_branches": 0, "num_partial_branches": 0, "covered_branches": 0, "missing_branches": 0, "percent_branches_covered": 100.0, "percent_branches_covered_display": "100"}, "missing_lines": [], "excluded_lines": [], "start_line": 1, "executed_branches": [], "missing_branches": []}}}, "app/api/helpers/alignment_helpers.py": {"executed_lines": [6, 7, 8, 11, 21, 22, 24, 25, 26, 30, 31, 32, 34, 37, 48, 49, 50, 53, 63, 65, 66, 67, 71, 73, 77, 78, 79, 84, 86, 89, 105, 106, 110, 113, 125], "summary": {"covered_lines": 35, "num_statements": 35, "percent_covered": 100.0, "percent_covered_display": "100", "missing_lines": 0, "excluded_lines": 0, "percent_statements_covered": 100.0, "percent_statements_covered_display": "100", "num_branches": 18, "num_partial_branches": 0, "covered_branches": 18, "missing_branches": 0, "percent_branches_covered": 100.0, "percent_branches_covered_display": "100"}, "missing_lines": [], "excluded_lines": [], "executed_branches": [[24, 25], [24, 34], [25, 24], [25, 26], [30, 24], [30, 31], [48, 49], [48, 50], [65, 66], [65, 86], [66, 65], [66, 67], [71, 65], [71, 73], [77, 65], [77, 78], [78, 65], [78, 79]], "missing_branches": [], "functions": {"build_declared_distribution": {"executed_lines": [21, 22, 24, 25, 26, 30, 31, 32, 34], "summary": {"covered_lines": 9, "num_statements": 9, "percent_covered": 100.0, "percent_covered_display": "100", "missing_lines": 0, "excluded_lines": 0, "percent_statements_covered": 100.0, "percent_statements_covered_display": "100", "num_branches": 6, "num_partial_branches": 0, "covered_branches": 6, "missing_branches": 0, "percent_branches_covered": 100.0, "percent_branches_covered_display": "100"}, "missing_lines": [], "excluded_lines": [], "start_line": 11, "executed_branches": [[24, 25], [24, 34], [25, 24], [25, 26], [30, 24], [30, 31]], "missing_branches": []}, "normalize_weights": {"executed_lines": [48, 49, 50], "summary": {"covered_lines": 3, "num_statements": 3, "percent_covered": 100.0, "percent_covered_display": "100", "missing_lines": 0, "excluded_lines": 0, "percent_statements_covered": 100.0, "percent_statements_covered_display": "100", "num_branches": 2, "num_partial_branches": 0, "covered_branches": 2, "missing_branches": 0, "percent_branches_covered": 100.0, "percent_branches_covered_display": "100"}, "missing_lines": [], "excluded_lines": [], "start_line": 37, "executed_branches": [[48, 49], [48, 50]], "missing_branches": []}, "build_implied_distribution": {"executed_lines": [63, 65, 66, 67, 71, 73, 77, 78, 79, 84, 86], "summary": {"covered_lines": 11, "num_statements": 11, "percent_covered": 100.0, "percent_covered_display": "100", "missing_lines": 0, "excluded_lines": 0, "percent_statements_covered": 100.0, "percent_statements_covered_display": "100", "num_branches": 10, "num_partial_branches": 0, "covered_branches": 10, "missing_branches": 0, "percent_branches_covered": 100.0, "percent_branches_covered_display": "100"}, "missing_lines": [], "excluded_lines": [], "start_line": 53, "executed_branches": [[65, 66], [65, 86], [66, 65], [66, 67], [71, 65], [71, 73], [77, 65], [77, 78], [78, 65], [78, 79]], "missing_branches": []}, "compute_total_variation_distance": {"executed_lines": [105, 106, 110], "summary": {"covered_lines": 3, "num_statements": 3, "percent_covered": 100.0, "percent_covered_display": "100", "missing_lines": 0, "excluded_lines": 0, "percent_statements_covered": 100.0, "percent_statements_covered_display": "100", "num_branches": 0, "num_partial_branches": 0, "covered_branches": 0, "missing_branches": 0, "percent_branches_covered": 100.0, "percent_branches_covered_display": "100"}, "missing_lines": [], "excluded_lines": [], "start_line": 89, "executed_branches": [], "missing_branches": []}, "compute_alignment_fit": {"executed_lines": [125], "summary": {"covered_lines": 1, "num_statements": 1, "percent_covered": 100.0, "percent_covered_display": "100", "missing_lines": 0, "excluded_lines": 0, "percent_statements_covered": 100.0, "percent_statements_covered_display": "100", "num_branches": 0, "num_partial_branches": 0, "covered_branches": 0, "missing_branches": 0, "percent_branches_covered": 100.0, "percent_branches_covered_display": "100"}, "missing_lines": [], "excluded_lines": [], "start_line": 113, "executed_branches": [], "missing_branches": []}, "": {"executed_lines": [6, 7, 8, 11, 37, 53, 89, 113], "summary": {"covered_lines": 8, "num_statements": 8, "percent_covered": 100.0, "percent_covered_display": "100", "missing_lines": 0, "excluded_lines": 0, "percent_statements_covered": 100.0, "percent_statements_covered_display": "100", "num_branches": 0, "num_partial_branches": 0, "covered_branches": 0, "missing_branches": 0, "percent_branches_covered": 100.0, "percent_branches_covered_display": "100"}, "missing_lines": [], "excluded_lines": [], "start_line": 1, "executed_branches": [], "missing_branches": []}}, "classes": {"": {"executed_lines": [6, 7, 8, 11, 21, 22, 24, 25, 26, 30, 31, 32, 34, 37, 48, 49, 50, 53, 63, 65, 66, 67, 71, 73, 77, 78, 79, 84, 86, 89, 105, 106, 110, 113, 125], "summary": {"covered_lines": 35, "num_statements": 35, "percent_covered": 100.0, "percent_covered_display": "100", "missing_lines": 0, "excluded_lines": 0, "percent_statements_covered": 100.0, "percent_statements_covered_display": "100", "num_branches": 18, "num_partial_branches": 0, "covered_branches": 18, "missing_branches": 0, "percent_branches_covered": 100.0, "percent_branches_covered_display": "100"}, "missing_lines": [], "excluded_lines": [], "start_line": 1, "executed_branches": [[24, 25], [24, 34], [25, 24], [25, 26], [30, 24], [30, 31], [48, 49], [48, 50], [65, 66], [65, 86], [66, 65], [66, 67], [71, 65], [71, 73], [77, 65], [77, 78], [78, 65], [78, 79]], "missing_branches": []}}}, "app/api/helpers/completion_helpers.py": {"executed_lines": [7, 8, 9, 12, 13, 15, 16, 17, 18, 19, 20, 21, 22, 25, 27, 28, 29, 30, 31, 34, 44, 45, 46, 49, 63, 64, 67, 68, 69, 71, 72, 74, 77, 86, 87, 88, 89, 90, 93, 94, 95, 96, 97, 100, 110, 111, 112, 113, 114, 117, 118, 119, 122, 123, 124, 125, 126, 127, 130, 144, 146, 147, 148, 149, 150, 151, 153, 163, 166, 176, 177, 178], "summary": {"covered_lines": 72, "num_statements": 72, "percent_covered": 100.0, "percent_covered_display": "100", "missing_lines": 0, "excluded_lines": 0, "percent_statements_covered": 100.0, "percent_statements_covered_display": "100", "num_branches": 30, "num_partial_branches": 0, "covered_branches": 30, "missing_branches": 0, "percent_branches_covered": 100.0, "percent_branches_covered_display": "100"}, "missing_lines": [], "excluded_lines": [], "executed_branches": [[27, 28], [27, 29], [29, 30], [29, 31], [44, 45], [44, 46], [63, 64], [63, 67], [71, 72], [71, 74], [86, 87], [86, 88], [88, 89], [88, 90], [93, -77], [93, 94], [95, 96], [95, 97], [110, 111], [110, 112], [112, 113], [112, 114], [117, 118], [117, 119], [122, -100], [122, 123], [124, 125], [124, 126], [146, 147], [146, 163]], "missing_branches": [], "functions": {"ensure_timezone_aware": {"executed_lines": [27, 28, 29, 30, 31], "summary": {"covered_lines": 5, "num_statements": 5, "percent_covered": 100.0, "percent_covered_display": "100", "missing_lines": 0, "excluded_lines": 0, "percent_statements_covered": 100.0, "percent_statements_covered_display": "100", "num_branches": 4, "num_partial_branches": 0, "covered_branches": 4, "missing_branches": 0, "percent_branches_covered": 100.0, "percent_branches_covered_display": "100"}, "missing_lines": [], "excluded_lines": [], "start_line": 25, "executed_branches": [[27, 28], [27, 29], [29, 30], [29, 31]], "missing_branches": []}, "determine_date_key": {"executed_lines": [44, 45, 46], "summary": {"covered_lines": 3, "num_statements": 3, "percent_covered": 100.0, "percent_covered_display": "100", "missing_lines": 0, "excluded_lines": 0, "percent_statements_covered": 100.0, "percent_statements_covered_display": "100", "num_branches": 2, "num_partial_branches": 0, "covered_branches": 2, "missing_branches": 0, "percent_branches_covered": 100.0, "percent_branches_covered_display": "100"}, "missing_lines": [], "excluded_lines": [], "start_line": 34, "executed_branches": [[44, 45], [44, 46]], "missing_branches": []}, "process_completion_row": {"executed_lines": [63, 64, 67, 68, 69, 71, 72, 74], "summary": {"covered_lines": 8, "num_statements": 8, "percent_covered": 100.0, "percent_covered_display": "100", "missing_lines": 0, "excluded_lines": 0, "percent_statements_covered": 100.0, "percent_statements_covered_display": "100", "num_branches": 4, "num_partial_branches": 0, "covered_branches": 4, "missing_branches": 0, "percent_branches_covered": 100.0, "percent_branches_covered_display": "100"}, "missing_lines": [], "excluded_lines": [], "start_line": 49, "executed_branches": [[63, 64], [63, 67], [71, 72], [71, 74]], "missing_branches": []}, "_process_completion": {"executed_lines": [86, 87, 88, 89, 90, 93, 94, 95, 96, 97], "summary": {"covered_lines": 10, "num_statements": 10, "percent_covered": 100.0, "percent_covered_display": "100", "missing_lines": 0, "excluded_lines": 0, "percent_statements_covered": 100.0, "percent_statements_covered_display": "100", "num_branches": 8, "num_partial_branches": 0, "covered_branches": 8, "missing_branches": 0, "percent_branches_covered": 100.0, "percent_branches_covered_display": "100"}, "missing_lines": [], "excluded_lines": [], "start_line": 77, "executed_branches": [[86, 87], [86, 88], [88, 89], [88, 90], [93, -77], [93, 94], [95, 96], [95, 97]], "missing_branches": []}, "_process_skip": {"executed_lines": [110, 111, 112, 113, 114, 117, 118, 119, 122, 123, 124, 125, 126, 127], "summary": {"covered_lines": 14, "num_statements": 14, "percent_covered": 100.0, "percent_covered_display": "100", "missing_lines": 0, "excluded_lines": 0, "percent_statements_covered": 100.0, "percent_statements_covered_display": "100", "num_branches": 10, "num_partial_branches": 0, "covered_branches": 10, "missing_branches": 0, "percent_branches_covered": 100.0, "percent_branches_covered_display": "100"}, "missing_lines": [], "excluded_lines": [], "start_line": 100, "executed_branches": [[110, 111], [110, 112], [112, 113], [112, 114], [117, 118], [117, 119], [122, -100], [122, 123], [124, 125], [124, 126]], "missing_branches": []}, "process_all_completion_rows": {"executed_lines": [144, 146, 147, 148, 149, 150, 151, 153, 163], "summary": {"covered_lines": 9, "num_statements": 9, "percent_covered": 100.0, "percent_covered_display": "100", "missing_lines": 0, "excluded_lines": 0, "percent_statements_covered": 100.0, "percent_statements_covered_display": "100", "num_branches": 2, "num_partial_branches": 0, "covered_branches": 2, "missing_branches": 0, "percent_branches_covered": 100.0, "percent_branches_covered_display": "100"}, "missing_lines": [], "excluded_lines": [], "start_line": 130, "executed_branches": [[146, 147], [146, 163]], "missing_branches": []}, "count_task_statuses": {"executed_lines": [176, 177, 178], "summary": {"covered_lines": 3, "num_statements": 3, "percent_covered": 100.0, "percent_covered_display": "100", "missing_lines": 0, "excluded_lines": 0, "percent_statements_covered": 100.0, "percent_statements_covered_display": "100", "num_branches": 0, "num_partial_branches": 0, "covered_branches": 0, "missing_branches": 0, "percent_branches_covered": 100.0, "percent_branches_covered_display": "100"}, "missing_lines": [], "excluded_lines": [], "start_line": 166, "executed_branches": [], "missing_branches": []}, "": {"executed_lines": [7, 8, 9, 12, 13, 15, 16, 17, 18, 19, 20, 21, 22, 25, 34, 49, 77, 100, 130, 166], "summary": {"covered_lines": 20, "num_statements": 20, "percent_covered": 100.0, "percent_covered_display": "100", "missing_lines": 0, "excluded_lines": 0, "percent_statements_covered": 100.0, "percent_statements_covered_display": "100", "num_branches": 0, "num_partial_branches": 0, "covered_branches": 0, "missing_branches": 0, "percent_branches_covered": 100.0, "percent_branches_covered_display": "100"}, "missing_lines": [], "excluded_lines": [], "start_line": 1, "executed_branches": [], "missing_branches": []}}, "classes": {"CompletionDataMaps": {"executed_lines": [], "summary": {"covered_lines": 0, "num_statements": 0, "percent_covered": 100.0, "percent_covered_display": "100", "missing_lines": 0, "excluded_lines": 0, "percent_statements_covered": 100.0, "percent_statements_covered_display": "100", "num_branches": 0, "num_partial_branches": 0, "covered_branches": 0, "missing_branches": 0, "percent_branches_covered": 100.0, "percent_branches_covered_display": "100"}, "missing_lines": [], "excluded_lines": [], "start_line": 13, "executed_branches": [], "missing_branches": []}, "": {"executed_lines": [7, 8, 9, 12, 13, 15, 16, 17, 18, 19, 20, 21, 22, 25, 27, 28, 29, 30, 31, 34, 44, 45, 46, 49, 63, 64, 67, 68, 69, 71, 72, 74, 77, 86, 87, 88, 89, 90, 93, 94, 95, 96, 97, 100, 110, 111, 112, 113, 114, 117, 118, 119, 122, 123, 124, 125, 126, 127, 130, 144, 146, 147, 148, 149, 150, 151, 153, 163, 166, 176, 177, 178], "summary": {"covered_lines": 72, "num_statements": 72, "percent_covered": 100.0, "percent_covered_display": "100", "missing_lines": 0, "excluded_lines": 0, "percent_statements_covered": 100.0, "percent_statements_covered_display": "100", "num_branches": 30, "num_partial_branches": 0, "covered_branches": 30, "missing_branches": 0, "percent_branches_covered": 100.0, "percent_branches_covered_display": "100"}, "missing_lines": [], "excluded_lines": [], "start_line": 1, "executed_branches": [[27, 28], [27, 29], [29, 30], [29, 31], [44, 45], [44, 46], [63, 64], [63, 67], [71, 72], [71, 74], [86, 87], [86, 88], [88, 89], [88, 90], [93, -77], [93, 94], [95, 96], [95, 97], [110, 111], [110, 112], [112, 113], [112, 114], [117, 118], [117, 119], [122, -100], [122, 123], [124, 125], [124, 126], [146, 147], [146, 163]], "missing_branches": []}}}, "app/api/helpers/dependency_helpers.py": {"executed_lines": [4, 5, 6, 7, 9, 10, 11, 14, 18, 26, 27, 28, 29, 30, 33, 37, 38, 39, 40, 41, 42, 45, 49, 53, 54, 57, 64, 65, 66, 69, 70, 71, 72, 73, 76, 77, 78, 80, 81, 83, 84, 85, 86, 87, 89, 90, 91, 92, 93, 94, 95, 97, 98, 99, 101, 104, 106, 107, 108, 115, 116, 117, 124], "summary": {"covered_lines": 63, "num_statements": 64, "percent_covered": 96.5909090909091, "percent_covered_display": "97", "missing_lines": 1, "excluded_lines": 0, "percent_statements_covered": 98.4375, "percent_statements_covered_display": "98", "num_branches": 24, "num_partial_branches": 2, "covered_branches": 22, "missing_branches": 2, "percent_branches_covered": 91.66666666666667, "percent_branches_covered_display": "92"}, "missing_lines": [88], "excluded_lines": [], "executed_branches": [[28, 29], [28, 30], [40, 41], [40, 42], [70, 71], [70, 76], [71, 72], [76, 77], [76, 78], [84, 85], [84, 87], [87, 89], [91, 92], [91, 94], [92, 91], [92, 93], [97, 98], [97, 101], [107, 108], [107, 115], [116, 117], [116, 124]], "missing_branches": [[71, 73], [87, 88]], "functions": {"get_rule_or_404": {"executed_lines": [18, 26, 27, 28, 29, 30], "summary": {"covered_lines": 6, "num_statements": 6, "percent_covered": 100.0, "percent_covered_display": "100", "missing_lines": 0, "excluded_lines": 0, "percent_statements_covered": 100.0, "percent_statements_covered_display": "100", "num_branches": 2, "num_partial_branches": 0, "covered_branches": 2, "missing_branches": 0, "percent_branches_covered": 100.0, "percent_branches_covered_display": "100"}, "missing_lines": [], "excluded_lines": [], "start_line": 14, "executed_branches": [[28, 29], [28, 30]], "missing_branches": []}, "get_task_or_404_for_dep": {"executed_lines": [37, 38, 39, 40, 41, 42], "summary": {"covered_lines": 6, "num_statements": 6, "percent_covered": 100.0, "percent_covered_display": "100", "missing_lines": 0, "excluded_lines": 0, "percent_statements_covered": 100.0, "percent_statements_covered_display": "100", "num_branches": 2, "num_partial_branches": 0, "covered_branches": 2, "missing_branches": 0, "percent_branches_covered": 100.0, "percent_branches_covered_display": "100"}, "missing_lines": [], "excluded_lines": [], "start_line": 33, "executed_branches": [[40, 41], [40, 42]], "missing_branches": []}, "check_rule_exists": {"executed_lines": [49, 53, 54], "summary": {"covered_lines": 3, "num_statements": 3, "percent_covered": 100.0, "percent_covered_display": "100", "missing_lines": 0, "excluded_lines": 0, "percent_statements_covered": 100.0, "percent_statements_covered_display": "100", "num_branches": 0, "num_partial_branches": 0, "covered_branches": 0, "missing_branches": 0, "percent_branches_covered": 100.0, "percent_branches_covered_display": "100"}, "missing_lines": [], "excluded_lines": [], "start_line": 45, "executed_branches": [], "missing_branches": []}, "detect_cycle": {"executed_lines": [64, 65, 66, 69, 70, 71, 72, 73, 76, 77, 78, 80, 81, 83, 97, 98, 99, 101], "summary": {"covered_lines": 18, "num_statements": 18, "percent_covered": 96.15384615384616, "percent_covered_display": "96", "missing_lines": 0, "excluded_lines": 0, "percent_statements_covered": 100.0, "percent_statements_covered_display": "100", "num_branches": 8, "num_partial_branches": 1, "covered_branches": 7, "missing_branches": 1, "percent_branches_covered": 87.5, "percent_branches_covered_display": "88"}, "missing_lines": [], "excluded_lines": [], "start_line": 57, "executed_branches": [[70, 71], [70, 76], [71, 72], [76, 77], [76, 78], [97, 98], [97, 101]], "missing_branches": [[71, 73]]}, "detect_cycle.dfs": {"executed_lines": [84, 85, 86, 87, 89, 90, 91, 92, 93, 94, 95], "summary": {"covered_lines": 11, "num_statements": 12, "percent_covered": 90.0, "percent_covered_display": "90", "missing_lines": 1, "excluded_lines": 0, "percent_statements_covered": 91.66666666666667, "percent_statements_covered_display": "92", "num_branches": 8, "num_partial_branches": 1, "covered_branches": 7, "missing_branches": 1, "percent_branches_covered": 87.5, "percent_branches_covered_display": "88"}, "missing_lines": [88], "excluded_lines": [], "start_line": 83, "executed_branches": [[84, 85], [84, 87], [87, 89], [91, 92], [91, 94], [92, 91], [92, 93]], "missing_branches": [[87, 88]]}, "rule_to_response": {"executed_lines": [106, 107, 108, 115, 116, 117, 124], "summary": {"covered_lines": 7, "num_statements": 7, "percent_covered": 100.0, "percent_covered_display": "100", "missing_lines": 0, "excluded_lines": 0, "percent_statements_covered": 100.0, "percent_statements_covered_display": "100", "num_branches": 4, "num_partial_branches": 0, "covered_branches": 4, "missing_branches": 0, "percent_branches_covered": 100.0, "percent_branches_covered_display": "100"}, "missing_lines": [], "excluded_lines": [], "start_line": 104, "executed_branches": [[107, 108], [107, 115], [116, 117], [116, 124]], "missing_branches": []}, "": {"executed_lines": [4, 5, 6, 7, 9, 10, 11, 14, 33, 45, 57, 104], "summary": {"covered_lines": 12, "num_statements": 12, "percent_covered": 100.0, "percent_covered_display": "100", "missing_lines": 0, "excluded_lines": 0, "percent_statements_covered": 100.0, "percent_statements_covered_display": "100", "num_branches": 0, "num_partial_branches": 0, "covered_branches": 0, "missing_branches": 0, "percent_branches_covered": 100.0, "percent_branches_covered_display": "100"}, "missing_lines": [], "excluded_lines": [], "start_line": 1, "executed_branches": [], "missing_branches": []}}, "classes": {"": {"executed_lines": [4, 5, 6, 7, 9, 10, 11, 14, 18, 26, 27, 28, 29, 30, 33, 37, 38, 39, 40, 41, 42, 45, 49, 53, 54, 57, 64, 65, 66, 69, 70, 71, 72, 73, 76, 77, 78, 80, 81, 83, 84, 85, 86, 87, 89, 90, 91, 92, 93, 94, 95, 97, 98, 99, 101, 104, 106, 107, 108, 115, 116, 117, 124], "summary": {"covered_lines": 63, "num_statements": 64, "percent_covered": 96.5909090909091, "percent_covered_display": "97", "missing_lines": 1, "excluded_lines": 0, "percent_statements_covered": 98.4375, "percent_statements_covered_display": "98", "num_branches": 24, "num_partial_branches": 2, "covered_branches": 22, "missing_branches": 2, "percent_branches_covered": 91.66666666666667, "percent_branches_covered_display": "92"}, "missing_lines": [88], "excluded_lines": [], "start_line": 1, "executed_branches": [[28, 29], [28, 30], [40, 41], [40, 42], [70, 71], [70, 76], [71, 72], [76, 77], [76, 78], [84, 85], [84, 87], [87, 89], [91, 92], [91, 94], [92, 91], [92, 93], [97, 98], [97, 101], [107, 108], [107, 115], [116, 117], [116, 124]], "missing_branches": [[71, 73], [87, 88]]}}}, "app/api/helpers/goal_helpers.py": {"executed_lines": [4, 6, 7, 8, 9, 11, 12, 15, 19, 28, 29, 30, 34, 37, 39, 49, 52, 54, 55, 56, 57, 64, 65, 72, 75, 77, 96, 98, 118, 122, 123, 128, 129, 130, 134, 135, 138, 140, 147, 150, 154, 160, 163, 167, 173, 174, 175, 179, 182, 185, 187, 188, 194, 196, 197, 198, 199, 200, 203, 207, 208, 209, 213, 216, 223, 224, 225, 226, 227, 228, 230, 232, 233, 234, 235, 236, 239, 243, 253, 254, 255, 258, 268, 278, 279, 281, 282, 284, 285, 287, 288, 289, 294, 295, 299, 301, 302], "summary": {"covered_lines": 97, "num_statements": 97, "percent_covered": 98.51851851851852, "percent_covered_display": "99", "missing_lines": 0, "excluded_lines": 0, "percent_statements_covered": 100.0, "percent_statements_covered_display": "100", "num_branches": 38, "num_partial_branches": 2, "covered_branches": 36, "missing_branches": 2, "percent_branches_covered": 94.73684210526316, "percent_branches_covered_display": "95"}, "missing_lines": [], "excluded_lines": [], "executed_branches": [[29, 30], [29, 34], [55, 56], [55, 72], [56, 57], [56, 64], [64, 55], [64, 65], [122, -118], [122, 123], [129, 130], [129, 134], [174, 175], [174, 179], [187, -185], [187, 188], [197, 198], [197, 199], [199, 200], [207, 208], [208, 209], [208, 213], [224, 225], [224, 230], [233, 234], [233, 236], [278, 279], [278, 281], [281, 282], [281, 284], [284, 285], [284, 287], [287, 288], [287, 294], [294, 295], [294, 299]], "missing_branches": [[199, -194], [207, -203]], "functions": {"get_goal_or_404": {"executed_lines": [19, 28, 29, 30, 34], "summary": {"covered_lines": 5, "num_statements": 5, "percent_covered": 100.0, "percent_covered_display": "100", "missing_lines": 0, "excluded_lines": 0, "percent_statements_covered": 100.0, "percent_statements_covered_display": "100", "num_branches": 2, "num_partial_branches": 0, "covered_branches": 2, "missing_branches": 0, "percent_branches_covered": 100.0, "percent_branches_covered_display": "100"}, "missing_lines": [], "excluded_lines": [], "start_line": 15, "executed_branches": [[29, 30], [29, 34]], "missing_branches": []}, "reload_goal_with_eager_loading": {"executed_lines": [39, 49], "summary": {"covered_lines": 2, "num_statements": 2, "percent_covered": 100.0, "percent_covered_display": "100", "missing_lines": 0, "excluded_lines": 0, "percent_statements_covered": 100.0, "percent_statements_covered_display": "100", "num_branches": 0, "num_partial_branches": 0, "covered_branches": 0, "missing_branches": 0, "percent_branches_covered": 100.0, "percent_branches_covered_display": "100"}, "missing_lines": [], "excluded_lines": [], "start_line": 37, "executed_branches": [], "missing_branches": []}, "_extract_priorities_from_goal": {"executed_lines": [54, 55, 56, 57, 64, 65, 72], "summary": {"covered_lines": 7, "num_statements": 7, "percent_covered": 100.0, "percent_covered_display": "100", "missing_lines": 0, "excluded_lines": 0, "percent_statements_covered": 100.0, "percent_statements_covered_display": "100", "num_branches": 6, "num_partial_branches": 0, "covered_branches": 6, "missing_branches": 0, "percent_branches_covered": 100.0, "percent_branches_covered_display": "100"}, "missing_lines": [], "excluded_lines": [], "start_line": 52, "executed_branches": [[55, 56], [55, 72], [56, 57], [56, 64], [64, 55], [64, 65]], "missing_branches": []}, "goal_to_response": {"executed_lines": [77], "summary": {"covered_lines": 1, "num_statements": 1, "percent_covered": 100.0, "percent_covered_display": "100", "missing_lines": 0, "excluded_lines": 0, "percent_statements_covered": 100.0, "percent_statements_covered_display": "100", "num_branches": 0, "num_partial_branches": 0, "covered_branches": 0, "missing_branches": 0, "percent_branches_covered": 100.0, "percent_branches_covered_display": "100"}, "missing_lines": [], "excluded_lines": [], "start_line": 75, "executed_branches": [], "missing_branches": []}, "goal_to_tree_response": {"executed_lines": [98], "summary": {"covered_lines": 1, "num_statements": 1, "percent_covered": 100.0, "percent_covered_display": "100", "missing_lines": 0, "excluded_lines": 0, "percent_statements_covered": 100.0, "percent_statements_covered_display": "100", "num_branches": 0, "num_partial_branches": 0, "covered_branches": 0, "missing_branches": 0, "percent_branches_covered": 100.0, "percent_branches_covered_display": "100"}, "missing_lines": [], "excluded_lines": [], "start_line": 96, "executed_branches": [], "missing_branches": []}, "create_priority_links": {"executed_lines": [122, 123, 128, 129, 130, 134, 135], "summary": {"covered_lines": 7, "num_statements": 7, "percent_covered": 100.0, "percent_covered_display": "100", "missing_lines": 0, "excluded_lines": 0, "percent_statements_covered": 100.0, "percent_statements_covered_display": "100", "num_branches": 4, "num_partial_branches": 0, "covered_branches": 4, "missing_branches": 0, "percent_branches_covered": 100.0, "percent_branches_covered_display": "100"}, "missing_lines": [], "excluded_lines": [], "start_line": 118, "executed_branches": [[122, -118], [122, 123], [129, 130], [129, 134]], "missing_branches": []}, "get_reschedule_count": {"executed_lines": [140, 147], "summary": {"covered_lines": 2, "num_statements": 2, "percent_covered": 100.0, "percent_covered_display": "100", "missing_lines": 0, "excluded_lines": 0, "percent_statements_covered": 100.0, "percent_statements_covered_display": "100", "num_branches": 0, "num_partial_branches": 0, "covered_branches": 0, "missing_branches": 0, "percent_branches_covered": 100.0, "percent_branches_covered_display": "100"}, "missing_lines": [], "excluded_lines": [], "start_line": 138, "executed_branches": [], "missing_branches": []}, "check_priority_link_exists": {"executed_lines": [154, 160], "summary": {"covered_lines": 2, "num_statements": 2, "percent_covered": 100.0, "percent_covered_display": "100", "missing_lines": 0, "excluded_lines": 0, "percent_statements_covered": 100.0, "percent_statements_covered_display": "100", "num_branches": 0, "num_partial_branches": 0, "covered_branches": 0, "missing_branches": 0, "percent_branches_covered": 100.0, "percent_branches_covered_display": "100"}, "missing_lines": [], "excluded_lines": [], "start_line": 150, "executed_branches": [], "missing_branches": []}, "delete_priority_link": {"executed_lines": [167, 173, 174, 175, 179], "summary": {"covered_lines": 5, "num_statements": 5, "percent_covered": 100.0, "percent_covered_display": "100", "missing_lines": 0, "excluded_lines": 0, "percent_statements_covered": 100.0, "percent_statements_covered_display": "100", "num_branches": 2, "num_partial_branches": 0, "covered_branches": 2, "missing_branches": 0, "percent_branches_covered": 100.0, "percent_branches_covered_display": "100"}, "missing_lines": [], "excluded_lines": [], "start_line": 163, "executed_branches": [[174, 175], [174, 179]], "missing_branches": []}, "validate_goal_status": {"executed_lines": [187, 188], "summary": {"covered_lines": 2, "num_statements": 2, "percent_covered": 100.0, "percent_covered_display": "100", "missing_lines": 0, "excluded_lines": 0, "percent_statements_covered": 100.0, "percent_statements_covered_display": "100", "num_branches": 2, "num_partial_branches": 0, "covered_branches": 2, "missing_branches": 0, "percent_branches_covered": 100.0, "percent_branches_covered_display": "100"}, "missing_lines": [], "excluded_lines": [], "start_line": 185, "executed_branches": [[187, -185], [187, 188]], "missing_branches": []}, "apply_goal_status": {"executed_lines": [196, 197, 198, 199, 200], "summary": {"covered_lines": 5, "num_statements": 5, "percent_covered": 88.88888888888889, "percent_covered_display": "89", "missing_lines": 0, "excluded_lines": 0, "percent_statements_covered": 100.0, "percent_statements_covered_display": "100", "num_branches": 4, "num_partial_branches": 1, "covered_branches": 3, "missing_branches": 1, "percent_branches_covered": 75.0, "percent_branches_covered_display": "75"}, "missing_lines": [], "excluded_lines": [], "start_line": 194, "executed_branches": [[197, 198], [197, 199], [199, 200]], "missing_branches": [[199, -194]]}, "validate_parent_goal": {"executed_lines": [207, 208, 209, 213], "summary": {"covered_lines": 4, "num_statements": 4, "percent_covered": 87.5, "percent_covered_display": "88", "missing_lines": 0, "excluded_lines": 0, "percent_statements_covered": 100.0, "percent_statements_covered_display": "100", "num_branches": 4, "num_partial_branches": 1, "covered_branches": 3, "missing_branches": 1, "percent_branches_covered": 75.0, "percent_branches_covered_display": "75"}, "missing_lines": [], "excluded_lines": [], "start_line": 203, "executed_branches": [[207, 208], [208, 209], [208, 213]], "missing_branches": [[207, -203]]}, "reschedule_goals_bulk": {"executed_lines": [223, 224, 225, 226, 227, 228, 230, 232, 233, 234, 235, 236], "summary": {"covered_lines": 12, "num_statements": 12, "percent_covered": 100.0, "percent_covered_display": "100", "missing_lines": 0, "excluded_lines": 0, "percent_statements_covered": 100.0, "percent_statements_covered_display": "100", "num_branches": 4, "num_partial_branches": 0, "covered_branches": 4, "missing_branches": 0, "percent_branches_covered": 100.0, "percent_branches_covered_display": "100"}, "missing_lines": [], "excluded_lines": [], "start_line": 216, "executed_branches": [[224, 225], [224, 230], [233, 234], [233, 236]], "missing_branches": []}, "build_goal_tree": {"executed_lines": [243, 253, 254, 255], "summary": {"covered_lines": 4, "num_statements": 4, "percent_covered": 100.0, "percent_covered_display": "100", "missing_lines": 0, "excluded_lines": 0, "percent_statements_covered": 100.0, "percent_statements_covered_display": "100", "num_branches": 0, "num_partial_branches": 0, "covered_branches": 0, "missing_branches": 0, "percent_branches_covered": 100.0, "percent_branches_covered_display": "100"}, "missing_lines": [], "excluded_lines": [], "start_line": 239, "executed_branches": [], "missing_branches": []}, "list_goals_query": {"executed_lines": [268, 278, 279, 281, 282, 284, 285, 287, 288, 289, 294, 295, 299, 301, 302], "summary": {"covered_lines": 15, "num_statements": 15, "percent_covered": 100.0, "percent_covered_display": "100", "missing_lines": 0, "excluded_lines": 0, "percent_statements_covered": 100.0, "percent_statements_covered
[...]
22, 26, 27, 30, 44, 45, 46, 49, 50, 53, 54, 55, 56, 59, 77, 78, 80, 81, 82, 84, 85, 88, 92, 93, 95, 96, 97, 100, 125, 127, 130, 131, 133, 134, 137, 138, 142, 143, 144, 147, 163, 164, 167, 168, 170, 179, 196, 199, 217, 220, 221, 224, 231, 232, 234, 237, 251, 252, 254, 256, 258, 259, 260, 261, 264, 288, 290, 291, 293, 294, 296, 297, 299, 300, 302, 303, 304, 305, 307, 310, 320, 322, 325, 334, 335, 338, 339, 340, 343, 344, 346, 347, 350, 351, 352, 353, 354, 356, 357, 358], "summary": {"covered_lines": 107, "num_statements": 108, "percent_covered": 98.63013698630137, "percent_covered_display": "99", "missing_lines": 1, "excluded_lines": 0, "percent_statements_covered": 99.07407407407408, "percent_statements_covered_display": "99", "num_branches": 38, "num_partial_branches": 1, "covered_branches": 37, "missing_branches": 1, "percent_branches_covered": 97.36842105263158, "percent_branches_covered_display": "97"}, "missing_lines": [89], "excluded_lines": [], "start_line": 1, "executed_branches": [[45, 46], [45, 49], [49, 50], [49, 53], [77, 78], [77, 80], [84, 85], [84, 88], [88, 92], [92, 93], [92, 95], [130, 131], [130, 133], [137, 138], [137, 142], [220, 221], [220, 224], [231, 232], [231, 234], [290, 291], [290, 293], [293, 294], [293, 296], [296, 297], [296, 299], [299, 300], [299, 302], [302, 303], [302, 304], [304, 305], [304, 307], [339, 340], [339, 343], [343, 344], [343, 350], [350, 351], [350, 356]], "missing_branches": [[88, 89]]}}}, "app/services/stt_service.py": {"executed_lines": [1, 3, 5, 8, 11, 12, 14, 15, 18, 22, 26, 27, 36, 37, 39], "summary": {"covered_lines": 15, "num_statements": 15, "percent_covered": 100.0, "percent_covered_display": "100", "missing_lines": 0, "excluded_lines": 0, "percent_statements_covered": 100.0, "percent_statements_covered_display": "100", "num_branches": 2, "num_partial_branches": 0, "covered_branches": 2, "missing_branches": 0, "percent_branches_covered": 100.0, "percent_branches_covered_display": "100"}, "missing_lines": [], "excluded_lines": [], "executed_branches": [[14, 15], [14, 18]], "missing_branches": [], "functions": {"STTService.transcribe_audio": {"executed_lines": [14, 15, 18, 22, 26, 27, 36, 37, 39], "summary": {"covered_lines": 9, "num_statements": 9, "percent_covered": 100.0, "percent_covered_display": "100", "missing_lines": 0, "excluded_lines": 0, "percent_statements_covered": 100.0, "percent_statements_covered_display": "100", "num_branches": 2, "num_partial_branches": 0, "covered_branches": 2, "missing_branches": 0, "percent_branches_covered": 100.0, "percent_branches_covered_display": "100"}, "missing_lines": [], "excluded_lines": [], "start_line": 12, "executed_branches": [[14, 15], [14, 18]], "missing_branches": []}, "": {"executed_lines": [1, 3, 5, 8, 11, 12], "summary": {"covered_lines": 6, "num_statements": 6, "percent_covered": 100.0, "percent_covered_display": "100", "missing_lines": 0, "excluded_lines": 0, "percent_statements_covered": 100.0, "percent_statements_covered_display": "100", "num_branches": 0, "num_partial_branches": 0, "covered_branches": 0, "missing_branches": 0, "percent_branches_covered": 100.0, "percent_branches_covered_display": "100"}, "missing_lines": [], "excluded_lines": [], "start_line": 1, "executed_branches": [], "missing_branches": []}}, "classes": {"STTService": {"executed_lines": [14, 15, 18, 22, 26, 27, 36, 37, 39], "summary": {"covered_lines": 9, "num_statements": 9, "percent_covered": 100.0, "percent_covered_display": "100", "missing_lines": 0, "excluded_lines": 0, "percent_statements_covered": 100.0, "percent_statements_covered_display": "100", "num_branches": 2, "num_partial_branches": 0, "covered_branches": 2, "missing_branches": 0, "percent_branches_covered": 100.0, "percent_branches_covered_display": "100"}, "missing_lines": [], "excluded_lines": [], "start_line": 8, "executed_branches": [[14, 15], [14, 18]], "missing_branches": []}, "": {"executed_lines": [1, 3, 5, 8, 11, 12], "summary": {"covered_lines": 6, "num_statements": 6, "percent_covered": 100.0, "percent_covered_display": "100", "missing_lines": 0, "excluded_lines": 0, "percent_statements_covered": 100.0, "percent_statements_covered_display": "100", "num_branches": 0, "num_partial_branches": 0, "covered_branches": 0, "missing_branches": 0, "percent_branches_covered": 100.0, "percent_branches_covered_display": "100"}, "missing_lines": [], "excluded_lines": [], "start_line": 1, "executed_branches": [], "missing_branches": []}}}, "app/services/token_service.py": {"executed_lines": [6, 7, 9, 10, 12, 13, 19, 20, 21, 24, 27, 28, 35, 36, 39, 46, 48, 53, 54, 57, 63, 66, 67, 68, 69, 70, 72, 73, 76, 77, 81, 84, 87, 90, 97, 99, 101, 106, 107, 110, 115, 118, 119, 120, 121, 122, 124], "summary": {"covered_lines": 47, "num_statements": 48, "percent_covered": 93.33333333333333, "percent_covered_display": "93", "missing_lines": 1, "excluded_lines": 0, "percent_statements_covered": 97.91666666666667, "percent_statements_covered_display": "98", "num_branches": 12, "num_partial_branches": 3, "covered_branches": 9, "missing_branches": 3, "percent_branches_covered": 75.0, "percent_branches_covered_display": "75"}, "missing_lines": [78], "excluded_lines": [], "executed_branches": [[67, 68], [67, 72], [68, 69], [72, 73], [72, 76], [77, 81], [118, 119], [118, 124], [119, 120]], "missing_branches": [[68, 67], [77, 78], [119, 118]], "functions": {"TokenService.create_tokens_for_user": {"executed_lines": [35, 36, 39, 46, 48], "summary": {"covered_lines": 5, "num_statements": 5, "percent_covered": 100.0, "percent_covered_display": "100", "missing_lines": 0, "excluded_lines": 0, "percent_statements_covered": 100.0, "percent_statements_covered_display": "100", "num_branches": 0, "num_partial_branches": 0, "covered_branches": 0, "missing_branches": 0, "percent_branches_covered": 100.0, "percent_branches_covered_display": "100"}, "missing_lines": [], "excluded_lines": [], "start_line": 28, "executed_branches": [], "missing_branches": []}, "TokenService.refresh_access_token": {"executed_lines": [57, 63, 66, 67, 68, 69, 70, 72, 73, 76, 77, 81, 84, 87, 90, 97, 99, 101], "summary": {"covered_lines": 18, "num_statements": 19, "percent_covered": 88.88888888888889, "percent_covered_display": "89", "missing_lines": 1, "excluded_lines": 0, "percent_statements_covered": 94.73684210526316, "percent_statements_covered_display": "95", "num_branches": 8, "num_partial_branches": 2, "covered_branches": 6, "missing_branches": 2, "percent_branches_covered": 75.0, "percent_branches_covered_display": "75"}, "missing_lines": [78], "excluded_lines": [], "start_line": 54, "executed_branches": [[67, 68], [67, 72], [68, 69], [72, 73], [72, 76], [77, 81]], "missing_branches": [[68, 67], [77, 78]]}, "TokenService.logout": {"executed_lines": [110, 115, 118, 119, 120, 121, 122, 124], "summary": {"covered_lines": 8, "num_statements": 8, "percent_covered": 91.66666666666667, "percent_covered_display": "92", "missing_lines": 0, "excluded_lines": 0, "percent_statements_covered": 100.0, "percent_statements_covered_display": "100", "num_branches": 4, "num_partial_branches": 1, "covered_branches": 3, "missing_branches": 1, "percent_branches_covered": 75.0, "percent_branches_covered_display": "75"}, "missing_lines": [], "excluded_lines": [], "start_line": 107, "executed_branches": [[118, 119], [118, 124], [119, 120]], "missing_branches": [[119, 118]]}, "": {"executed_lines": [6, 7, 9, 10, 12, 13, 19, 20, 21, 24, 27, 28, 53, 54, 106, 107], "summary": {"covered_lines": 16, "num_statements": 16, "percent_covered": 100.0, "percent_covered_display": "100", "missing_lines": 0, "excluded_lines": 0, "percent_statements_covered": 100.0, "percent_statements_covered_display": "100", "num_branches": 0, "num_partial_branches": 0, "covered_branches": 0, "missing_branches": 0, "percent_branches_covered": 100.0, "percent_branches_covered_display": "100"}, "missing_lines": [], "excluded_lines": [], "start_line": 1, "executed_branches": [], "missing_branches": []}}, "classes": {"TokenService": {"executed_lines": [35, 36, 39, 46, 48, 57, 63, 66, 67, 68, 69, 70, 72, 73, 76, 77, 81, 84, 87, 90, 97, 99, 101, 110, 115, 118, 119, 120, 121, 122, 124], "summary": {"covered_lines": 31, "num_statements": 32, "percent_covered": 90.9090909090909, "percent_covered_display": "91", "missing_lines": 1, "excluded_lines": 0, "percent_statements_covered": 96.875, "percent_statements_covered_display": "97", "num_branches": 12, "num_partial_branches": 3, "covered_branches": 9, "missing_branches": 3, "percent_branches_covered": 75.0, "percent_branches_covered_display": "75"}, "missing_lines": [78], "excluded_lines": [], "start_line": 24, "executed_branches": [[67, 68], [67, 72], [68, 69], [72, 73], [72, 76], [77, 81], [118, 119], [118, 124], [119, 120]], "missing_branches": [[68, 67], [77, 78], [119, 118]]}, "": {"executed_lines": [6, 7, 9, 10, 12, 13, 19, 20, 21, 24, 27, 28, 53, 54, 106, 107], "summary": {"covered_lines": 16, "num_statements": 16, "percent_covered": 100.0, "percent_covered_display": "100", "missing_lines": 0, "excluded_lines": 0, "percent_statements_covered": 100.0, "percent_statements_covered_display": "100", "num_branches": 0, "num_partial_branches": 0, "covered_branches": 0, "missing_branches": 0, "percent_branches_covered": 100.0, "percent_branches_covered_display": "100"}, "missing_lines": [], "excluded_lines": [], "start_line": 1, "executed_branches": [], "missing_branches": []}}}, "app/services/value_service.py": {"executed_lines": [2, 3, 5, 6, 8, 11, 29, 33, 36, 37, 38, 39, 40, 41, 43, 44, 47, 49, 51, 52, 53, 56, 57, 58, 60, 63, 75, 76, 78, 80, 82, 83, 86, 89, 108, 109, 111, 112, 115, 117, 118, 119, 122, 123, 125, 127, 128, 129, 130, 133, 134, 135, 137], "summary": {"covered_lines": 53, "num_statements": 53, "percent_covered": 97.59036144578313, "percent_covered_display": "98", "missing_lines": 0, "excluded_lines": 0, "percent_statements_covered": 100.0, "percent_statements_covered_display": "100", "num_branches": 30, "num_partial_branches": 2, "covered_branches": 28, "missing_branches": 2, "percent_branches_covered": 93.33333333333333, "percent_branches_covered_display": "93"}, "missing_lines": [], "excluded_lines": [], "executed_branches": [[37, 38], [37, 43], [38, 39], [40, 41], [43, 44], [43, 47], [49, 51], [49, 56], [52, 53], [52, 60], [56, 57], [56, 60], [75, 76], [75, 78], [80, 82], [80, 86], [108, 109], [108, 111], [117, 118], [117, 122], [125, 127], [125, 133], [127, 128], [127, 137], [129, 130], [129, 137], [133, 134], [133, 137]], "missing_branches": [[38, 37], [40, 37]], "functions": {"normalize_value_weights": {"executed_lines": [29, 33, 36, 37, 38, 39, 40, 41, 43, 44, 47, 49, 51, 52, 53, 56, 57, 58, 60], "summary": {"covered_lines": 19, "num_statements": 19, "percent_covered": 93.93939393939394, "percent_covered_display": "94", "missing_lines": 0, "excluded_lines": 0, "percent_statements_covered": 100.0, "percent_statements_covered_display": "100", "num_branches": 14, "num_partial_branches": 2, "covered_branches": 12, "missing_branches": 2, "percent_branches_covered": 85.71428571428571, "percent_branches_covered_display": "86"}, "missing_lines": [], "excluded_lines": [], "start_line": 11, "executed_branches": [[37, 38], [37, 43], [38, 39], [40, 41], [43, 44], [43, 47], [49, 51], [49, 56], [52, 53], [52, 60], [56, 57], [56, 60]], "missing_branches": [[38, 37], [40, 37]]}, "calculate_normalized_weights": {"executed_lines": [75, 76, 78, 80, 82, 83, 86], "summary": {"covered_lines": 7, "num_statements": 7, "percent_covered": 100.0, "percent_covered_display": "100", "missing_lines": 0, "excluded_lines": 0, "percent_statements_covered": 100.0, "percent_statements_covered_display": "100", "num_branches": 4, "num_partial_branches": 0, "covered_branches": 4, "missing_branches": 0, "percent_branches_covered": 100.0, "percent_branches_covered_display": "100"}, "missing_lines": [], "excluded_lines": [], "start_line": 63, "executed_branches": [[75, 76], [75, 78], [80, 82], [80, 86]], "missing_branches": []}, "redistribute_weight": {"executed_lines": [108, 109, 111, 112, 115, 117, 118, 119, 122, 123, 125, 127, 128, 129, 130, 133, 134, 135, 137], "summary": {"covered_lines": 19, "num_statements": 19, "percent_covered": 100.0, "percent_covered_display": "100", "missing_lines": 0, "excluded_lines": 0, "percent_statements_covered": 100.0, "percent_statements_covered_display": "100", "num_branches": 12, "num_partial_branches": 0, "covered_branches": 12, "missing_branches": 0, "percent_branches_covered": 100.0, "percent_branches_covered_display": "100"}, "missing_lines": [], "excluded_lines": [], "start_line": 89, "executed_branches": [[108, 109], [108, 111], [117, 118], [117, 122], [125, 127], [125, 133], [127, 128], [127, 137], [129, 130], [129, 137], [133, 134], [133, 137]], "missing_branches": []}, "": {"executed_lines": [2, 3, 5, 6, 8, 11, 63, 89], "summary": {"covered_lines": 8, "num_statements": 8, "percent_covered": 100.0, "percent_covered_display": "100", "missing_lines": 0, "excluded_lines": 0, "percent_statements_covered": 100.0, "percent_statements_covered_display": "100", "num_branches": 0, "num_partial_branches": 0, "covered_branches": 0, "missing_branches": 0, "percent_branches_covered": 100.0, "percent_branches_covered_display": "100"}, "missing_lines": [], "excluded_lines": [], "start_line": 1, "executed_branches": [], "missing_branches": []}}, "classes": {"": {"executed_lines": [2, 3, 5, 6, 8, 11, 29, 33, 36, 37, 38, 39, 40, 41, 43, 44, 47, 49, 51, 52, 53, 56, 57, 58, 60, 63, 75, 76, 78, 80, 82, 83, 86, 89, 108, 109, 111, 112, 115, 117, 118, 119, 122, 123, 125, 127, 128, 129, 130, 133, 134, 135, 137], "summary": {"covered_lines": 53, "num_statements": 53, "percent_covered": 97.59036144578313, "percent_covered_display": "98", "missing_lines": 0, "excluded_lines": 0, "percent_statements_covered": 100.0, "percent_statements_covered_display": "100", "num_branches": 30, "num_partial_branches": 2, "covered_branches": 28, "missing_branches": 2, "percent_branches_covered": 93.33333333333333, "percent_branches_covered_display": "93"}, "missing_lines": [], "excluded_lines": [], "start_line": 1, "executed_branches": [[37, 38], [37, 43], [38, 39], [40, 41], [43, 44], [43, 47], [49, 51], [49, 56], [52, 53], [52, 60], [56, 57], [56, 60], [75, 76], [75, 78], [80, 82], [80, 86], [108, 109], [108, 111], [117, 118], [117, 122], [125, 127], [125, 133], [127, 128], [127, 137], [129, 130], [129, 137], [133, 134], [133, 137]], "missing_branches": [[38, 37], [40, 37]]}}}, "app/services/value_similarity.py": {"executed_lines": [1, 2, 3, 4, 5, 6, 8, 9, 10, 12, 13, 14, 17, 21, 22, 24, 32, 40, 47, 48, 49, 50, 51, 53, 54, 55, 56, 58, 61, 68, 73, 75, 79, 81, 84, 85, 87, 88, 89, 90, 91, 93, 94, 97, 99, 106, 108, 109, 113, 120, 121, 123, 124, 128, 129, 136, 137, 139, 140, 141, 143, 144, 145, 149, 150, 151, 152, 153, 155, 156, 157, 163, 165, 166, 168], "summary": {"covered_lines": 75, "num_statements": 80, "percent_covered": 90.35087719298245, "percent_covered_display": "90", "missing_lines": 5, "excluded_lines": 0, "percent_statements_covered": 93.75, "percent_statements_covered_display": "94", "num_branches": 34, "num_partial_branches": 6, "covered_branches": 28, "missing_branches": 6, "percent_branches_covered": 82.3529411764706, "percent_branches_covered_display": "82"}, "missing_lines": [82, 95, 146, 147, 154], "excluded_lines": [], "executed_branches": [[21, 22], [21, 24], [55, 56], [55, 58], [81, 84], [87, 88], [87, 136], [88, 89], [88, 90], [90, 91], [90, 93], [94, 97], [108, 109], [108, 123], [128, 87], [128, 129], [136, 137], [136, 139], [140, 141], [140, 143], [143, 144], [143, 168], [149, 150], [149, 168], [152, 153], [153, 155], [156, 157], [165, 166]], "missing_branches": [[81, 82], [94, 95], [152, 165], [153, 154], [156, 152], [165, 168]], "functions": {"llm_overlap_check": {"executed_lines": [21, 22, 24, 32, 40, 47, 48, 49, 50, 51, 53, 54, 55, 56, 58], "summary": {"covered_lines": 15, "num_statements": 15, "percent_covered": 100.0, "percent_covered_display": "100", "missing_lines": 0, "excluded_lines": 0, "percent_statements_covered": 100.0, "percent_statements_covered_display": "100", "num_branches": 4, "num_partial_branches": 0, "covered_branches": 4, "missing_branches": 0, "percent_branches_covered": 100.0, "percent_branches_covered_display": "100"}, "missing_lines": [], "excluded_lines": [], "start_line": 17, "executed_branches": [[21, 22], [21, 24], [55, 56], [55, 58]], "missing_branches": []}, "compute_value_similarity": {"executed_lines": [68, 73, 75, 79, 81, 84, 85, 87, 88, 89, 90, 91, 93, 94, 97, 99, 106, 108, 109, 113, 120, 121, 123, 124, 128, 129, 136, 137, 139, 140, 141, 143, 144, 145, 149, 150, 151, 152, 153, 155, 156, 157, 163, 165, 166, 168], "summary": {"covered_lines": 46, "num_statements": 51, "percent_covered": 86.41975308641975, "percent_covered_display": "86", "missing_lines": 5, "excluded_lines": 0, "percent_statements_covered": 90.19607843137256, "percent_statements_covered_display": "90", "num_branches": 30, "num_partial_branches": 6, "covered_branches": 24, "missing_branches": 6, "percent_branches_covered": 80.0, "percent_branches_covered_display": "80"}, "missing_lines": [82, 95, 146, 147, 154], "excluded_lines": [], "start_line": 61, "executed_branches": [[81, 84], [87, 88], [87, 136], [88, 89], [88, 90], [90, 91], [90, 93], [94, 97], [108, 109], [108, 123], [128, 87], [128, 129], [136, 137], [136, 139], [140, 141], [140, 143], [143, 144], [143, 168], [149, 150], [149, 168], [152, 153], [153, 155], [156, 157], [165, 166]], "missing_branches": [[81, 82], [94, 95], [152, 165], [153, 154], [156, 152], [165, 168]]}, "": {"executed_lines": [1, 2, 3, 4, 5, 6, 8, 9, 10, 12, 13, 14, 17, 61], "summary": {"covered_lines": 14, "num_statements": 14, "percent_covered": 100.0, "percent_covered_display": "100", "missing_lines": 0, "excluded_lines": 0, "percent_statements_covered": 100.0, "percent_statements_covered_display": "100", "num_branches": 0, "num_partial_branches": 0, "covered_branches": 0, "missing_branches": 0, "percent_branches_covered": 100.0, "percent_branches_covered_display": "100"}, "missing_lines": [], "excluded_lines": [], "start_line": 1, "executed_branches": [], "missing_branches": []}}, "classes": {"": {"executed_lines": [1, 2, 3, 4, 5, 6, 8, 9, 10, 12, 13, 14, 17, 21, 22, 24, 32, 40, 47, 48, 49, 50, 51, 53, 54, 55, 56, 58, 61, 68, 73, 75, 79, 81, 84, 85, 87, 88, 89, 90, 91, 93, 94, 97, 99, 106, 108, 109, 113, 120, 121, 123, 124, 128, 129, 136, 137, 139, 140, 141, 143, 144, 145, 149, 150, 151, 152, 153, 155, 156, 157, 163, 165, 166, 168], "summary": {"covered_lines": 75, "num_statements": 80, "percent_covered": 90.35087719298245, "percent_covered_display": "90", "missing_lines": 5, "excluded_lines": 0, "percent_statements_covered": 93.75, "percent_statements_covered_display": "94", "num_branches": 34, "num_partial_branches": 6, "covered_branches": 28, "missing_branches": 6, "percent_branches_covered": 82.3529411764706, "percent_branches_covered_display": "82"}, "missing_lines": [82, 95, 146, 147, 154], "excluded_lines": [], "start_line": 1, "executed_branches": [[21, 22], [21, 24], [55, 56], [55, 58], [81, 84], [87, 88], [87, 136], [88, 89], [88, 90], [90, 91], [90, 93], [94, 97], [108, 109], [108, 123], [128, 87], [128, 129], [136, 137], [136, 139], [140, 141], [140, 143], [143, 144], [143, 168], [149, 150], [149, 168], [152, 153], [153, 155], [156, 157], [165, 166]], "missing_branches": [[81, 82], [94, 95], [152, 165], [153, 154], [156, 152], [165, 168]]}}}}, "totals": {"covered_lines": 4686, "num_statements": 4759, "percent_covered": 97.0050496256312, "percent_covered_display": "97", "missing_lines": 73, "excluded_lines": 66, "percent_statements_covered": 98.46606429922252, "percent_statements_covered_display": "98", "num_branches": 984, "num_partial_branches": 91, "covered_branches": 885, "missing_branches": 99, "percent_branches_covered": 89.9390243902439, "percent_branches_covered_display": "90"}}