{"meta": {"format": 3, "version": "7.13.4", "timestamp": "2026-04-09T16:58:41.466955", "branch_coverage": true, "show_contexts": false}, "files": {"app/api/__init__.py": {"executed_lines": [], "summary": {"covered_lines": 0, "num_statements": 0, "percent_covered": 100.0, "percent_covered_display": "100", "missing_lines": 0, "excluded_lines": 0, "percent_statements_covered": 100.0, "percent_statements_covered_display": "100", "num_branches": 0, "num_partial_branches": 0, "covered_branches": 0, "missing_branches": 0, "percent_branches_covered": 100.0, "percent_branches_covered_display": "100"}, "missing_lines": [], "excluded_lines": [], "executed_branches": [], "missing_branches": [], "functions": {"": {"executed_lines": [], "summary": {"covered_lines": 0, "num_statements": 0, "percent_covered": 100.0, "percent_covered_display": "100", "missing_lines": 0, "excluded_lines": 0, "percent_statements_covered": 100.0, "percent_statements_covered_display": "100", "num_branches": 0, "num_partial_branches": 0, "covered_branches": 0, "missing_branches": 0, "percent_branches_covered": 100.0, "percent_branches_covered_display": "100"}, "missing_lines": [], "excluded_lines": [], "start_line": 1, "executed_branches": [], "missing_branches": []}}, "classes": {"": {"executed_lines": [], "summary": {"covered_lines": 0, "num_statements": 0, "percent_covered": 100.0, "percent_covered_display": "100", "missing_lines": 0, "excluded_lines": 0, "percent_statements_covered": 100.0, "percent_statements_covered_display": "100", "num_branches": 0, "num_partial_branches": 0, "covered_branches": 0, "missing_branches": 0, "percent_branches_covered": 100.0, "percent_branches_covered_display": "100"}, "missing_lines": [], "excluded_lines": [], "start_line": 1, "executed_branches": [], "missing_branches": []}}}, "app/api/alignment.py": {"executed_lines": [1, 2, 3, 5, 6, 7, 8, 10, 11, 12, 13, 14, 15, 16, 18, 21, 22, 29, 42, 55, 69, 75, 97, 106, 112], "summary": {"covered_lines": 25, "num_statements": 50, "percent_covered": 35.714285714285715, "percent_covered_display": "36", "missing_lines": 25, "excluded_lines": 0, "percent_statements_covered": 50.0, "percent_statements_covered_display": "50", "num_branches": 20, "num_partial_branches": 0, "covered_branches": 0, "missing_branches": 20, "percent_branches_covered": 0.0, "percent_branches_covered_display": "0"}, "missing_lines": [34, 37, 38, 40, 41, 46, 47, 48, 51, 52, 62, 65, 67, 68, 73, 79, 80, 81, 86, 89, 90, 91, 93, 96, 103], "excluded_lines": [], "executed_branches": [], "missing_branches": [[40, 41], [40, 51], [41, 40], [41, 42], [46, 40], [46, 47], [51, 52], [51, 55], [67, 68], [67, 89], [68, 67], [68, 69], [73, 67], [73, 75], [79, 67], [79, 80], [80, 67], [80, 81], [90, 91], [90, 93]], "functions": {"check_alignment": {"executed_lines": [29, 42, 55, 69, 75, 97, 106, 112], "summary": {"covered_lines": 8, "num_statements": 33, "percent_covered": 15.09433962264151, "percent_covered_display": "15", "missing_lines": 25, "excluded_lines": 0, "percent_statements_covered": 24.242424242424242, "percent_statements_covered_display": "24", "num_branches": 20, "num_partial_branches": 0, "covered_branches": 0, "missing_branches": 20, "percent_branches_covered": 0.0, "percent_branches_covered_display": "0"}, "missing_lines": [34, 37, 38, 40, 41, 46, 47, 48, 51, 52, 62, 65, 67, 68, 73, 79, 80, 81, 86, 89, 90, 91, 93, 96, 103], "excluded_lines": [], "start_line": 22, "executed_branches": [], "missing_branches": [[40, 41], [40, 51], [41, 40], [41, 42], [46, 40], [46, 47], [51, 52], [51, 55], [67, 68], [67, 89], [68, 67], [68, 69], [73, 67], [73, 75], [79, 67], [79, 80], [80, 67], [80, 81], [90, 91], [90, 93]]}, "": {"executed_lines": [1, 2, 3, 5, 6, 7, 8, 10, 11, 12, 13, 14, 15, 16, 18, 21, 22], "summary": {"covered_lines": 17, "num_statements": 17, "percent_covered": 100.0, "percent_covered_display": "100", "missing_lines": 0, "excluded_lines": 0, "percent_statements_covered": 100.0, "percent_statements_covered_display": "100", "num_branches": 0, "num_partial_branches": 0, "covered_branches": 0, "missing_branches": 0, "percent_branches_covered": 100.0, "percent_branches_covered_display": "100"}, "missing_lines": [], "excluded_lines": [], "start_line": 1, "executed_branches": [], "missing_branches": []}}, "classes": {"": {"executed_lines": [1, 2, 3, 5, 6, 7, 8, 10, 11, 12, 13, 14, 15, 16, 18, 21, 22, 29, 42, 55, 69, 75, 97, 106, 112], "summary": {"covered_lines": 25, "num_statements": 50, "percent_covered": 35.714285714285715, "percent_covered_display": "36", "missing_lines": 25, "excluded_lines": 0, "percent_statements_covered": 50.0, "percent_statements_covered_display": "50", "num_branches": 20, "num_partial_branches": 0, "covered_branches": 0, "missing_branches": 20, "percent_branches_covered": 0.0, "percent_branches_covered_display": "0"}, "missing_lines": [34, 37, 38, 40, 41, 46, 47, 48, 51, 52, 62, 65, 67, 68, 73, 79, 80, 81, 86, 89, 90, 91, 93, 96, 103], "excluded_lines": [], "start_line": 1, "executed_branches": [], "missing_branches": [[40, 41], [40, 51], [41, 40], [41, 42], [46, 40], [46, 47], [51, 52], [51, 55], [67, 68], [67, 89], [68, 67], [68, 69], [73, 67], [73, 75], [79, 67], [79, 80], [80, 67], [80, 81], [90, 91], [90, 93]]}}}, "app/api/assistant.py": {"executed_lines": [1, 2, 3, 4, 5, 6, 8, 9, 10, 11, 12, 13, 14, 15, 21, 22, 24, 27, 28, 34, 39, 40, 41, 52, 53, 59, 88, 89, 97, 116, 119, 163, 183, 184, 197], "summary": {"covered_lines": 35, "num_statements": 67, "percent_covered": 45.45454545454545, "percent_covered_display": "45", "missing_lines": 32, "excluded_lines": 0, "percent_statements_covered": 52.23880597014925, "percent_statements_covered_display": "52", "num_branches": 10, "num_partial_branches": 0, "covered_branches": 0, "missing_branches": 10, "percent_branches_covered": 0.0, "percent_branches_covered_display": "0"}, "missing_lines": [43, 64, 66, 67, 69, 102, 104, 105, 108, 115, 120, 127, 128, 137, 138, 139, 141, 143, 144, 145, 147, 148, 151, 162, 164, 165, 170, 173, 182, 186, 196, 198], "excluded_lines": [], "executed_branches": [], "missing_branches": [[66, 67], [66, 69], [104, 105], [104, 108], [141, 143], [141, 170], [143, 144], [143, 173], [147, 143], [147, 148]], "functions": {"create_session": {"executed_lines": [34, 39, 40, 41], "summary": {"covered_lines": 4, "num_statements": 5, "percent_covered": 80.0, "percent_covered_display": "80", "missing_lines": 1, "excluded_lines": 0, "percent_statements_covered": 80.0, "percent_statements_covered_display": "80", "num_branches": 0, "num_partial_branches": 0, "covered_branches": 0, "missing_branches": 0, "percent_branches_covered": 100.0, "percent_branches_covered_display": "100"}, "missing_lines": [43], "excluded_lines": [], "start_line": 28, "executed_branches": [], "missing_branches": []}, "get_session": {"executed_lines": [59], "summary": {"covered_lines": 1, "num_statements": 5, "percent_covered": 14.285714285714286, "percent_covered_display": "14", "missing_lines": 4, "excluded_lines": 0, "percent_statements_covered": 20.0, "percent_statements_covered_display": "20", "num_branches": 2, "num_partial_branches": 0, "covered_branches": 0, "missing_branches": 2, "percent_branches_covered": 0.0, "percent_branches_covered_display": "0"}, "missing_lines": [64, 66, 67, 69], "excluded_lines": [], "start_line": 53, "executed_branches": [], "missing_branches": [[66, 67], [66, 69]]}, "send_message": {"executed_lines": [97, 116, 119, 163, 183, 184, 197], "summary": {"covered_lines": 7, "num_statements": 34, "percent_covered": 16.666666666666668, "percent_covered_display": "17", "missing_lines": 27, "excluded_lines": 0, "percent_statements_covered": 20.58823529411765, "percent_statements_covered_display": "21", "num_branches": 8, "num_partial_branches": 0, "covered_branches": 0, "missing_branches": 8, "percent_branches_covered": 0.0, "percent_branches_covered_display": "0"}, "missing_lines": [102, 104, 105, 108, 115, 120, 127, 128, 137, 138, 139, 141, 143, 144, 145, 147, 148, 151, 162, 164, 165, 170, 173, 182, 186, 196, 198], "excluded_lines": [], "start_line": 89, "executed_branches": [], "missing_branches": [[104, 105], [104, 108], [141, 143], [141, 170], [143, 144], [143, 173], [147, 143], [147, 148]]}, "": {"executed_lines": [1, 2, 3, 4, 5, 6, 8, 9, 10, 11, 12, 13, 14, 15, 21, 22, 24, 27, 28, 52, 53, 88, 89], "summary": {"covered_lines": 23, "num_statements": 23, "percent_covered": 100.0, "percent_covered_display": "100", "missing_lines": 0, "excluded_lines": 0, "percent_statements_covered": 100.0, "percent_statements_covered_display": "100", "num_branches": 0, "num_partial_branches": 0, "covered_branches": 0, "missing_branches": 0, "percent_branches_covered": 100.0, "percent_branches_covered_display": "100"}, "missing_lines": [], "excluded_lines": [], "start_line": 1, "executed_branches": [], "missing_branches": []}}, "classes": {"": {"executed_lines": [1, 2, 3, 4, 5, 6, 8, 9, 10, 11, 12, 13, 14, 15, 21, 22, 24, 27, 28, 34, 39, 40, 41, 52, 53, 59, 88, 89, 97, 116, 119, 163, 183, 184, 197], "summary": {"covered_lines": 35, "num_statements": 67, "percent_covered": 45.45454545454545, "percent_covered_display": "45", "missing_lines": 32, "excluded_lines": 0, "percent_statements_covered": 52.23880597014925, "percent_statements_covered_display": "52", "num_branches": 10, "num_partial_branches": 0, "covered_branches": 0, "missing_branches": 10, "percent_branches_covered": 0.0, "percent_branches_covered_display": "0"}, "missing_lines": [43, 64, 66, 67, 69, 102, 104, 105, 108, 115, 120, 127, 128, 137, 138, 139, 141, 143, 144, 145, 147, 148, 151, 162, 164, 165, 170, 173, 182, 186, 196, 198], "excluded_lines": [], "start_line": 1, "executed_branches": [], "missing_branches": [[66, 67], [66, 69], [104, 105], [104, 108], [141, 143], [141, 170], [143, 144], [143, 173], [147, 143], [147, 148]]}}}, "app/api/auth.py": {"executed_lines": [1, 3, 4, 6, 7, 8, 9, 23, 24, 26, 29, 30, 35, 36, 48, 49, 55, 56, 61, 62, 69, 74, 75, 81, 82, 87, 88, 91, 92, 97, 98, 106, 111, 112, 118, 119, 124, 125, 138, 139, 144, 145, 147, 148, 154, 155, 161, 162, 163, 165, 167, 174, 175, 181, 182, 184, 185, 191, 192, 198, 199, 203, 204, 210, 211, 217, 218, 219, 220, 221, 227, 228, 232, 233, 238, 239, 240, 241, 242, 243, 244, 245, 247, 250, 259, 284], "summary": {"covered_lines": 86, "num_statements": 107, "percent_covered": 78.76106194690266, "percent_covered_display": "79", "missing_lines": 21, "excluded_lines": 0, "percent_statements_covered": 80.37383177570094, "percent_statements_covered_display": "80", "num_branches": 6, "num_partial_branches": 1, "covered_branches": 3, "missing_branches": 3, "percent_branches_covered": 50.0, "percent_branches_covered_display": "50"}, "missing_lines": [43, 127, 131, 132, 146, 164, 183, 202, 253, 255, 257, 258, 262, 268, 271, 272, 275, 282, 286, 291, 292], "excluded_lines": [], "executed_branches": [[163, 165], [232, 233], [232, 238]], "missing_branches": [[163, 164], [255, 257], [255, 271]], "functions": {"auth_google": {"executed_lines": [35, 36, 48, 49], "summary": {"covered_lines": 4, "num_statements": 5, "percent_covered": 80.0, "percent_covered_display": "80", "missing_lines": 1, "excluded_lines": 0, "percent_statements_covered": 80.0, "percent_statements_covered_display": "80", "num_branches": 0, "num_partial_branches": 0, "covered_branches": 0, "missing_branches": 0, "percent_branches_covered": 100.0, "percent_branches_covered_display": "100"}, "missing_lines": [43], "excluded_lines": [], "start_line": 30, "executed_branches": [], "missing_branches": []}, "auth_apple": {"executed_lines": [61, 62, 69, 74, 75], "summary": {"covered_lines": 5, "num_statements": 5, "percent_covered": 100.0, "percent_covered_display": "100", "missing_lines": 0, "excluded_lines": 0, "percent_statements_covered": 100.0, "percent_statements_covered_display": "100", "num_branches": 0, "num_partial_branches": 0, "covered_branches": 0, "missing_branches": 0, "percent_branches_covered": 100.0, "percent_branches_covered_display": "100"}, "missing_lines": [], "excluded_lines": [], "start_line": 56, "executed_branches": [], "missing_branches": []}, "request_magic_link": {"executed_lines": [87, 88], "summary": {"covered_lines": 2, "num_statements": 2, "percent_covered": 100.0, "percent_covered_display": "100", "missing_lines": 0, "excluded_lines": 0, "percent_statements_covered": 100.0, "percent_statements_covered_display": "100", "num_branches": 0, "num_partial_branches": 0, "covered_branches": 0, "missing_branches": 0, "percent_branches_covered": 100.0, "percent_branches_covered_display": "100"}, "missing_lines": [], "excluded_lines": [], "start_line": 82, "executed_branches": [], "missing_branches": []}, "verify_magic_link": {"executed_lines": [97, 98, 106, 111, 112], "summary": {"covered_lines": 5, "num_statements": 5, "percent_covered": 100.0, "percent_covered_display": "100", "missing_lines": 0, "excluded_lines": 0, "percent_statements_covered": 100.0, "percent_statements_covered_display": "100", "num_branches": 0, "num_partial_branches": 0, "covered_branches": 0, "missing_branches": 0, "percent_branches_covered": 100.0, "percent_branches_covered_display": "100"}, "missing_lines": [], "excluded_lines": [], "start_line": 92, "executed_branches": [], "missing_branches": []}, "refresh_token": {"executed_lines": [124, 125], "summary": {"covered_lines": 2, "num_statements": 5, "percent_covered": 40.0, "percent_covered_display": "40", "missing_lines": 3, "excluded_lines": 0, "percent_statements_covered": 40.0, "percent_statements_covered_display": "40", "num_branches": 0, "num_partial_branches": 0, "covered_branches": 0, "missing_branches": 0, "percent_branches_covered": 100.0, "percent_branches_covered_display": "100"}, "missing_lines": [127, 131, 132], "excluded_lines": [], "start_line": 119, "executed_branches": [], "missing_branches": []}, "logout": {"executed_lines": [144, 145, 147, 148], "summary": {"covered_lines": 4, "num_statements": 5, "percent_covered": 80.0, "percent_covered_display": "80", "missing_lines": 1, "excluded_lines": 0, "percent_statements_covered": 80.0, "percent_statements_covered_display": "80", "num_branches": 0, "num_partial_branches": 0, "covered_branches": 0, "missing_branches": 0, "percent_branches_covered": 100.0, "percent_branches_covered_display": "100"}, "missing_lines": [146], "excluded_lines": [], "start_line": 139, "executed_branches": [], "missing_branches": []}, "get_onboarding_status": {"executed_lines": [161, 162, 163, 165, 167], "summary": {"covered_lines": 5, "num_statements": 6, "percent_covered": 75.0, "percent_covered_display": "75", "missing_lines": 1, "excluded_lines": 0, "percent_statements_covered": 83.33333333333333, "percent_statements_covered_display": "83", "num_branches": 2, "num_partial_branches": 1, "covered_branches": 1, "missing_branches": 1, "percent_branches_covered": 50.0, "percent_branches_covered_display": "50"}, "missing_lines": [164], "excluded_lines": [], "start_line": 155, "executed_branches": [[163, 165]], "missing_branches": [[163, 164]]}, "set_display_name": {"executed_lines": [181, 182, 184, 185], "summary": {"covered_lines": 4, "num_statements": 5, "percent_covered": 80.0, "percent_covered_display": "80", "missing_lines": 1, "excluded_lines": 0, "percent_statements_covered": 80.0, "percent_statements_covered_display": "80", "num_branches": 0, "num_partial_branches": 0, "covered_branches": 0, "missing_branches": 0, "percent_branches_covered": 100.0, "percent_branches_covered_display": "100"}, "missing_lines": [183], "excluded_lines": [], "start_line": 175, "executed_branches": [], "missing_branches": []}, "update_primary_email": {"executed_lines": [198, 199, 203, 204], "summary": {"covered_lines": 4, "num_statements": 5, "percent_covered": 80.0, "percent_covered_display": "80", "missing_lines": 1, "excluded_lines": 0, "percent_statements_covered": 80.0, "percent_statements_covered_display": "80", "num_branches": 0, "num_partial_branches": 0, "covered_branches": 0, "missing_branches": 0, "percent_branches_covered": 100.0, "percent_branches_covered_display": "100"}, "missing_lines": [202], "excluded_lines": [], "start_line": 192, "executed_branches": [], "missing_branches": []}, "verify_onboarding_email": {"executed_lines": [217, 218, 219, 220, 221], "summary": {"covered_lines": 5, "num_statements": 5, "percent_covered": 100.0, "percent_covered_display": "100", "missing_lines": 0, "excluded_lines": 0, "percent_statements_covered": 100.0, "percent_statements_covered_display": "100", "num_branches": 0, "num_partial_branches": 0, "covered_branches": 0, "missing_branches": 0, "percent_branches_covered": 100.0, "percent_branches_covered_display": "100"}, "missing_lines": [], "excluded_lines": [], "start_line": 211, "executed_branches": [], "missing_branches": []}, "dev_login": {"executed_lines": [232, 233, 238, 239, 240, 241, 242, 243, 244, 245, 247, 250, 259, 284], "summary": {"covered_lines": 14, "num_statements": 27, "percent_covered": 51.61290322580645, "percent_covered_display": "52", "missing_lines": 13, "excluded_lines": 0, "percent_statements_covered": 51.851851851851855, "percent_statements_covered_display": "52", "num_branches": 4, "num_partial_branches": 0, "covered_branches": 2, "missing_branches": 2, "percent_branches_covered": 50.0, "percent_branches_covered_display": "50"}, "missing_lines": [253, 255, 257, 258, 262, 268, 271, 272, 275, 282, 286, 291, 292], "excluded_lines": [], "start_line": 228, "executed_branches": [[232, 233], [232, 238]], "missing_branches": [[255, 257], [255, 271]]}, "": {"executed_lines": [1, 3, 4, 6, 7, 8, 9, 23, 24, 26, 29, 30, 55, 56, 81, 82, 91, 92, 118, 119, 138, 139, 154, 155, 174, 175, 191, 192, 210, 211, 227, 228], "summary": {"covered_lines": 32, "num_statements": 32, "percent_covered": 100.0, "percent_covered_display": "100", "missing_lines": 0, "excluded_lines": 0, "percent_statements_covered": 100.0, "percent_statements_covered_display": "100", "num_branches": 0, "num_partial_branches": 0, "covered_branches": 0, "missing_branches": 0, "percent_branches_covered": 100.0, "percent_branches_covered_display": "100"}, "missing_lines": [], "excluded_lines": [], "start_line": 1, "executed_branches": [], "missing_branches": []}}, "classes": {"": {"executed_lines": [1, 3, 4, 6, 7, 8, 9, 23, 24, 26, 29, 30, 35, 36, 48, 49, 55, 56, 61, 62, 69, 74, 75, 81, 82, 87, 88, 91, 92, 97, 98, 106, 111, 112, 118, 119, 124, 125, 138, 139, 144, 145, 147, 148, 154, 155, 161, 162, 163, 165, 167, 174, 175, 181, 182, 184, 185, 191, 192, 198, 199, 203, 204, 210, 211, 217, 218, 219, 220, 221, 227, 228, 232, 233, 238, 239, 240, 241, 242, 243, 244, 245, 247, 250, 259, 284], "summary": {"covered_lines": 86, "num_statements": 107, "percent_covered": 78.76106194690266, "percent_covered_display": "79", "missing_lines": 21, "excluded_lines": 0, "percent_statements_covered": 80.37383177570094, "percent_statements_covered_display": "80", "num_branches": 6, "num_partial_branches": 1, "covered_branches": 3, "missing_branches": 3, "percent_branches_covered": 50.0, "percent_branches_covered_display": "50"}, "missing_lines": [43, 127, 131, 132, 146, 164, 183, 202, 253, 255, 257, 258, 262, 268, 271, 272, 275, 282, 286, 291, 292], "excluded_lines": [], "start_line": 1, "executed_branches": [[163, 165], [232, 233], [232, 238]], "missing_branches": [[163, 164], [255, 257], [255, 271]]}}}, "app/api/dependencies.py": {"executed_lines": [4, 6, 7, 8, 9, 11, 12, 13, 14, 15, 23, 31, 34, 40, 46, 47, 50, 59, 80, 83, 87, 88, 103, 112, 113, 115, 116, 118, 120, 125, 126, 135, 136, 142, 146, 151, 158, 170, 173, 177, 182, 188, 189, 190, 198, 203, 209, 210, 214, 215, 216, 222, 230], "summary": {"covered_lines": 53, "num_statements": 80, "percent_covered": 58.65384615384615, "percent_covered_display": "59", "missing_lines": 27, "excluded_lines": 0, "percent_statements_covered": 66.25, "percent_statements_covered_display": "66", "num_branches": 24, "num_partial_branches": 4, "covered_branches": 8, "missing_branches": 16, "percent_branches_covered": 33.333333333333336, "percent_branches_covered_display": "33"}, "missing_lines": [53, 62, 63, 64, 70, 79, 84, 127, 129, 143, 160, 161, 162, 163, 164, 165, 166, 167, 169, 174, 217, 218, 225, 233, 234, 235, 241], "excluded_lines": [], "executed_branches": [[112, 113], [112, 115], [115, 116], [115, 118], [118, 120], [118, 125], [209, 210], [209, 214]], "missing_branches": [[50, 53], [50, 59], [62, 63], [62, 70], [160, 161], [160, 162], [162, 163], [162, 164], [164, 165], [164, 166], [166, 167], [166, 169], [222, 225], [222, 230], [233, 234], [233, 241]], "functions": {"create_dependency_rule": {"executed_lines": [46, 47, 50, 59, 80, 83], "summary": {"covered_lines": 6, "num_statements": 13, "percent_covered": 35.294117647058826, "percent_covered_display": "35", "missing_lines": 7, "excluded_lines": 0, "percent_statements_covered": 46.15384615384615, "percent_statements_covered_display": "46", "num_branches": 4, "num_partial_branches": 2, "covered_branches": 0, "missing_branches": 4, "percent_branches_covered": 0.0, "percent_branches_covered_display": "0"}, "missing_lines": [53, 62, 63, 64, 70, 79, 84], "excluded_lines": [], "start_line": 40, "executed_branches": [], "missing_branches": [[50, 53], [50, 59], [62, 63], [62, 70]]}, "list_dependency_rules": {"executed_lines": [103, 112, 113, 115, 116, 118, 120, 125, 126], "summary": {"covered_lines": 9, "num_statements": 11, "percent_covered": 88.23529411764706, "percent_covered_display": "88", "missing_lines": 2, "excluded_lines": 0, "percent_statements_covered": 81.81818181818181, "percent_statements_covered_display": "82", "num_branches": 6, "num_partial_branches": 0, "covered_branches": 6, "missing_branches": 0, "percent_branches_covered": 100.0, "percent_branches_covered_display": "100"}, "missing_lines": [127, 129], "excluded_lines": [], "start_line": 88, "executed_branches": [[112, 113], [112, 115], [115, 116], [115, 118], [118, 120], [118, 125]], "missing_branches": []}, "get_dependency_rule": {"executed_lines": [142], "summary": {"covered_lines": 1, "num_statements": 2, "percent_covered": 50.0, "percent_covered_display": "50", "missing_lines": 1, "excluded_lines": 0, "percent_statements_covered": 50.0, "percent_statements_covered_display": "50", "num_branches": 0, "num_partial_branches": 0, "covered_branches": 0, "missing_branches": 0, "percent_branches_covered": 100.0, "percent_branches_covered_display": "100"}, "missing_lines": [143], "excluded_lines": [], "start_line": 136, "executed_branches": [], "missing_branches": []}, "update_dependency_rule": {"executed_lines": [158, 170, 173], "summary": {"covered_lines": 3, "num_statements": 13, "percent_covered": 14.285714285714286, "percent_covered_display": "14", "missing_lines": 10, "excluded_lines": 0, "percent_statements_covered": 23.076923076923077, "percent_statements_covered_display": "23", "num_branches": 8, "num_partial_branches": 0, "covered_branches": 0, "missing_branches": 8, "percent_branches_covered": 0.0, "percent_branches_covered_display": "0"}, "missing_lines": [160, 161, 162, 163, 164, 165, 166, 167, 169, 174], "excluded_lines": [], "start_line": 151, "executed_branches": [], "missing_branches": [[160, 161], [160, 162], [162, 163], [162, 164], [164, 165], [164, 166], [166, 167], [166, 169]]}, "delete_dependency_rule": {"executed_lines": [188, 189, 190], "summary": {"covered_lines": 3, "num_statements": 3, "percent_covered": 100.0, "percent_covered_display": "100", "missing_lines": 0, "excluded_lines": 0, "percent_statements_covered": 100.0, "percent_statements_covered_display": "100", "num_branches": 0, "num_partial_branches": 0, "covered_branches": 0, "missing_branches": 0, "percent_branches_covered": 100.0, "percent_branches_covered_display": "100"}, "missing_lines": [], "excluded_lines": [], "start_line": 182, "executed_branches": [], "missing_branches": []}, "validate_dependency": {"executed_lines": [209, 210, 214, 215, 216, 222, 230], "summary": {"covered_lines": 7, "num_statements": 14, "percent_covered": 45.0, "percent_covered_display": "45", "missing_lines": 7, "excluded_lines": 0, "percent_statements_covered": 50.0, "percent_statements_covered_display": "50", "num_branches": 6, "num_partial_branches": 2, "covered_branches": 2, "missing_branches": 4, "percent_branches_covered": 33.333333333333336, "percent_branches_covered_display": "33"}, "missing_lines": [217, 218, 225, 233, 234, 235, 241], "excluded_lines": [], "start_line": 203, "executed_branches": [[209, 210], [209, 214]], "missing_branches": [[222, 225], [222, 230], [233, 234], [233, 241]]}, "": {"executed_lines": [4, 6, 7, 8, 9, 11, 12, 13, 14, 15, 23, 31, 34, 40, 87, 88, 135, 136, 146, 151, 177, 182, 198, 203], "summary": {"covered_lines": 24, "num_statements": 24, "percent_covered": 100.0, "percent_covered_display": "100", "missing_lines": 0, "excluded_lines": 0, "percent_statements_covered": 100.0, "percent_statements_covered_display": "100", "num_branches": 0, "num_partial_branches": 0, "covered_branches": 0, "missing_branches": 0, "percent_branches_covered": 100.0, "percent_branches_covered_display": "100"}, "missing_lines": [], "excluded_lines": [], "start_line": 1, "executed_branches": [], "missing_branches": []}}, "classes": {"": {"executed_lines": [4, 6, 7, 8, 9, 11, 12, 13, 14, 15, 23, 31, 34, 40, 46, 47, 50, 59, 80, 83, 87, 88, 103, 112, 113, 115, 116, 118, 120, 125, 126, 135, 136, 142, 146, 151, 158, 170, 173, 177, 182, 188, 189, 190, 198, 203, 209, 210, 214, 215, 216, 222, 230], "summary": {"covered_lines": 53, "num_statements": 80, "percent_covered": 58.65384615384615, "percent_covered_display": "59", "missing_lines": 27, "excluded_lines": 0, "percent_statements_covered": 66.25, "percent_statements_covered_display": "66", "num_branches": 24, "num_partial_branches": 4, "covered_branches": 8, "missing_branches": 16, "percent_branches_covered": 33.333333333333336, "percent_branches_covered_display": "33"}, "missing_lines": [53, 62, 63, 64, 70, 79, 84, 127, 129, 143, 160, 161, 162, 163, 164, 165, 166, 167, 169, 174, 217, 218, 225, 233, 234, 235, 241], "excluded_lines": [], "start_line": 1, "executed_branches": [[112, 113], [112, 115], [115, 116], [115, 118], [118, 120], [118, 125], [209, 210], [209, 214]], "missing_branches": [[50, 53], [50, 59], [62, 63], [62, 70], [160, 161], [160, 162], [162, 163], [162, 164], [164, 165], [164, 166], [166, 167], [166, 169], [222, 225], [222, 230], [233, 234], [233, 241]]}}}, "app/api/discovery.py": {"executed_lines": [1, 2, 3, 4, 5, 7, 8, 9, 10, 20, 23, 29, 31, 34, 35, 40, 41, 42, 45, 52, 63, 88, 95, 96, 102, 119, 120, 127, 144, 145, 148, 159, 160, 167, 183, 184, 187, 198, 199, 205, 216, 220, 221, 228, 231, 249, 253], "summary": {"covered_lines": 47, "num_statements": 105, "percent_covered": 38.4, "percent_covered_display": "38", "missing_lines": 58, "excluded_lines": 0, "percent_statements_covered": 44.76190476190476, "percent_statements_covered_display": "45", "num_branches": 20, "num_partial_branches": 1, "covered_branches": 1, "missing_branches": 19, "percent_branches_covered": 5.0, "percent_branches_covered_display": "5"}, "missing_lines": [30, 48, 49, 57, 58, 59, 60, 72, 73, 76, 77, 81, 82, 84, 85, 86, 89, 90, 91, 92, 108, 111, 112, 113, 114, 116, 133, 134, 136, 143, 153, 154, 155, 156, 174, 175, 176, 178, 179, 180, 181, 192, 193, 194, 195, 211, 212, 213, 215, 217, 238, 248, 259, 262, 263, 264, 265, 267], "excluded_lines": [], "executed_branches": [[29, 31]], "missing_branches": [[29, 30], [59, 60], [59, 63], [82, 84], [82, 86], [112, 113], [112, 116], [133, 134], [133, 136], [175, 176], [175, 178], [178, 179], [178, 180], [180, 181], [180, 183], [212, 213], [212, 215], [263, 264], [263, 267]], "functions": {"strip_uuid_dashes": {"executed_lines": [29, 31], "summary": {"covered_lines": 2, "num_statements": 3, "percent_covered": 60.0, "percent_covered_display": "60", "missing_lines": 1, "excluded_lines": 0, "percent_statements_covered": 66.66666666666667, "percent_statements_covered_display": "67", "num_branches": 2, "num_partial_branches": 1, "covered_branches": 1, "missing_branches": 1, "percent_branches_covered": 50.0, "percent_branches_covered_display": "50"}, "missing_lines": [30], "excluded_lines": [], "start_line": 23, "executed_branches": [[29, 31]], "missing_branches": [[29, 30]]}, "get_discovery_prompts": {"executed_lines": [40, 41, 42, 45, 52, 63, 88], "summary": {"covered_lines": 7, "num_statements": 26, "percent_covered": 23.333333333333332, "percent_covered_display": "23", "missing_lines": 19, "excluded_lines": 0, "percent_statements_covered": 26.923076923076923, "percent_statements_covered_display": "27", "num_branches": 4, "num_partial_branches": 0, "covered_branches": 0, "missing_branches": 4, "percent_branches_covered": 0.0, "percent_branches_covered_display": "0"}, "missing_lines": [48, 49, 57, 58, 59, 60, 72, 73, 76, 77, 81, 82, 84, 85, 86, 89, 90, 91, 92], "excluded_lines": [], "start_line": 35, "executed_branches": [], "missing_branches": [[59, 60], [59, 63], [82, 84], [82, 86]]}, "get_user_selections": {"executed_lines": [102], "summary": {"covered_lines": 1, "num_statements": 7, "percent_covered": 11.11111111111111, "percent_covered_display": "11", "missing_lines": 6, "excluded_lines": 0, "percent_statements_covered": 14.285714285714286, "percent_statements_covered_display": "14", "num_branches": 2, "num_partial_branches": 0, "covered_branches": 0, "missing_branches": 2, "percent_branches_covered": 0.0, "percent_branches_covered_display": "0"}, "missing_lines": [108, 111, 112, 113, 114, 116], "excluded_lines": [], "start_line": 96, "executed_branches": [], "missing_branches": [[112, 113], [112, 116]]}, "create_selection": {"executed_lines": [127, 144, 145, 148], "summary": {"covered_lines": 4, "num_statements": 12, "percent_covered": 28.571428571428573, "percent_covered_display": "29", "missing_lines": 8, "excluded_lines": 0, "percent_statements_covered": 33.333333333333336, "percent_statements_covered_display": "33", "num_branches": 2, "num_partial_branches": 0, "covered_branches": 0, "missing_branches": 2, "percent_branches_covered": 0.0, "percent_branches_covered_display": "0"}, "missing_lines": [133, 134, 136, 143, 153, 154, 155, 156], "excluded_lines": [], "start_line": 120, "executed_branches": [], "missing_branches": [[133, 134], [133, 136]]}, "update_selection": {"executed_lines": [167, 183, 184, 187], "summary": {"covered_lines": 4, "num_statements": 15, "percent_covered": 19.047619047619047, "percent_covered_display": "19", "missing_lines": 11, "excluded_lines": 0, "percent_statements_covered": 26.666666666666668, "percent_statements_covered_display": "27", "num_branches": 6, "num_partial_branches": 0, "covered_branches": 0, "missing_branches": 6, "percent_branches_covered": 0.0, "percent_branches_covered_display": "0"}, "missing_lines": [174, 175, 176, 178, 179, 180, 181, 192, 193, 194, 195], "excluded_lines": [], "start_line": 160, "executed_branches": [], "missing_branches": [[175, 176], [175, 178], [178, 179], [178, 180], [180, 181], [180, 183]]}, "delete_selection": {"executed_lines": [205, 216], "summary": {"covered_lines": 2, "num_statements": 7, "percent_covered": 22.22222222222222, "percent_covered_display": "22", "missing_lines": 5, "excluded_lines": 0, "percent_statements_covered": 28.571428571428573, "percent_statements_covered_display": "29", "num_branches": 2, "num_partial_branches": 0, "covered_branches": 0, "missing_branches": 2, "percent_branches_covered": 0.0, "percent_branches_covered_display": "0"}, "missing_lines": [211, 212, 213, 215, 217], "excluded_lines": [], "start_line": 199, "executed_branches": [], "missing_branches": [[212, 213], [212, 215]]}, "bulk_update_selections": {"executed_lines": [228, 231, 249, 253], "summary": {"covered_lines": 4, "num_statements": 12, "percent_covered": 28.571428571428573, "percent_covered_display": "29", "missing_lines": 8, "excluded_lines": 0, "percent_statements_covered": 33.333333333333336, "percent_statements_covered_display": "33", "num_branches": 2, "num_partial_branches": 0, "covered_branches": 0, "missing_branches": 2, "percent_branches_covered": 0.0, "percent_branches_covered_display": "0"}, "missing_lines": [238, 248, 259, 262, 263, 264, 265, 267], "excluded_lines": [], "start_line": 221, "executed_branches": [], "missing_branches": [[263, 264], [263, 267]]}, "": {"executed_lines": [1, 2, 3, 4, 5, 7, 8, 9, 10, 20, 23, 34, 35, 95, 96, 119, 120, 159, 160, 198, 199, 220, 221], "summary": {"covered_lines": 23, "num_statements": 23, "percent_covered": 100.0, "percent_covered_display": "100", "missing_lines": 0, "excluded_lines": 0, "percent_statements_covered": 100.0, "percent_statements_covered_display": "100", "num_branches": 0, "num_partial_branches": 0, "covered_branches": 0, "missing_branches": 0, "percent_branches_covered": 100.0, "percent_branches_covered_display": "100"}, "missing_lines": [], "excluded_lines": [], "start_line": 1, "executed_branches": [], "missing_branches": []}}, "classes": {"": {"executed_lines": [1, 2, 3, 4, 5, 7, 8, 9, 10, 20, 23, 29, 31, 34, 35, 40, 41, 42, 45, 52, 63, 88, 95, 96, 102, 119, 120, 127, 144, 145, 148, 159, 160, 167, 183, 184, 187, 198, 199, 205, 216, 220, 221, 228, 231, 249, 253], "summary": {"covered_lines": 47, "num_statements": 105, "percent_covered": 38.4, "percent_covered_display": "38", "missing_lines": 58, "excluded_lines": 0, "percent_statements_covered": 44.76190476190476, "percent_statements_covered_display": "45", "num_branches": 20, "num_partial_branches": 1, "covered_branches": 1, "missing_branches": 19, "percent_branches_covered": 5.0, "percent_branches_covered_display": "5"}, "missing_lines": [30, 48, 49, 57, 58, 59, 60, 72, 73, 76, 77, 81, 82, 84, 85, 86, 89, 90, 91, 92, 108, 111, 112, 113, 114, 116, 133, 134, 136, 143, 153, 154, 155, 156, 174, 175, 176, 178, 179, 180, 181, 192, 193, 194, 195, 211, 212, 213, 215, 217, 238, 248, 259, 262, 263, 264, 265, 267], "excluded_lines": [], "start_line": 1, "executed_branches": [[29, 31]], "missing_branches": [[29, 30], [59, 60], [59, 63], [82, 84], [82, 86], [112, 113], [112, 116], [133, 134], [133, 136], [175, 176], [175, 178], [178, 179], [178, 180], [180, 181], [180, 183], [212, 213], [212, 215], [263, 264], [263, 267]]}}}, "app/api/embeddings.py": {"executed_lines": [], "summary": {"covered_lines": 0, "num_statements": 0, "percent_covered": 100.0, "percent_covered_display": "100", "missing_lines": 0, "excluded_lines": 0, "percent_statements_covered": 100.0, "percent_statements_covered_display": "100", "num_branches": 0, "num_partial_branches": 0, "covered_branches": 0, "missing_branches": 0, "percent_branches_covered": 100.0, "percent_branches_covered_display": "100"}, "missing_lines": [], "excluded_lines": [], "executed_branches": [], "missing_branches": [], "functions": {"": {"executed_lines": [], "summary": {"covered_lines": 0, "num_statements": 0, "percent_covered": 100.0, "percent_covered_display": "100", "missing_lines": 0, "excluded_lines": 0, "percent_statements_covered": 100.0, "percent_statements_covered_display": "100", "num_branches": 0, "num_partial_branches": 0, "covered_branches": 0, "missing_branches": 0, "percent_branches_covered": 100.0, "percent_branches_covered_display": "100"}, "missing_lines": [], "excluded_lines": [], "start_line": 1, "executed_branches": [], "missing_branches": []}}, "classes": {"": {"executed_lines": [], "summary": {"covered_lines": 0, "num_statements": 0, "percent_covered": 100.0, "percent_covered_display": "100", "missing_lines": 0, "excluded_lines": 0, "percent_statements_covered": 100.0, "percent_statements_covered_display": "100", "num_branches": 0, "num_partial_branches": 0, "covered_branches": 0, "missing_branches": 0, "percent_branches_covered": 100.0, "percent_branches_covered_display": "100"}, "missing_lines": [], "excluded_lines": [], "start_line": 1, "executed_branches": [], "missing_branches": []}}}, "app/api/goals.py": {"executed_lines": [6, 8, 9, 11, 12, 13, 14, 15, 25, 41, 44, 50, 57, 58, 61, 69, 70, 74, 76, 77, 81, 82, 100, 109, 117, 118, 124, 128, 133, 139, 140, 143, 144, 151, 154, 168, 169, 173, 178, 185, 188, 189, 193, 198, 204, 205, 206, 209, 214, 221, 229, 231, 232, 236, 241, 248, 250, 256, 258, 259, 263, 268, 275, 276, 277, 279, 283, 288, 294, 295], "summary": {"covered_lines": 70, "num_statements": 98, "percent_covered": 62.06896551724138, "percent_covered_display": "62", "missing_lines": 28, "excluded_lines": 0, "percent_statements_covered": 71.42857142857143, "percent_statements_covered_display": "71", "num_branches": 18, "num_partial_branches": 2, "covered_branches": 2, "missing_branches": 16, "percent_branches_covered": 11.11111111111111, "percent_branches_covered_display": "11"}, "missing_lines": [73, 78, 111, 125, 153, 155, 157, 158, 159, 160, 161, 162, 163, 164, 165, 167, 170, 186, 187, 190, 224, 225, 226, 233, 251, 260, 280, 296], "excluded_lines": [], "executed_branches": [[57, 58], [57, 61]], "missing_branches": [[73, 74], [73, 76], [153, 154], [153, 157], [157, 158], [157, 159], [159, 160], [159, 161], [161, 162], [161, 163], [163, 164], [163, 167], [224, 225], [224, 226], [250, 251], [250, 256]], "functions": {"create_goal": {"executed_lines": [57, 58, 61, 69, 70, 74, 76, 77], "summary": {"covered_lines": 8, "num_statements": 10, "percent_covered": 71.42857142857143, "percent_covered_display": "71", "missing_lines": 2, "excluded_lines": 0, "percent_statements_covered": 80.0, "percent_statements_covered_display": "80", "num_branches": 4, "num_partial_branches": 0, "covered_branches": 2, "missing_branches": 2, "percent_branches_covered": 50.0, "percent_branches_covered_display": "50"}, "missing_lines": [73, 78], "excluded_lines": [], "start_line": 50, "executed_branches": [[57, 58], [57, 61]], "missing_branches": [[73, 74], [73, 76]]}, "list_goals": {"executed_lines": [100, 109], "summary": {"covered_lines": 2, "num_statements": 3, "percent_covered": 66.66666666666667, "percent_covered_display": "67", "missing_lines": 1, "excluded_lines": 0, "percent_statements_covered": 66.66666666666667, "percent_statements_covered_display": "67", "num_branches": 0, "num_partial_branches": 0, "covered_branches": 0, "missing_branches": 0, "percent_branches_covered": 100.0, "percent_branches_covered_display": "100"}, "missing_lines": [111], "excluded_lines": [], "start_line": 82, "executed_branches": [], "missing_branches": []}, "get_goal": {"executed_lines": [124], "summary": {"covered_lines": 1, "num_statements": 2, "percent_covered": 50.0, "percent_covered_display": "50", "missing_lines": 1, "excluded_lines": 0, "percent_statements_covered": 50.0, "percent_statements_covered_display": "50", "num_branches": 0, "num_partial_branches": 0, "covered_branches": 0, "missing_branches": 0, "percent_branches_covered": 100.0, "percent_branches_covered_display": "100"}, "missing_lines": [125], "excluded_lines": [], "start_line": 118, "executed_branches": [], "missing_branches": []}, "get_goal_tree": {"executed_lines": [139, 140], "summary": {"covered_lines": 2, "num_statements": 2, "percent_covered": 100.0, "percent_covered_display": "100", "missing_lines": 0, "excluded_lines": 0, "percent_statements_covered": 100.0, "percent_statements_covered_display": "100", "num_branches": 0, "num_partial_branches": 0, "covered_branches": 0, "missing_branches": 0, "percent_branches_covered": 100.0, "percent_branches_covered_display": "100"}, "missing_lines": [], "excluded_lines": [], "start_line": 133, "executed_branches": [], "missing_branches": []}, "update_goal": {"executed_lines": [151, 154, 168, 169], "summary": {"covered_lines": 4, "num_statements": 17, "percent_covered": 14.814814814814815, "percent_covered_display": "15", "missing_lines": 13, "excluded_lines": 0, "percent_statements_covered": 23.529411764705884, "percent_statements_covered_display": "24", "num_branches": 10, "num_partial_branches": 0, "covered_branches": 0, "missing_branches": 10, "percent_branches_covered": 0.0, "percent_branches_covered_display": "0"}, "missing_lines": [153, 155, 157, 158, 159, 160, 161, 162, 163, 164, 165, 167, 170], "excluded_lines": [], "start_line": 144, "executed_branches": [], "missing_branches": [[153, 154], [153, 157], [157, 158], [157, 159], [159, 160], [159, 161], [161, 162], [161, 163], [163, 164], [163, 167]]}, "update_goal_status": {"executed_lines": [185, 188, 189], "summary": {"covered_lines": 3, "num_statements": 6, "percent_covered": 50.0, "percent_covered_display": "50", "missing_lines": 3, "excluded_lines": 0, "percent_statements_covered": 50.0, "percent_statements_covered_display": "50", "num_branches": 0, "num_partial_branches": 0, "covered_branches": 0, "missing_branches": 0, "percent_branches_covered": 100.0, "percent_branches_covered_display": "100"}, "missing_lines": [186, 187, 190], "excluded_lines": [], "start_line": 178, "executed_branches": [], "missing_branches": []}, "delete_goal": {"executed_lines": [204, 205, 206], "summary": {"covered_lines": 3, "num_statements": 3, "percent_covered": 100.0, "percent_covered_display": "100", "missing_lines": 0, "excluded_lines": 0, "percent_statements_covered": 100.0, "percent_statements_covered_display": "100", "num_branches": 0, "num_partial_branches": 0, "covered_branches": 0, "missing_branches": 0, "percent_branches_covered": 100.0, "percent_branches_covered_display": "100"}, "missing_lines": [], "excluded_lines": [], "start_line": 198, "executed_branches": [], "missing_branches": []}, "set_goal_priorities": {"executed_lines": [221, 229, 231, 232], "summary": {"covered_lines": 4, "num_statements": 8, "percent_covered": 40.0, "percent_covered_display": "40", "missing_lines": 4, "excluded_lines": 0, "percent_statements_covered": 50.0, "percent_statements_covered_display": "50", "num_branches": 2, "num_partial_branches": 0, "covered_branches": 0, "missing_branches": 2, "percent_branches_covered": 0.0, "percent_branches_covered_display": "0"}, "missing_lines": [224, 225, 226, 233], "excluded_lines": [], "start_line": 214, "executed_branches": [], "missing_branches": [[224, 225], [224, 226]]}, "add_goal_priority": {"executed_lines": [248, 250, 256, 258, 259], "summary": {"covered_lines": 5, "num_statements": 7, "percent_covered": 55.55555555555556, "percent_covered_display": "56", "missing_lines": 2, "excluded_lines": 0, "percent_statements_covered": 71.42857142857143, "percent_statements_covered_display": "71", "num_branches": 2, "num_partial_branches": 2, "covered_branches": 0, "missing_branches": 2, "percent_branches_covered": 0.0, "percent_branches_covered_display": "0"}, "missing_lines": [251, 260], "excluded_lines": [], "start_line": 241, "executed_branches": [], "missing_branches": [[250, 251], [250, 256]]}, "remove_goal_priority": {"executed_lines": [275, 276, 277, 279], "summary": {"covered_lines": 4, "num_statements": 5, "percent_covered": 80.0, "percent_covered_display": "80", "missing_lines": 1, "excluded_lines": 0, "percent_statements_covered": 80.0, "percent_statements_covered_display": "80", "num_branches": 0, "num_partial_branches": 0, "covered_branches": 0, "missing_branches": 0, "percent_branches_covered": 100.0, "percent_branches_covered_display": "100"}, "missing_lines": [280], "excluded_lines": [], "start_line": 268, "executed_branches": [], "missing_branches": []}, "reschedule_goals": {"executed_lines": [294, 295], "summary": {"covered_lines": 2, "num_statements": 3, "percent_covered": 66.66666666666667, "percent_covered_display": "67", "missing_lines": 1, "excluded_lines": 0, "percent_statements_covered": 66.66666666666667, "percent_statements_covered_display": "67", "num_branches": 0, "num_partial_branches": 0, "covered_branches": 0, "missing_branches": 0, "percent_branches_covered": 100.0, "percent_branches_covered_display": "100"}, "missing_lines": [296], "excluded_lines": [], "start_line": 288, "executed_branches": [], "missing_branches": []}, "": {"executed_lines": [6, 8, 9, 11, 12, 13, 14, 15, 25, 41, 44, 50, 81, 82, 117, 118, 128, 133, 143, 144, 173, 178, 193, 198, 209, 214, 236, 241, 263, 268, 283, 288], "summary": {"covered_lines": 32, "num_statements": 32, "percent_covered": 100.0, "percent_covered_display": "100", "missing_lines": 0, "excluded_lines": 0, "percent_statements_covered": 100.0, "percent_statements_covered_display": "100", "num_branches": 0, "num_partial_branches": 0, "covered_branches": 0, "missing_branches": 0, "percent_branches_covered": 100.0, "percent_branches_covered_display": "100"}, "missing_lines": [], "excluded_lines": [], "start_line": 1, "executed_branches": [], "missing_branches": []}}, "classes": {"": {"executed_lines": [6, 8, 9, 11, 12, 13, 14, 15, 25, 41, 44, 50, 57, 58, 61, 69, 70, 74, 76, 77, 81, 82, 100, 109, 117, 118, 124, 128, 133, 139, 140, 143, 144, 151, 154, 168, 169, 173, 178, 185, 188, 189, 193, 198, 204, 205, 206, 209, 214, 221, 229, 231, 232, 236, 241, 248, 250, 256, 258, 259, 263, 268, 275, 276, 277, 279, 283, 288, 294, 295], "summary": {"covered_lines": 70, "num_statements": 98, "percent_covered": 62.06896551724138, "percent_covered_display": "62", "missing_lines": 28, "excluded_lines": 0, "percent_statements_covered": 71.42857142857143, "percent_statements_covered_display": "71", "num_branches": 18, "num_partial_branches": 2, "covered_branches": 2, "missing_branches": 16, "percent_branches_covered": 11.11111111111111, "percent_branches_covered_display": "11"}, "missing_lines": [73, 78, 111, 125, 153, 155, 157, 158, 159, 160, 161, 162, 163, 164, 165, 167, 170, 186, 187, 190, 224, 225, 226, 233, 251, 260, 280, 296], "excluded_lines": [], "start_line": 1, "executed_branches": [[57, 58], [57, 61]], "missing_branches": [[73, 74], [73, 76], [153, 154], [153, 157], [157, 158], [157, 159], [159, 160], [159, 161], [161, 162], [161, 163], [163, 164], [163, 167], [224, 225], [224, 226], [250, 251], [250, 256]]}}}, "app/api/health.py": {"executed_lines": [1, 3, 6, 7, 9], "summary": {"covered_lines": 5, "num_statements": 5, "percent_covered": 100.0, "percent_covered_display": "100", "missing_lines": 0, "excluded_lines": 0, "percent_statements_covered": 100.0, "percent_statements_covered_display": "100", "num_branches": 0, "num_partial_branches": 0, "covered_branches": 0, "missing_branches": 0, "percent_branches_covered": 100.0, "percent_branches_covered_display": "100"}, "missing_lines": [], "excluded_lines": [], "executed_branches": [], "missing_branches": [], "functions": {"health_check": {"executed_lines": [9], "summary": {"covered_lines": 1, "num_statements": 1, "percent_covered": 100.0, "percent_covered_display": "100", "missing_lines": 0, "excluded_lines": 0, "percent_statements_covered": 100.0, "percent_statements_covered_display": "100", "num_branches": 0, "num_partial_branches": 0, "covered_branches": 0, "missing_branches": 0, "percent_branches_covered": 100.0, "percent_branches_covered_display": "100"}, "missing_lines": [], "excluded_lines": [], "start_line": 7, "executed_branches": [], "missing_branches": []}, "": {"executed_lines": [1, 3, 6, 7], "summary": {"covered_lines": 4, "num_statements": 4, "percent_covered": 100.0, "percent_covered_display": "100", "missing_lines": 0, "excluded_lines": 0, "percent_statements_covered": 100.0, "percent_statements_covered_display": "100", "num_branches": 0, "num_partial_branches": 0, "covered_branches": 0, "missing_branches": 0, "percent_branches_covered": 100.0, "percent_branches_covered_display": "100"}, "missing_lines": [], "excluded_lines": [], "start_line": 1, "executed_branches": [], "missing_branches": []}}, "classes": {"": {"executed_lines": [1, 3, 6, 7, 9], "summary": {"covered_lines": 5, "num_statements": 5, "percent_covered": 100.0, "percent_covered_display": "100", "missing_lines": 0, "excluded_lines": 0, "percent_statements_covered": 100.0, "percent_statements_covered_display": "100", "num_branches": 0, "num_partial_branches": 0, "covered_branches": 0, "missing_branches": 0, "percent_branches_covered": 100.0, "percent_branches_covered_display": "100"}, "missing_lines": [], "excluded_lines": [], "start_line": 1, "executed_branches": [], "missing_branches": []}}}, "app/api/helpers/__init__.py": {"executed_lines": [], "summary": {"covered_lines": 0, "num_statements": 0, "percent_covered": 100.0, "percent_covered_display": "100", "missing_lines": 0, "excluded_lines": 0, "percent_statements_covered": 100.0, "percent_statements_covered_display": "100", "num_branches": 0, "num_partial_branches": 0, "covered_branches": 0, "missing_branches": 0, "percent_branches_covered": 100.0, "percent_branches_covered_display": "100"}, "missing_lines": [], "excluded_lines": [], "executed_branches": [], "missing_branches": [], "functions": {"": {"executed_lines": [], "summary": {"covered_lines": 0, "num_statements": 0, "percent_covered": 100.0, "percent_covered_display": "100", "missing_lines": 0, "excluded_lines": 0, "percent_statements_covered": 100.0, "percent_statements_covered_display": "100", "num_branches": 0, "num_partial_branches": 0, "covered_branches": 0, "missing_branches": 0, "percent_branches_covered": 100.0, "percent_branches_covered_display": "100"}, "missing_lines": [], "excluded_lines": [], "start_line": 1, "executed_branches": [], "missing_branches": []}}, "classes": {"": {"executed_lines": [], "summary": {"covered_lines": 0, "num_statements": 0, "percent_covered": 100.0, "percent_covered_display": "100", "missing_lines": 0, "excluded_lines": 0, "percent_statements_covered": 100.0, "percent_statements_covered_display": "100", "num_branches": 0, "num_partial_branches": 0, "covered_branches": 0, "missing_branches": 0, "percent_branches_covered": 100.0, "percent_branches_covered_display": "100"}, "missing_lines": [], "excluded_lines": [], "start_line": 1, "executed_branches": [], "missing_branches": []}}}, "app/api/helpers/completion_helpers.py": {"executed_lines": [7, 8, 11, 12, 14, 15, 16, 17, 18, 19, 20, 21, 24, 26, 27, 28, 29, 30, 33, 43, 44, 45, 48, 62, 63, 66, 67, 69, 70, 72, 75, 84, 85, 86, 87, 88, 91, 92, 93, 94, 95, 98, 108, 109, 110, 111, 112, 115, 116, 117, 120, 121, 122, 123, 124, 125, 128, 142, 144, 145, 146, 147, 148, 149, 151, 161, 164, 174, 175, 176], "summary": {"covered_lines": 70, "num_statements": 70, "percent_covered": 100.0, "percent_covered_display": "100", "missing_lines": 0, "excluded_lines": 0, "percent_statements_covered": 100.0, "percent_statements_covered_display": "100", "num_branches": 30, "num_partial_branches": 0, "covered_branches": 30, "missing_branches": 0, "percent_branches_covered": 100.0, "percent_branches_covered_display": "100"}, "missing_lines": [], "excluded_lines": [], "executed_branches": [[26, 27], [26, 28], [28, 29], [28, 30], [43, 44], [43, 45], [62, 63], [62, 66], [69, 70], [69, 72], [84, 85], [84, 86], [86, 87], [86, 88], [91, -75], [91, 92], [93, 94], [93, 95], [108, 109], [108, 110], [110, 111], [110, 112], [115, 116], [115, 117], [120, -98], [120, 121], [122, 123], [122, 124], [144, 145], [144, 161]], "missing_branches": [], "functions": {"ensure_timezone_aware": {"executed_lines": [26, 27, 28, 29, 30], "summary": {"covered_lines": 5, "num_statements": 5, "percent_covered": 100.0, "percent_covered_display": "100", "missing_lines": 0, "excluded_lines": 0, "percent_statements_covered": 100.0, "percent_statements_covered_display": "100", "num_branches": 4, "num_partial_branches": 0, "covered_branches": 4, "missing_branches": 0, "percent_branches_covered": 100.0, "percent_branches_covered_display": "100"}, "missing_lines": [], "excluded_lines": [], "start_line": 24, "executed_branches": [[26, 27], [26, 28], [28, 29], [28, 30]], "missing_branches": []}, "determine_date_key": {"executed_lines": [43, 44, 45], "summary": {"covered_lines": 3, "num_statements": 3, "percent_covered": 100.0, "percent_covered_display": "100", "missing_lines": 0, "excluded_lines": 0, "percent_statements_covered": 100.0, "percent_statements_covered_display": "100", "num_branches": 2, "num_partial_branches": 0, "covered_branches": 2, "missing_branches": 0, "percent_branches_covered": 100.0, "percent_branches_covered_display": "100"}, "missing_lines": [], "excluded_lines": [], "start_line": 33, "executed_branches": [[43, 44], [43, 45]], "missing_branches": []}, "process_completion_row": {"executed_lines": [62, 63, 66, 67, 69, 70, 72], "summary": {"covered_lines": 7, "num_statements": 7, "percent_covered": 100.0, "percent_covered_display": "100", "missing_lines": 0, "excluded_lines": 0, "percent_statements_covered": 100.0, "percent_statements_covered_display": "100", "num_branches": 4, "num_partial_branches": 0, "covered_branches": 4, "missing_branches": 0, "percent_branches_covered": 100.0, "percent_branches_covered_display": "100"}, "missing_lines": [], "excluded_lines": [], "start_line": 48, "executed_branches": [[62, 63], [62, 66], [69, 70], [69, 72]], "missing_branches": []}, "_process_completion": {"executed_lines": [84, 85, 86, 87, 88, 91, 92, 93, 94, 95], "summary": {"covered_lines": 10, "num_statements": 10, "percent_covered": 100.0, "percent_covered_display": "100", "missing_lines": 0, "excluded_lines": 0, "percent_statements_covered": 100.0, "percent_statements_covered_display": "100", "num_branches": 8, "num_partial_branches": 0, "covered_branches": 8, "missing_branches": 0, "percent_branches_covered": 100.0, "percent_branches_covered_display": "100"}, "missing_lines": [], "excluded_lines": [], "start_line": 75, "executed_branches": [[84, 85], [84, 86], [86, 87], [86, 88], [91, -75], [91, 92], [93, 94], [93, 95]], "missing_branches": []}, "_process_skip": {"executed_lines": [108, 109, 110, 111, 112, 115, 116, 117, 120, 121, 122, 123, 124, 125], "summary": {"covered_lines": 14, "num_statements": 14, "percent_covered": 100.0, "percent_covered_display": "100", "missing_lines": 0, "excluded_lines": 0, "percent_statements_covered": 100.0, "percent_statements_covered_display": "100", "num_branches": 10, "num_partial_branches": 0, "covered_branches": 10, "missing_branches": 0, "percent_branches_covered": 100.0, "percent_branches_covered_display": "100"}, "missing_lines": [], "excluded_lines": [], "start_line": 98, "executed_branches": [[108, 109], [108, 110], [110, 111], [110, 112], [115, 116], [115, 117], [120, -98], [120, 121], [122, 123], [122, 124]], "missing_branches": []}, "process_all_completion_rows": {"executed_lines": [142, 144, 145, 146, 147, 148, 149, 151, 161], "summary": {"covered_lines": 9, "num_statements": 9, "percent_covered": 100.0, "percent_covered_display": "100", "missing_lines": 0, "excluded_lines": 0, "percent_statements_covered": 100.0, "percent_statements_covered_display": "100", "num_branches": 2, "num_partial_branches": 0, "covered_branches": 2, "missing_branches": 0, "percent_branches_covered": 100.0, "percent_branches_covered_display": "100"}, "missing_lines": [], "excluded_lines": [], "start_line": 128, "executed_branches": [[144, 145], [144, 161]], "missing_branches": []}, "count_task_statuses": {"executed_lines": [174, 175, 176], "summary": {"covered_lines": 3, "num_statements": 3, "percent_covered": 100.0, "percent_covered_display": "100", "missing_lines": 0, "excluded_lines": 0, "percent_statements_covered": 100.0, "percent_statements_covered_display": "100", "num_branches": 0, "num_partial_branches": 0, "covered_branches": 0, "missing_branches": 0, "percent_branches_covered": 100.0, "percent_branches_covered_display": "100"}, "missing_lines": [], "excluded_lines": [], "start_line": 164, "executed_branches": [], "missing_branches": []}, "": {"executed_lines": [7, 8, 11, 12, 14, 15, 16, 17, 18, 19, 20, 21, 24, 33, 48, 75, 98, 128, 164], "summary": {"covered_lines": 19, "num_statements": 19, "percent_covered": 100.0, "percent_covered_display": "100", "missing_lines": 0, "excluded_lines": 0, "percent_statements_covered": 100.0, "percent_statements_covered_display": "100", "num_branches": 0, "num_partial_branches": 0, "covered_branches": 0, "missing_branches": 0, "percent_branches_covered": 100.0, "percent_branches_covered_display": "100"}, "missing_lines": [], "excluded_lines": [], "start_line": 1, "executed_branches": [], "missing_branches": []}}, "classes": {"CompletionDataMaps": {"executed_lines": [], "summary": {"covered_lines": 0, "num_statements": 0, "percent_covered": 100.0, "percent_covered_display": "100", "missing_lines": 0, "excluded_lines": 0, "percent_statements_covered": 100.0, "percent_statements_covered_display": "100", "num_branches": 0, "num_partial_branches": 0, "covered_branches": 0, "missing_branches": 0, "percent_branches_covered": 100.0, "percent_branches_covered_display": "100"}, "missing_lines": [], "excluded_lines": [], "start_line": 12, "executed_branches": [], "missing_branches": []}, "": {"executed_lines": [7, 8, 11, 12, 14, 15, 16, 17, 18, 19, 20, 21, 24, 26, 27, 28, 29, 30, 33, 43, 44, 45, 48, 62, 63, 66, 67, 69, 70, 72, 75, 84, 85, 86, 87, 88, 91, 92, 93, 94, 95, 98, 108, 109, 110, 111, 112, 115, 116, 117, 120, 121, 122, 123, 124, 125, 128, 142, 144, 145, 146, 147, 148, 149, 151, 161, 164, 174, 175, 176], "summary": {"covered_lines": 70, "num_statements": 70, "percent_covered": 100.0, "percent_covered_display": "100", "missing_lines": 0, "excluded_lines": 0, "percent_statements_covered": 100.0, "percent_statements_covered_display": "100", "num_branches": 30, "num_partial_branches": 0, "covered_branches": 30, "missing_branches": 0, "percent_branches_covered": 100.0, "percent_branches_covered_display": "100"}, "missing_lines": [], "excluded_lines": [], "start_line": 1, "executed_branches": [[26, 27], [26, 28], [28, 29], [28, 30], [43, 44], [43, 45], [62, 63], [62, 66], [69, 70], [69, 72], [84, 85], [84, 86], [86, 87], [86, 88], [91, -75], [91, 92], [93, 94], [93, 95], [108, 109], [108, 110], [110, 111], [110, 112], [115, 116], [115, 117], [120, -98], [120, 121], [122, 123], [122, 124], [144, 145], [144, 161]], "missing_branches": []}}}, "app/api/helpers/dependency_helpers.py": {"executed_lines": [4, 5, 6, 7, 9, 10, 11, 14, 18, 26, 27, 28, 29, 30, 33, 37, 38, 39, 40, 41, 42, 45, 49, 53, 54, 57, 64, 65, 66, 69, 70, 71, 72, 73, 76, 77, 78, 80, 81, 83, 84, 85, 86, 87, 89, 90, 91, 92, 93, 94, 95, 97, 98, 99, 101, 104, 106, 107, 108, 115, 116, 117, 124], "summary": {"covered_lines": 63, "num_statements": 64, "percent_covered": 95.45454545454545, "percent_covered_display": "95", "missing_lines": 1, "excluded_lines": 0, "percent_statements_covered": 98.4375, "percent_statements_covered_display": "98", "num_branches": 24, "num_partial_branches": 3, "covered_branches": 21, "missing_branches": 3, "percent_branches_covered": 87.5, "percent_branches_covered_display": "88"}, "missing_lines": [88], "excluded_lines": [], "executed_branches": [[28, 29], [28, 30], [40, 41], [40, 42], [70, 71], [70, 76], [71, 72], [76, 77], [84, 85], [84, 87], [87, 89], [91, 92], [91, 94], [92, 91], [92, 93], [97, 98], [97, 101], [107, 108], [107, 115], [116, 117], [116, 124]], "missing_branches": [[71, 73], [76, 78], [87, 88]], "functions": {"get_rule_or_404": {"executed_lines": [18, 26, 27, 28, 29, 30], "summary": {"covered_lines": 6, "num_statements": 6, "percent_covered": 100.0, "percent_covered_display": "100", "missing_lines": 0, "excluded_lines": 0, "percent_statements_covered": 100.0, "percent_statements_covered_display": "100", "num_branches": 2, "num_partial_branches": 0, "covered_branches": 2, "missing_branches": 0, "percent_branches_covered": 100.0, "percent_branches_covered_display": "100"}, "missing_lines": [], "excluded_lines": [], "start_line": 14, "executed_branches": [[28, 29], [28, 30]], "missing_branches": []}, "get_task_or_404_for_dep": {"executed_lines": [37, 38, 39, 40, 41, 42], "summary": {"covered_lines": 6, "num_statements": 6, "percent_covered": 100.0, "percent_covered_display": "100", "missing_lines": 0, "excluded_lines": 0, "percent_statements_covered": 100.0, "percent_statements_covered_display": "100", "num_branches": 2, "num_partial_branches": 0, "covered_branches": 2, "missing_branches": 0, "percent_branches_covered": 100.0, "percent_branches_covered_display": "100"}, "missing_lines": [], "excluded_lines": [], "start_line": 33, "executed_branches": [[40, 41], [40, 42]], "missing_branches": []}, "check_rule_exists": {"executed_lines": [49, 53, 54], "summary": {"covered_lines": 3, "num_statements": 3, "percent_covered": 100.0, "percent_covered_display": "100", "missing_lines": 0, "excluded_lines": 0, "percent_statements_covered": 100.0, "percent_statements_covered_display": "100", "num_branches": 0, "num_partial_branches": 0, "covered_branches": 0, "missing_branches": 0, "percent_branches_covered": 100.0, "percent_branches_covered_display": "100"}, "missing_lines": [], "excluded_lines": [], "start_line": 45, "executed_branches": [], "missing_branches": []}, "detect_cycle": {"executed_lines": [64, 65, 66, 69, 70, 71, 72, 73, 76, 77, 78, 80, 81, 83, 97, 98, 99, 101], "summary": {"covered_lines": 18, "num_statements": 18, "percent_covered": 92.3076923076923, "percent_covered_display": "92", "missing_lines": 0, "excluded_lines": 0, "percent_statements_covered": 100.0, "percent_statements_covered_display": "100", "num_branches": 8, "num_partial_branches": 2, "covered_branches": 6, "missing_branches": 2, "percent_branches_covered": 75.0, "percent_branches_covered_display": "75"}, "missing_lines": [], "excluded_lines": [], "start_line": 57, "executed_branches": [[70, 71], [70, 76], [71, 72], [76, 77], [97, 98], [97, 101]], "missing_branches": [[71, 73], [76, 78]]}, "detect_cycle.dfs": {"executed_lines": [84, 85, 86, 87, 89, 90, 91, 92, 93, 94, 95], "summary": {"covered_lines": 11, "num_statements": 12, "percent_covered": 90.0, "percent_covered_display": "90", "missing_lines": 1, "excluded_lines": 0, "percent_statements_covered": 91.66666666666667, "percent_statements_covered_display": "92", "num_branches": 8, "num_partial_branches": 1, "covered_branches": 7, "missing_branches": 1, "percent_branches_covered": 87.5, "percent_branches_covered_display": "88"}, "missing_lines": [88], "excluded_lines": [], "start_line": 83, "executed_branches": [[84, 85], [84, 87], [87, 89], [91, 92], [91, 94], [92, 91], [92, 93]], "missing_branches": [[87, 88]]}, "rule_to_response": {"executed_lines": [106, 107, 108, 115, 116, 117, 124], "summary": {"covered_lines": 7, "num_statements": 7, "percent_covered": 100.0, "percent_covered_display": "100", "missing_lines": 0, "excluded_lines": 0, "percent_statements_covered": 100.0, "percent_statements_covered_display": "100", "num_branches": 4, "num_partial_branches": 0, "covered_branches": 4, "missing_branches": 0, "percent_branches_covered": 100.0, "percent_branches_covered_display": "100"}, "missing_lines": [], "excluded_lines": [], "start_line": 104, "executed_branches": [[107, 108], [107, 115], [116, 117], [116, 124]], "missing_branches": []}, "": {"executed_lines": [4, 5, 6, 7, 9, 10, 11, 14, 33, 45, 57, 104], "summary": {"covered_lines": 12, "num_statements": 12, "percent_covered": 100.0, "percent_covered_display": "100", "missing_lines": 0, "excluded_lines": 0, "percent_statements_covered": 100.0, "percent_statements_covered_display": "100", "num_branches": 0, "num_partial_branches": 0, "covered_branches": 0, "missing_branches": 0, "percent_branches_covered": 100.0, "percent_branches_covered_display": "100"}, "missing_lines": [], "excluded_lines": [], "start_line": 1, "executed_branches": [], "missing_branches": []}}, "classes": {"": {"executed_lines": [4, 5, 6, 7, 9, 10, 11, 14, 18, 26, 27, 28, 29, 30, 33, 37, 38, 39, 40, 41, 42, 45, 49, 53, 54, 57, 64, 65, 66, 69, 70, 71, 72, 73, 76, 77, 78, 80, 81, 83, 84, 85, 86, 87, 89, 90, 91, 92, 93, 94, 95, 97, 98, 99, 101, 104, 106, 107, 108, 115, 116, 117, 124], "summary": {"covered_lines": 63, "num_statements": 64, "percent_covered": 95.45454545454545, "percent_covered_display": "95", "missing_lines": 1, "excluded_lines": 0, "percent_statements_covered": 98.4375, "percent_statements_covered_display": "98", "num_branches": 24, "num_partial_branches": 3, "covered_branches": 21, "missing_branches": 3, "percent_branches_covered": 87.5, "percent_branches_covered_display": "88"}, "missing_lines": [88], "excluded_lines": [], "start_line": 1, "executed_branches": [[28, 29], [28, 30], [40, 41], [40, 42], [70, 71], [70, 76], [71, 72], [76, 77], [84, 85], [84, 87], [87, 89], [91, 92], [91, 94], [92, 91], [92, 93], [97, 98], [97, 101], [107, 108], [107, 115], [116, 117], [116, 124]], "missing_branches": [[71, 73], [76, 78], [87, 88]]}}}, "app/api/helpers/goal_helpers.py": {"executed_lines": [4, 6, 7, 8, 9, 11, 12, 15, 19, 28, 29, 30, 34, 37, 39, 49, 52, 54, 55, 56, 57, 64, 65, 72, 75, 77, 96, 98, 118, 122, 123, 128, 129, 130, 134, 135, 138, 140, 147, 150, 154, 160, 163, 167, 173, 174, 175, 179, 182, 185, 187, 188, 194, 196, 197, 198, 199, 200, 203, 207, 208, 209, 213, 216, 223, 224, 225, 230, 234, 239, 243, 254, 258, 268, 278, 279, 281, 282, 284, 285, 287, 288, 289, 294, 295, 299, 301], "summary": {"covered_lines": 87, "num_statements": 97, "percent_covered": 89.62962962962963, "percent_covered_display": "90", "missing_lines": 10, "excluded_lines": 0, "percent_statements_covered": 89.69072164948453, "percent_statements_covered_display": "90", "num_branches": 38, "num_partial_branches": 2, "covered_branches": 34, "missing_branches": 4, "percent_branches_covered": 89.47368421052632, "percent_branches_covered_display": "89"}, "missing_lines": [226, 227, 228, 232, 233, 235, 236, 253, 255, 302], "excluded_lines": [], "executed_branches": [[29, 30], [29, 34], [55, 56], [55, 72], [56, 57], [56, 64], [64, 55], [64, 65], [122, -118], [122, 123], [129, 130], [129, 134], [174, 175], [174, 179], [187, -185], [187, 188], [197, 198], [197, 199], [199, 200], [207, 208], [208, 209], [208, 213], [224, 225], [224, 230], [278, 279], [278, 281], [281, 282], [281, 284], [284, 285], [284, 287], [287, 288], [287, 294], [294, 295], [294, 299]], "missing_branches": [[199, -194], [207, -203], [233, 234], [233, 236]], "functions": {"get_goal_or_404": {"executed_lines": [19, 28, 29, 30, 34], "summary": {"covered_lines": 5, "num_statements": 5, "percent_covered": 100.0, "percent_covered_display": "100", "missing_lines": 0, "excluded_lines": 0, "percent_statements_covered": 100.0, "percent_statements_covered_display": "100", "num_branches": 2, "num_partial_branches": 0, "covered_branches": 2, "missing_branches": 0, "percent_branches_covered": 100.0, "percent_branches_covered_display": "100"}, "missing_lines": [], "excluded_lines": [], "start_line": 15, "executed_branches": [[29, 30], [29, 34]], "missing_branches": []}, "reload_goal_with_eager_loading": {"executed_lines": [39, 49], "summary": {"covered_lines": 2, "num_statements": 2, "percent_covered": 100.0, "percent_covered_display": "100", "missing_lines": 0, "excluded_lines": 0, "percent_statements_covered": 100.0, "percent_statements_covered_display": "100", "num_branches": 0, "num_partial_branches": 0, "covered_branches": 0, "missing_branches": 0, "percent_branches_covered": 100.0, "percent_branches_covered_display": "100"}, "missing_lines": [], "excluded_lines": [], "start_line": 37, "executed_branches": [], "missing_branches": []}, "_extract_priorities_from_goal": {"executed_lines": [54, 55, 56, 57, 64, 65, 72], "summary": {"covered_lines": 7, "num_statements": 7, "percent_covered": 100.0, "percent_covered_display": "100", "missing_lines": 0, "excluded_lines": 0, "percent_statements_covered": 100.0, "percent_statements_covered_display": "100", "num_branches": 6, "num_partial_branches": 0, "covered_branches": 6, "missing_branches": 0, "percent_branches_covered": 100.0, "percent_branches_covered_display": "100"}, "missing_lines": [], "excluded_lines": [], "start_line": 52, "executed_branches": [[55, 56], [55, 72], [56, 57], [56, 64], [64, 55], [64, 65]], "missing_branches": []}, "goal_to_response": {"executed_lines": [77], "summary": {"covered_lines": 1, "num_statements": 1, "percent_covered": 100.0, "percent_covered_display": "100", "missing_lines": 0, "excluded_lines": 0, "percent_statements_covered": 100.0, "percent_statements_covered_display": "100", "num_branches": 0, "num_partial_branches": 0, "covered_branches": 0, "missing_branches": 0, "percent_branches_covered": 100.0, "percent_branches_covered_display": "100"}, "missing_lines": [], "excluded_lines": [], "start_line": 75, "executed_branches": [], "missing_branches": []}, "goal_to_tree_response": {"executed_lines": [98], "summary": {"covered_lines": 1, "num_statements": 1, "percent_covered": 100.0, "percent_covered_display": "100", "missing_lines": 0, "excluded_lines": 0, "percent_statements_covered": 100.0, "percent_statements_covered_display": "100", "num_branches": 0, "num_partial_branches": 0, "covered_branches": 0, "missing_branches": 0, "percent_branches_covered": 100.0, "percent_branches_covered_display": "100"}, "missing_lines": [], "excluded_lines": [], "start_line": 96, "executed_branches": [], "missing_branches": []}, "create_priority_links": {"executed_lines": [122, 123, 128, 129, 130, 134, 135], "summary": {"covered_lines": 7, "num_statements": 7, "percent_covered": 100.0, "percent_covered_display": "100", "missing_lines": 0, "excluded_lines": 0, "percent_statements_covered": 100.0, "percent_statements_covered_display": "100", "num_branches": 4, "num_partial_branches": 0, "covered_branches": 4, "missing_branches": 0, "percent_branches_covered": 100.0, "percent_branches_covered_display": "100"}, "missing_lines": [], "excluded_lines": [], "start_line": 118, "executed_branches": [[122, -118], [122, 123], [129, 130], [129, 134]], "missing_branches": []}, "get_reschedule_count": {"executed_lines": [140, 147], "summary": {"covered_lines": 2, "num_statements": 2, "percent_covered": 100.0, "percent_covered_display": "100", "missing_lines": 0, "excluded_lines": 0, "percent_statements_covered": 100.0, "percent_statements_covered_display": "100", "num_branches": 0, "num_partial_branches": 0, "covered_branches": 0, "missing_branches": 0, "percent_branches_covered": 100.0, "percent_branches_covered_display": "100"}, "missing_lines": [], "excluded_lines": [], "start_line": 138, "executed_branches": [], "missing_branches": []}, "check_priority_link_exists": {"executed_lines": [154, 160], "summary": {"covered_lines": 2, "num_statements": 2, "percent_covered": 100.0, "percent_covered_display": "100", "missing_lines": 0, "excluded_lines": 0, "percent_statements_covered": 100.0, "percent_statements_covered_display": "100", "num_branches": 0, "num_partial_branches": 0, "covered_branches": 0, "missing_branches": 0, "percent_branches_covered": 100.0, "percent_branches_covered_display": "100"}, "missing_lines": [], "excluded_lines": [], "start_line": 150, "executed_branches": [], "missing_branches": []}, "delete_priority_link": {"executed_lines": [167, 173, 174, 175, 179], "summary": {"covered_lines": 5, "num_statements": 5, "percent_covered": 100.0, "percent_covered_display": "100", "missing_lines": 0, "excluded_lines": 0, "percent_statements_covered": 100.0, "percent_statements_covered_display": "100", "num_branches": 2, "num_partial_branches": 0, "covered_branches": 2, "missing_branches": 0, "percent_branches_covered": 100.0, "percent_branches_covered_display": "100"}, "missing_lines": [], "excluded_lines": [], "start_line": 163, "executed_branches": [[174, 175], [174, 179]], "missing_branches": []}, "validate_goal_status": {"executed_lines": [187, 188], "summary": {"covered_lines": 2, "num_statements": 2, "percent_covered": 100.0, "percent_covered_display": "100", "missing_lines": 0, "excluded_lines": 0, "percent_statements_covered": 100.0, "percent_statements_covered_display": "100", "num_branches": 2, "num_partial_branches": 0, "covered_branches": 2, "missing_branches": 0, "percent_branches_covered": 100.0, "percent_branches_covered_display": "100"}, "missing_lines": [], "excluded_lines": [], "start_line": 185, "executed_branches": [[187, -185], [187, 188]], "missing_branches": []}, "apply_goal_status": {"executed_lines": [196, 197, 198, 199, 200], "summary": {"covered_lines": 5, "num_statements": 5, "percent_covered": 88.88888888888889, "percent_covered_display": "89", "missing_lines": 0, "excluded_lines": 0, "percent_statements_covered": 100.0, "percent_statements_covered_display": "100", "num_branches": 4, "num_partial_branches": 1, "covered_branches": 3, "missing_branches": 1, "percent_branches_covered": 75.0, "percent_branches_covered_display": "75"}, "missing_lines": [], "excluded_lines": [], "start_line": 194, "executed_branches": [[197, 198], [197, 199], [199, 200]], "missing_branches": [[199, -194]]}, "validate_parent_goal": {"executed_lines": [207, 208, 209, 213], "summary": {"covered_lines": 4, "num_statements": 4, "percent_covered": 87.5, "percent_covered_display": "88", "missing_lines": 0, "excluded_lines": 0, "percent_statements_covered": 100.0, "percent_statements_covered_display": "100", "num_branches": 4, "num_partial_branches": 1, "covered_branches": 3, "missing_branches": 1, "percent_branches_covered": 75.0, "percent_branches_covered_display": "75"}, "missing_lines": [], "excluded_lines": [], "start_line": 203, "executed_branches": [[207, 208], [208, 209], [208, 213]], "missing_branches": [[207, -203]]}, "reschedule_goals_bulk": {"executed_lines": [223, 224, 225, 230, 234], "summary": {"covered_lines": 5, "num_statements": 12, "percent_covered": 43.75, "percent_covered_display": "44", "missing_lines": 7, "excluded_lines": 0, "percent_statements_covered": 41.666666666666664, "percent_statements_covered_display": "42", "num_branches": 4, "num_partial_branches": 0, "covered_branches": 2, "missing_branches": 2, "percent_branches_covered": 50.0, "percent_branches_covered_display": "50"}, "missing_lines": [226, 227, 228, 232, 233, 235, 236], "excluded_lines": [], "start_line": 216, "executed_branches": [[224, 225], [224, 230]], "missing_branches": [[233, 234], [233, 236]]}, "build_goal_tree": {"executed_lines": [243, 254], "summary": {"covered_lines": 2, "num_statements": 4, "percent_covered": 50.0, "percent_covered_display": "50", "missing_lines": 2, "excluded_lines": 0, "percent_statements_covered": 50.0, "percent_statements_covered_display": "50", "num_branches": 0, "num_partial_branches": 0, "covered_branches": 0, "missing_branches": 0, "percent_branches_covered": 100.0, "percent_branches_covered_display": "100"}, "missing_lines": [253, 255], "excluded_lines": [], "start_line": 239, "executed_branches": [], "missing_branches": []}, "list_goals_query": {"executed_lines": [268, 278, 279, 281, 282, 284, 285, 287, 288, 289, 294, 295, 299, 301], "summary": {"covered_lines": 14, "num_statements": 15, "percent_covered": 96.0, "percent_covered_display": "96", "missing_lines": 1, "excluded_lines": 0, "percent_statements_covered": 93.33333333333333, "percent_statements_covered_display": "93", "num_branches": 10, "num_partial_branches": 0, "covered_branches": 10, "missing_branches": 0, "percent_branches_covered": 100.0, "percent_branches_covered_display": "100"}, "missing_lines": [302], "excluded_lines": [], "start_line": 258, "executed_branches": [[278, 279], [278, 281], [281, 282], [281, 284], [284, 285], [284, 287], [287, 288], [287, 294], [294, 295], [294, 299]], "missing_branches": []}, "": {"executed_lines": [4, 6, 7, 8, 9, 11, 12, 15, 37, 52, 75, 96, 118, 138, 150, 163, 182, 185, 194, 203, 216, 239, 258], "summary": {"covered_lines": 23, "num_statements": 23, "percent_covered": 100.0, "percent_covered_display": "100", "missing_lines": 0, "excluded_lines": 0, "percent_statements_covered": 100.0, "percent_statements_covered_display": "100", "num_branches": 0, "num_partial_branches": 0, "covered_branches": 0, "missing_branches": 0, "percent_branches_covered": 100.0, "percent_branches_covered_display": "100"}, "missing_lines": [], "excluded_lines": [], "start_line": 1, "executed_branches": [], "missing_branches": []}}, "classes": {"": {"executed_lines": [4, 6, 7, 8, 9, 11, 12, 15, 19, 28, 29, 30, 34, 37, 39, 49, 52, 54, 55, 56, 57, 64, 65, 72, 75, 77, 96, 98, 118, 122, 123, 128, 129, 130, 134, 135, 138, 140, 147, 150, 154, 160, 163, 167, 173, 174, 175, 179, 182, 185, 187, 188, 194, 196, 197, 198, 199, 200, 203, 207, 208, 209, 213, 216, 223, 224, 225, 230, 234, 239, 243, 254, 258, 268, 278, 279, 281, 282, 284, 285, 287, 288, 289, 294, 295, 299, 301], "summary": {"covered_lines": 87, "num_statements": 97, "percent_covered": 89.62962962962963, "percent_covered_display": "90", "missing_lines": 10, "excluded_lines": 0, "percent_statements_covered": 89.69072164948453, "percent_statements_covered_display": "90", "num_branches": 38, "num_partial_branches": 2, "covered_branches": 34, "missing_branches": 4, "percent_branches_covered": 89.47368421052632, "percent_branches_covered_display": "89"}, "missing_lines": [226, 227, 228, 232, 233, 235, 236, 253, 255, 302], "excluded_lines": [], "start_line": 1, "executed_branches": [[29, 30], [29, 34], [55, 56], [55, 72], [56, 57], [56, 64], [64, 55], [64, 65], [122, -118], [122, 123], [129, 130], [129, 134], [174, 175], [174, 179], [187, -185], [187, 188], [197, 198], [197, 199], [199, 200], [207, 208], [208, 209], [208, 213], [224, 225], [224, 230], [278, 279], [278, 281], [281, 282], [281, 284], [284, 285], [284, 287], [287, 288], [287, 294], [294, 295], [294, 299]], "missing_branches": [[199, -194], [207, -203], [233, 234], [233, 236]]}}}, "app/api/helpers/occurrence_helpers.py": {"executed_lines": [7, 10, 24, 25, 26, 27, 28, 30, 31, 34, 53, 54, 55, 56, 59, 60, 62, 63, 64, 65, 68, 85, 86, 89, 90, 91, 92, 100, 101, 102, 103, 110, 113, 115, 118, 128], "summary": {"covered_lines": 36, "num_statements": 36, "percent_covered": 100.0, "percent_covered_display": "100", "missing_lines": 0, "excluded_lines": 0, "percent_statements_covered": 100.0, "percent_statements_covered_display": "100", "num_branches": 14, "num_partial_branches": 0, "covered_branches": 14, "missing_branches": 0, "percent_branches_covered": 100.0, "percent_branches_covered_display": "100"}, "missing_lines": [], "excluded_lines": [], "executed_branches": [[26, 27], [26, 31], [27, 28], [27, 30], [53, 54], [53, 56], [54, 53], [54, 55], [89, 90], [89, 100], [100, 101], [100, 110], [102, 100], [102, 103]], "missing_branches": [], "functions": {"classify_tasks_by_recurrence": {"executed_lines": [24, 25, 26, 27, 28, 30, 31], "summary": {"covered_lines": 7, "num_statements": 7, "percent_covered": 100.0, "percent_covered_display": "100", "missing_lines": 0, "excluded_lines": 0, "percent_statements_covered": 100.0, "percent_statements_covered_display": "100", "num_branches": 4, "num_partial_branches": 0, "covered_branches": 4, "missing_branches": 0, "percent_branches_covered": 100.0, "percent_branches_covered_display": "100"}, "missing_lines": [], "excluded_lines": [], "start_line": 10, "executed_branches": [[26, 27], [26, 31], [27, 28], [27, 30]], "missing_branches": []}, "find_position_in_occurrences": {"executed_lines": [53, 54, 55, 56], "summary": {"covered_lines": 4, "num_statements": 4, "percent_covered": 100.0, "percent_covered_display": "100", "missing_lines": 0, "excluded_lines": 0, "percent_statements_covered": 100.0, "percent_statements_covered_display": "100", "num_branches": 4, "num_partial_branches": 0, "covered_branches": 4, "missing_branches": 0, "percent_branches_covered": 100.0, "percent_branches_covered_display": "100"}, "missing_lines": [], "excluded_lines": [], "start_line": 34, "executed_branches": [[53, 54], [53, 56], [54, 53], [54, 55]], "missing_branches": []}, "merge_overrides_and_preferences": {"executed_lines": [85, 86, 89, 90, 91, 92, 100, 101, 102, 103, 110], "summary": {"covered_lines": 11, "num_statements": 11, "percent_covered": 100.0, "percent_covered_display": "100", "missing_lines": 0, "excluded_lines": 0, "percent_statements_covered": 100.0, "percent_statements_covered_display": "100", "num_branches": 6, "num_partial_branches": 0, "covered_branches": 6, "missing_branches": 0, "percent_branches_covered": 100.0, "percent_branches_covered_display": "100"}, "missing_lines": [], "excluded_lines": [], "start_line
[...]
, 30, 44, 45, 46, 49, 50, 53, 54, 55, 56, 59, 77, 78, 80, 81, 82, 84, 85, 88, 92, 93, 95, 96, 97, 100, 125, 127, 130, 131, 133, 134, 137, 138, 142, 143, 144, 147, 163, 164, 167, 168, 170, 179, 196, 199, 217, 220, 221, 224, 231, 232, 234, 237, 251, 252, 254, 256, 258, 264, 288, 290, 291, 293, 294, 296, 297, 299, 300, 302, 303, 304, 305, 307, 310, 320, 322, 325, 334, 335, 338, 339, 340, 343, 344, 346, 347, 350, 351, 352, 353, 354, 356], "summary": {"covered_lines": 102, "num_statements": 108, "percent_covered": 95.20547945205479, "percent_covered_display": "95", "missing_lines": 6, "excluded_lines": 0, "percent_statements_covered": 94.44444444444444, "percent_statements_covered_display": "94", "num_branches": 38, "num_partial_branches": 1, "covered_branches": 37, "missing_branches": 1, "percent_branches_covered": 97.36842105263158, "percent_branches_covered_display": "97"}, "missing_lines": [89, 259, 260, 261, 357, 358], "excluded_lines": [], "start_line": 1, "executed_branches": [[45, 46], [45, 49], [49, 50], [49, 53], [77, 78], [77, 80], [84, 85], [84, 88], [88, 92], [92, 93], [92, 95], [130, 131], [130, 133], [137, 138], [137, 142], [220, 221], [220, 224], [231, 232], [231, 234], [290, 291], [290, 293], [293, 294], [293, 296], [296, 297], [296, 299], [299, 300], [299, 302], [302, 303], [302, 304], [304, 305], [304, 307], [339, 340], [339, 343], [343, 344], [343, 350], [350, 351], [350, 356]], "missing_branches": [[88, 89]]}}}, "app/services/stt_service.py": {"executed_lines": [1, 3, 5, 8, 11, 12, 14, 15, 18, 22, 26, 27, 36, 37, 39], "summary": {"covered_lines": 15, "num_statements": 15, "percent_covered": 100.0, "percent_covered_display": "100", "missing_lines": 0, "excluded_lines": 0, "percent_statements_covered": 100.0, "percent_statements_covered_display": "100", "num_branches": 2, "num_partial_branches": 0, "covered_branches": 2, "missing_branches": 0, "percent_branches_covered": 100.0, "percent_branches_covered_display": "100"}, "missing_lines": [], "excluded_lines": [], "executed_branches": [[14, 15], [14, 18]], "missing_branches": [], "functions": {"STTService.transcribe_audio": {"executed_lines": [14, 15, 18, 22, 26, 27, 36, 37, 39], "summary": {"covered_lines": 9, "num_statements": 9, "percent_covered": 100.0, "percent_covered_display": "100", "missing_lines": 0, "excluded_lines": 0, "percent_statements_covered": 100.0, "percent_statements_covered_display": "100", "num_branches": 2, "num_partial_branches": 0, "covered_branches": 2, "missing_branches": 0, "percent_branches_covered": 100.0, "percent_branches_covered_display": "100"}, "missing_lines": [], "excluded_lines": [], "start_line": 12, "executed_branches": [[14, 15], [14, 18]], "missing_branches": []}, "": {"executed_lines": [1, 3, 5, 8, 11, 12], "summary": {"covered_lines": 6, "num_statements": 6, "percent_covered": 100.0, "percent_covered_display": "100", "missing_lines": 0, "excluded_lines": 0, "percent_statements_covered": 100.0, "percent_statements_covered_display": "100", "num_branches": 0, "num_partial_branches": 0, "covered_branches": 0, "missing_branches": 0, "percent_branches_covered": 100.0, "percent_branches_covered_display": "100"}, "missing_lines": [], "excluded_lines": [], "start_line": 1, "executed_branches": [], "missing_branches": []}}, "classes": {"STTService": {"executed_lines": [14, 15, 18, 22, 26, 27, 36, 37, 39], "summary": {"covered_lines": 9, "num_statements": 9, "percent_covered": 100.0, "percent_covered_display": "100", "missing_lines": 0, "excluded_lines": 0, "percent_statements_covered": 100.0, "percent_statements_covered_display": "100", "num_branches": 2, "num_partial_branches": 0, "covered_branches": 2, "missing_branches": 0, "percent_branches_covered": 100.0, "percent_branches_covered_display": "100"}, "missing_lines": [], "excluded_lines": [], "start_line": 8, "executed_branches": [[14, 15], [14, 18]], "missing_branches": []}, "": {"executed_lines": [1, 3, 5, 8, 11, 12], "summary": {"covered_lines": 6, "num_statements": 6, "percent_covered": 100.0, "percent_covered_display": "100", "missing_lines": 0, "excluded_lines": 0, "percent_statements_covered": 100.0, "percent_statements_covered_display": "100", "num_branches": 0, "num_partial_branches": 0, "covered_branches": 0, "missing_branches": 0, "percent_branches_covered": 100.0, "percent_branches_covered_display": "100"}, "missing_lines": [], "excluded_lines": [], "start_line": 1, "executed_branches": [], "missing_branches": []}}}, "app/services/token_service.py": {"executed_lines": [6, 7, 9, 10, 12, 13, 19, 20, 21, 24, 27, 28, 35, 36, 39, 46, 48, 53, 54, 57, 63, 66, 67, 68, 69, 70, 72, 73, 76, 77, 81, 84, 87, 90, 97, 99, 101, 106, 107, 110, 115, 118, 119, 120, 121, 122, 124], "summary": {"covered_lines": 47, "num_statements": 48, "percent_covered": 93.33333333333333, "percent_covered_display": "93", "missing_lines": 1, "excluded_lines": 0, "percent_statements_covered": 97.91666666666667, "percent_statements_covered_display": "98", "num_branches": 12, "num_partial_branches": 3, "covered_branches": 9, "missing_branches": 3, "percent_branches_covered": 75.0, "percent_branches_covered_display": "75"}, "missing_lines": [78], "excluded_lines": [], "executed_branches": [[67, 68], [67, 72], [68, 69], [72, 73], [72, 76], [77, 81], [118, 119], [118, 124], [119, 120]], "missing_branches": [[68, 67], [77, 78], [119, 118]], "functions": {"TokenService.create_tokens_for_user": {"executed_lines": [35, 36, 39, 46, 48], "summary": {"covered_lines": 5, "num_statements": 5, "percent_covered": 100.0, "percent_covered_display": "100", "missing_lines": 0, "excluded_lines": 0, "percent_statements_covered": 100.0, "percent_statements_covered_display": "100", "num_branches": 0, "num_partial_branches": 0, "covered_branches": 0, "missing_branches": 0, "percent_branches_covered": 100.0, "percent_branches_covered_display": "100"}, "missing_lines": [], "excluded_lines": [], "start_line": 28, "executed_branches": [], "missing_branches": []}, "TokenService.refresh_access_token": {"executed_lines": [57, 63, 66, 67, 68, 69, 70, 72, 73, 76, 77, 81, 84, 87, 90, 97, 99, 101], "summary": {"covered_lines": 18, "num_statements": 19, "percent_covered": 88.88888888888889, "percent_covered_display": "89", "missing_lines": 1, "excluded_lines": 0, "percent_statements_covered": 94.73684210526316, "percent_statements_covered_display": "95", "num_branches": 8, "num_partial_branches": 2, "covered_branches": 6, "missing_branches": 2, "percent_branches_covered": 75.0, "percent_branches_covered_display": "75"}, "missing_lines": [78], "excluded_lines": [], "start_line": 54, "executed_branches": [[67, 68], [67, 72], [68, 69], [72, 73], [72, 76], [77, 81]], "missing_branches": [[68, 67], [77, 78]]}, "TokenService.logout": {"executed_lines": [110, 115, 118, 119, 120, 121, 122, 124], "summary": {"covered_lines": 8, "num_statements": 8, "percent_covered": 91.66666666666667, "percent_covered_display": "92", "missing_lines": 0, "excluded_lines": 0, "percent_statements_covered": 100.0, "percent_statements_covered_display": "100", "num_branches": 4, "num_partial_branches": 1, "covered_branches": 3, "missing_branches": 1, "percent_branches_covered": 75.0, "percent_branches_covered_display": "75"}, "missing_lines": [], "excluded_lines": [], "start_line": 107, "executed_branches": [[118, 119], [118, 124], [119, 120]], "missing_branches": [[119, 118]]}, "": {"executed_lines": [6, 7, 9, 10, 12, 13, 19, 20, 21, 24, 27, 28, 53, 54, 106, 107], "summary": {"covered_lines": 16, "num_statements": 16, "percent_covered": 100.0, "percent_covered_display": "100", "missing_lines": 0, "excluded_lines": 0, "percent_statements_covered": 100.0, "percent_statements_covered_display": "100", "num_branches": 0, "num_partial_branches": 0, "covered_branches": 0, "missing_branches": 0, "percent_branches_covered": 100.0, "percent_branches_covered_display": "100"}, "missing_lines": [], "excluded_lines": [], "start_line": 1, "executed_branches": [], "missing_branches": []}}, "classes": {"TokenService": {"executed_lines": [35, 36, 39, 46, 48, 57, 63, 66, 67, 68, 69, 70, 72, 73, 76, 77, 81, 84, 87, 90, 97, 99, 101, 110, 115, 118, 119, 120, 121, 122, 124], "summary": {"covered_lines": 31, "num_statements": 32, "percent_covered": 90.9090909090909, "percent_covered_display": "91", "missing_lines": 1, "excluded_lines": 0, "percent_statements_covered": 96.875, "percent_statements_covered_display": "97", "num_branches": 12, "num_partial_branches": 3, "covered_branches": 9, "missing_branches": 3, "percent_branches_covered": 75.0, "percent_branches_covered_display": "75"}, "missing_lines": [78], "excluded_lines": [], "start_line": 24, "executed_branches": [[67, 68], [67, 72], [68, 69], [72, 73], [72, 76], [77, 81], [118, 119], [118, 124], [119, 120]], "missing_branches": [[68, 67], [77, 78], [119, 118]]}, "": {"executed_lines": [6, 7, 9, 10, 12, 13, 19, 20, 21, 24, 27, 28, 53, 54, 106, 107], "summary": {"covered_lines": 16, "num_statements": 16, "percent_covered": 100.0, "percent_covered_display": "100", "missing_lines": 0, "excluded_lines": 0, "percent_statements_covered": 100.0, "percent_statements_covered_display": "100", "num_branches": 0, "num_partial_branches": 0, "covered_branches": 0, "missing_branches": 0, "percent_branches_covered": 100.0, "percent_branches_covered_display": "100"}, "missing_lines": [], "excluded_lines": [], "start_line": 1, "executed_branches": [], "missing_branches": []}}}, "app/services/value_service.py": {"executed_lines": [2, 3, 5, 6, 8, 11, 29, 33, 36, 37, 38, 39, 40, 41, 43, 44, 47, 49, 51, 52, 53, 56, 57, 58, 60, 63, 75, 76, 78, 80, 82, 83, 86, 89, 108, 109, 111, 112, 115, 117, 118, 119, 122, 123, 125, 127, 128, 129, 130, 133, 134, 135, 137], "summary": {"covered_lines": 53, "num_statements": 53, "percent_covered": 97.59036144578313, "percent_covered_display": "98", "missing_lines": 0, "excluded_lines": 0, "percent_statements_covered": 100.0, "percent_statements_covered_display": "100", "num_branches": 30, "num_partial_branches": 2, "covered_branches": 28, "missing_branches": 2, "percent_branches_covered": 93.33333333333333, "percent_branches_covered_display": "93"}, "missing_lines": [], "excluded_lines": [], "executed_branches": [[37, 38], [37, 43], [38, 39], [40, 41], [43, 44], [43, 47], [49, 51], [49, 56], [52, 53], [52, 60], [56, 57], [56, 60], [75, 76], [75, 78], [80, 82], [80, 86], [108, 109], [108, 111], [117, 118], [117, 122], [125, 127], [125, 133], [127, 128], [127, 137], [129, 130], [129, 137], [133, 134], [133, 137]], "missing_branches": [[38, 37], [40, 37]], "functions": {"normalize_value_weights": {"executed_lines": [29, 33, 36, 37, 38, 39, 40, 41, 43, 44, 47, 49, 51, 52, 53, 56, 57, 58, 60], "summary": {"covered_lines": 19, "num_statements": 19, "percent_covered": 93.93939393939394, "percent_covered_display": "94", "missing_lines": 0, "excluded_lines": 0, "percent_statements_covered": 100.0, "percent_statements_covered_display": "100", "num_branches": 14, "num_partial_branches": 2, "covered_branches": 12, "missing_branches": 2, "percent_branches_covered": 85.71428571428571, "percent_branches_covered_display": "86"}, "missing_lines": [], "excluded_lines": [], "start_line": 11, "executed_branches": [[37, 38], [37, 43], [38, 39], [40, 41], [43, 44], [43, 47], [49, 51], [49, 56], [52, 53], [52, 60], [56, 57], [56, 60]], "missing_branches": [[38, 37], [40, 37]]}, "calculate_normalized_weights": {"executed_lines": [75, 76, 78, 80, 82, 83, 86], "summary": {"covered_lines": 7, "num_statements": 7, "percent_covered": 100.0, "percent_covered_display": "100", "missing_lines": 0, "excluded_lines": 0, "percent_statements_covered": 100.0, "percent_statements_covered_display": "100", "num_branches": 4, "num_partial_branches": 0, "covered_branches": 4, "missing_branches": 0, "percent_branches_covered": 100.0, "percent_branches_covered_display": "100"}, "missing_lines": [], "excluded_lines": [], "start_line": 63, "executed_branches": [[75, 76], [75, 78], [80, 82], [80, 86]], "missing_branches": []}, "redistribute_weight": {"executed_lines": [108, 109, 111, 112, 115, 117, 118, 119, 122, 123, 125, 127, 128, 129, 130, 133, 134, 135, 137], "summary": {"covered_lines": 19, "num_statements": 19, "percent_covered": 100.0, "percent_covered_display": "100", "missing_lines": 0, "excluded_lines": 0, "percent_statements_covered": 100.0, "percent_statements_covered_display": "100", "num_branches": 12, "num_partial_branches": 0, "covered_branches": 12, "missing_branches": 0, "percent_branches_covered": 100.0, "percent_branches_covered_display": "100"}, "missing_lines": [], "excluded_lines": [], "start_line": 89, "executed_branches": [[108, 109], [108, 111], [117, 118], [117, 122], [125, 127], [125, 133], [127, 128], [127, 137], [129, 130], [129, 137], [133, 134], [133, 137]], "missing_branches": []}, "": {"executed_lines": [2, 3, 5, 6, 8, 11, 63, 89], "summary": {"covered_lines": 8, "num_statements": 8, "percent_covered": 100.0, "percent_covered_display": "100", "missing_lines": 0, "excluded_lines": 0, "percent_statements_covered": 100.0, "percent_statements_covered_display": "100", "num_branches": 0, "num_partial_branches": 0, "covered_branches": 0, "missing_branches": 0, "percent_branches_covered": 100.0, "percent_branches_covered_display": "100"}, "missing_lines": [], "excluded_lines": [], "start_line": 1, "executed_branches": [], "missing_branches": []}}, "classes": {"": {"executed_lines": [2, 3, 5, 6, 8, 11, 29, 33, 36, 37, 38, 39, 40, 41, 43, 44, 47, 49, 51, 52, 53, 56, 57, 58, 60, 63, 75, 76, 78, 80, 82, 83, 86, 89, 108, 109, 111, 112, 115, 117, 118, 119, 122, 123, 125, 127, 128, 129, 130, 133, 134, 135, 137], "summary": {"covered_lines": 53, "num_statements": 53, "percent_covered": 97.59036144578313, "percent_covered_display": "98", "missing_lines": 0, "excluded_lines": 0, "percent_statements_covered": 100.0, "percent_statements_covered_display": "100", "num_branches": 30, "num_partial_branches": 2, "covered_branches": 28, "missing_branches": 2, "percent_branches_covered": 93.33333333333333, "percent_branches_covered_display": "93"}, "missing_lines": [], "excluded_lines": [], "start_line": 1, "executed_branches": [[37, 38], [37, 43], [38, 39], [40, 41], [43, 44], [43, 47], [49, 51], [49, 56], [52, 53], [52, 60], [56, 57], [56, 60], [75, 76], [75, 78], [80, 82], [80, 86], [108, 109], [108, 111], [117, 118], [117, 122], [125, 127], [125, 133], [127, 128], [127, 137], [129, 130], [129, 137], [133, 134], [133, 137]], "missing_branches": [[38, 37], [40, 37]]}}}, "app/services/value_similarity.py": {"executed_lines": [1, 2, 3, 4, 5, 6, 8, 9, 10, 12, 13, 14, 17, 21, 22, 24, 32, 40, 47, 48, 49, 50, 51, 53, 54, 55, 56, 58, 61, 68, 75, 79, 81, 84, 85, 87, 88, 89, 90, 91, 93, 94, 97, 99, 109, 113, 120, 121, 136, 137, 145, 149, 150, 151, 152, 153, 155, 156, 157, 163, 165, 166, 168], "summary": {"covered_lines": 63, "num_statements": 80, "percent_covered": 71.9298245614035, "percent_covered_display": "72", "missing_lines": 17, "excluded_lines": 0, "percent_statements_covered": 78.75, "percent_statements_covered_display": "79", "num_branches": 34, "num_partial_branches": 7, "covered_branches": 19, "missing_branches": 15, "percent_branches_covered": 55.88235294117647, "percent_branches_covered_display": "56"}, "missing_lines": [73, 82, 95, 106, 108, 123, 124, 128, 129, 139, 140, 141, 143, 144, 146, 147, 154], "excluded_lines": [], "executed_branches": [[21, 22], [21, 24], [55, 56], [55, 58], [81, 84], [87, 88], [87, 136], [88, 89], [88, 90], [90, 91], [90, 93], [94, 97], [136, 137], [149, 150], [149, 168], [152, 153], [153, 155], [156, 157], [165, 166]], "missing_branches": [[81, 82], [94, 95], [108, 109], [108, 123], [128, 87], [128, 129], [136, 139], [140, 141], [140, 143], [143, 144], [143, 168], [152, 165], [153, 154], [156, 152], [165, 168]], "functions": {"llm_overlap_check": {"executed_lines": [21, 22, 24, 32, 40, 47, 48, 49, 50, 51, 53, 54, 55, 56, 58], "summary": {"covered_lines": 15, "num_statements": 15, "percent_covered": 100.0, "percent_covered_display": "100", "missing_lines": 0, "excluded_lines": 0, "percent_statements_covered": 100.0, "percent_statements_covered_display": "100", "num_branches": 4, "num_partial_branches": 0, "covered_branches": 4, "missing_branches": 0, "percent_branches_covered": 100.0, "percent_branches_covered_display": "100"}, "missing_lines": [], "excluded_lines": [], "start_line": 17, "executed_branches": [[21, 22], [21, 24], [55, 56], [55, 58]], "missing_branches": []}, "compute_value_similarity": {"executed_lines": [68, 75, 79, 81, 84, 85, 87, 88, 89, 90, 91, 93, 94, 97, 99, 109, 113, 120, 121, 136, 137, 145, 149, 150, 151, 152, 153, 155, 156, 157, 163, 165, 166, 168], "summary": {"covered_lines": 34, "num_statements": 51, "percent_covered": 60.49382716049383, "percent_covered_display": "60", "missing_lines": 17, "excluded_lines": 0, "percent_statements_covered": 66.66666666666667, "percent_statements_covered_display": "67", "num_branches": 30, "num_partial_branches": 7, "covered_branches": 15, "missing_branches": 15, "percent_branches_covered": 50.0, "percent_branches_covered_display": "50"}, "missing_lines": [73, 82, 95, 106, 108, 123, 124, 128, 129, 139, 140, 141, 143, 144, 146, 147, 154], "excluded_lines": [], "start_line": 61, "executed_branches": [[81, 84], [87, 88], [87, 136], [88, 89], [88, 90], [90, 91], [90, 93], [94, 97], [136, 137], [149, 150], [149, 168], [152, 153], [153, 155], [156, 157], [165, 166]], "missing_branches": [[81, 82], [94, 95], [108, 109], [108, 123], [128, 87], [128, 129], [136, 139], [140, 141], [140, 143], [143, 144], [143, 168], [152, 165], [153, 154], [156, 152], [165, 168]]}, "": {"executed_lines": [1, 2, 3, 4, 5, 6, 8, 9, 10, 12, 13, 14, 17, 61], "summary": {"covered_lines": 14, "num_statements": 14, "percent_covered": 100.0, "percent_covered_display": "100", "missing_lines": 0, "excluded_lines": 0, "percent_statements_covered": 100.0, "percent_statements_covered_display": "100", "num_branches": 0, "num_partial_branches": 0, "covered_branches": 0, "missing_branches": 0, "percent_branches_covered": 100.0, "percent_branches_covered_display": "100"}, "missing_lines": [], "excluded_lines": [], "start_line": 1, "executed_branches": [], "missing_branches": []}}, "classes": {"": {"executed_lines": [1, 2, 3, 4, 5, 6, 8, 9, 10, 12, 13, 14, 17, 21, 22, 24, 32, 40, 47, 48, 49, 50, 51, 53, 54, 55, 56, 58, 61, 68, 75, 79, 81, 84, 85, 87, 88, 89, 90, 91, 93, 94, 97, 99, 109, 113, 120, 121, 136, 137, 145, 149, 150, 151, 152, 153, 155, 156, 157, 163, 165, 166, 168], "summary": {"covered_lines": 63, "num_statements": 80, "percent_covered": 71.9298245614035, "percent_covered_display": "72", "missing_lines": 17, "excluded_lines": 0, "percent_statements_covered": 78.75, "percent_statements_covered_display": "79", "num_branches": 34, "num_partial_branches": 7, "covered_branches": 19, "missing_branches": 15, "percent_branches_covered": 55.88235294117647, "percent_branches_covered_display": "56"}, "missing_lines": [73, 82, 95, 106, 108, 123, 124, 128, 129, 139, 140, 141, 143, 144, 146, 147, 154], "excluded_lines": [], "start_line": 1, "executed_branches": [[21, 22], [21, 24], [55, 56], [55, 58], [81, 84], [87, 88], [87, 136], [88, 89], [88, 90], [90, 91], [90, 93], [94, 97], [136, 137], [149, 150], [149, 168], [152, 153], [153, 155], [156, 157], [165, 166]], "missing_branches": [[81, 82], [94, 95], [108, 109], [108, 123], [128, 87], [128, 129], [136, 139], [140, 141], [140, 143], [143, 144], [143, 168], [152, 165], [153, 154], [156, 152], [165, 168]]}}}}, "totals": {"covered_lines": 3655, "num_statements": 4467, "percent_covered": 77.50140265569478, "percent_covered_display": "78", "missing_lines": 812, "excluded_lines": 66, "percent_statements_covered": 81.82225207074099, "percent_statements_covered_display": "82", "num_branches": 880, "num_partial_branches": 63, "covered_branches": 489, "missing_branches": 391, "percent_branches_covered": 55.56818181818182, "percent_branches_covered_display": "56"}}